2047 67.97909736633301
2047 19.01078224182129
2047 19.006013870239258
2047 19.02604103088379
2047 16.994714736938477
2047 18.000125885009766
2047 17.004966735839844
2047 19.016027450561523
2047 16.991138458251953
2047 18.037796020507812
2047 17.068862915039062
2047 17.160892486572266
2047 18.299341201782227
2047 26.99875831604004
2047 17.000198364257812
2047 24.056196212768555
2047 17.989158630371094
2047 15.999078750610352
2047 20.621776580810547
2047 17.940044403076172
2047 17.999649047851562
2047 16.001462936401367
2047 17.037630081176758
2047 17.99774169921875
2047 19.01102066040039
2047 18.01013946533203
2047 16.98589324951172
2047 18.001079559326172
2047 19.00029182434082
2047 21.04973793029785
2047 15.0604248046875
2047 17.165660858154297
2047 18.059730529785156
2047 16.61992073059082
2047 18.999576568603516
2047 17.998695373535156
2047 27.024507522583008
2047 28.23805809020996
2047 32.666683197021484
2047 48.53200912475586
2047 39.99447822570801
2047 48.00057411193848
2047 25.01678466796875
2047 21.00086212158203
2047 34.98411178588867
2047 24.040699005126953
2047 18.958568572998047
2047 31.018972396850586
2047 24.979591369628906
2047 29.00552749633789
2047 26.041746139526367
2047 21.970748901367188
2047 16.019344329833984
2047 16.99972152709961
2047 18.00084114074707
2047 16.01409912109375
2047 16.951322555541992
2047 25.03514289855957
2047 19.00315284729004
2047 17.956256866455078
2047 16.99972152709961
2047 17.000436782836914
2047 16.999483108520508
2047 17.000198364257812
2047 24.00040626525879
2047 28.00130844116211
2047 17.99774169921875
2047 19.00005340576172
2047 17.020225524902344
2047 17.976760864257812
2047 19.020795822143555
2047 20.9810733795166
2047 17.998456954956055
2047 17.999649047851562
2047 16.99995994567871
2047 15.999794006347656
2047 18.000125885009766
2047 18.999814987182617
2047 17.000198364257812
2047 19.001007080078125
2047 18.01919937133789
2047 17.97962188720703
2047 18.51344108581543
2047 17.999649047851562
2047 20.000696182250977
2047 26.003599166870117
2047 19.995927810668945
2047 16.99995994567871
2047 26.00836753845215
2047 65.99664688110352
2047 96.00257873535156
2047 74.99861717224121
2047 47.99795150756836
2047 44.00801658630371
2047 30.989646911621094
2047 30.00020980834961
2047 31.005144119262695
2047 25.99358558654785
2047 29.013395309448242
2047 30.986547470092773
2047 25.002717971801758
2047 43.99728775024414
2047 27.00042724609375
2047 33.99944305419922
2047 26.999950408935547
2047 30.02333641052246
2047 31.00109100341797
2047 32.045602798461914
2047 32.58109092712402
2047 42.03939437866211
2047 38.98000717163086
2047 46.9965934753418
2047 38.98358345031738
2047 32.01866149902344
2047 39.98446464538574
2047 43.99442672729492
2047 45.02105712890625
2047 35.02058982849121
2047 22.997379302978516
2047 21.002769470214844
2047 22.97806739807129
2047 17.031192779541016
2047 24.991750717163086
2047 24.018049240112305
2047 19.938945770263672
2047 20.06816864013672
2047 19.984960556030273
2047 22.994518280029297
2047 19.954919815063477
2047 28.043508529663086
2047 17.02117919921875
2047 16.988754272460938
2047 20.061254501342773
2047 19.942760467529297
2047 29.0372371673584
2047 19.95992660522461
2047 22.065401077270508
2047 19.93417739868164
2047 22.00007438659668
2047 19.99974250793457
2047 20.000219345092773
2047 21.001100540161133
2047 16.99972152709961
2047 16.999006271362305
2047 21.000385284423828
2047 20.999670028686523
2047 17.999887466430664
2047 16.000032424926758
2047 20.00141143798828
2047 19.999027252197266
2047 21.999597549438477
2047 22.004365921020508
2047 18.996000289916992
2047 17.999887466430664
2047 17.999887466430664
2047 17.999887466430664
2047 27.00018882751465
2047 22.000551223754883
2047 20.000219345092773
2047 18.999338150024414
2047 18.0208683013916
2047 17.979145050048828
2047 19.02031898498535
2047 28.983592987060547
2047 27.997493743896484
2047 23.001909255981445
2047 21.001338958740234
2047 18.999338150024414
2047 19.000530242919922
2047 17.000198364257812
2047 15.999794006347656
2047 26.980161666870117
2047 18.01753044128418
2047 22.93992042541504
2047 23.056507110595703
2047 18.018007278442383
2047 17.004966735839844
2047 18.0056095123291
2047 17.953872680664062
2047 16.996145248413086
2047 15.999317169189453
2047 17.000913619995117
2047 21.0418701171875
2047 18.961429595947266
2047 18.00084114074707
2047 19.00005340576172
2047 18.999814987182617
2047 17.999887466430664
2047 18.038034439086914
2047 27.957439422607422
2047 20.03931999206543
2047 18.999576568603516
2047 25.01845359802246
2047 29.945850372314453
2047 27.041912078857422
2047 34.99722480773926
2047 24.959564208984375
2047 25.998830795288086
2047 19.99974250793457
2047 20.999908447265625
2047 22.043943405151367
2047 19.959449768066406
2047 27.996540069580078
2047 19.001007080078125
2047 21.99864387512207
2047 20.04408836364746
2047 18.017053604125977
2047 16.982078552246094
2047 29.552221298217773
2047 18.999576568603516
2047 18.04065704345703
2047 16.998291015625
2047 24.962425231933594
2047 19.0432071685791
2047 16.99519157409668
2047 17.002344131469727
2047 17.998933792114258
2047 19.001007080078125
2047 22.05491065979004
2047 17.087459564208984
2047 17.328977584838867
2047 17.011404037475586
2047 18.64337921142578
2047 17.62676239013672
2047 20.209550857543945
2047 18.682003021240234
2047 17.548084259033203
2047 20.04718780517578
2047 15.99740982055664
2047 28.975486755371094
2047 16.02768898010254
2047 18.27263832092285
2047 21.390438079833984
2047 17.9898738861084
2047 17.609119415283203
2047 16.604900360107422
2047 18.402576446533203
2047 18.009662628173828
2047 17.995595932006836
2047 20.99776268005371
2047 19.063711166381836
2047 18.056392669677734
2047 17.34304428100586
2047 17.34328269958496
2047 18.01133155822754
2047 16.060590744018555
2047 18.68891716003418
2047 15.586376190185547
2047 17.998933792114258
2047 18.964767456054688
2047 29.020071029663086
2047 18.01753044128418
2047 18.018245697021484
2047 16.524314880371094
2047 16.596078872680664
2047 17.035245895385742
2047 16.96491241455078
2047 17.017364501953125
2047 18.964290618896484
2047 20.111083984375
2047 19.344806671142578
2047 18.162012100219727
2047 16.620635986328125
2047 19.022703170776367
2047 20.020008087158203
2047 18.961668014526367
2047 20.038843154907227
2047 20.99776268005371
2047 18.16272735595703
2047 16.361713409423828
2047 20.00737190246582
2047 15.64335823059082
2047 17.18592643737793
2047 18.597841262817383
2047 19.226551055908203
2047 19.20461654663086
2047 18.638134002685547
2047 19.989490509033203
2047 24.02019500732422
2047 24.115562438964844
2047 18.296241760253906
2047 20.877838134765625
2047 18.999576568603516
2047 20.0042724609375
2047 17.995834350585938
2047 18.000364303588867
2047 16.999483108520508
2047 20.00117301940918
2047 16.999244689941406
2047 19.010066986083984
2047 27.99081802368164
2047 18.99862289428711
2047 21.00062370300293
2047 19.510746002197266
2047 17.999887466430664
2047 21.00062370300293
2047 18.999576568603516
2047 19.00029182434082
2047 17.999649047851562
2047 16.000032424926758
2047 18.999814987182617
2047 18.001079559326172
2047 16.000032424926758
2047 22.99952507019043
2047 18.021821975708008
2047 17.97771453857422
2047 19.020795822143555
2047 16.979217529296875
2047 19.000768661499023
2047 20.99895477294922
2047 46.006202697753906
2047 58.00151824951172
2047 110.00204086303711
2047 87.99576759338379
2047 81.00271224975586
2047 48.99454116821289
2047 29.998779296875
2047 25.00009536743164
2047 38.01870346069336
2047 20.980358123779297
2047 24.000167846679688
2047 23.999929428100586
2047 23.000240325927734
2047 18.999338150024414
2047 37.001609802246094
2047 24.998903274536133
2047 23.00238609313965
2047 21.99721336364746
2047 22.00150489807129
2047 25.999069213867188
2047 24.000167846679688
2047 23.00238609313965
2047 30.000925064086914
2047 31.9976806640625
2047 22.998332977294922
2047 23.000240325927734
2047 23.000001907348633
2047 23.000478744506836
2047 20.999431610107422
2047 20.999431610107422
2047 21.00062370300293
2047 19.998788833618164
2047 21.00062370300293
2047 19.02031898498535
2047 24.979829788208008
2047 23.999929428100586
2047 21.000146865844727
2047 20.999908447265625
2047 22.002458572387695
2047 19.997835159301758
2047 19.999980926513672
2047 24.517297744750977
2047 30.018091201782227
2047 24.982929229736328
2047 27.99844741821289
2047 37.000417709350586
2047 30.00164031982422
2047 24.99985694885254
2047 31.9974422454834
2047 24.02043342590332
2047 16.978740692138672
2047 19.999980926513672
2047 20.001888275146484
2047 19.997835159301758
2047 17.000198364257812
2047 19.000530242919922
2047 19.99950408935547
2047 18.999814987182617
2047 19.00005340576172
2047 17.999649047851562
2047 21.000146865844727
2047 18.000125885009766
2047 26.001691818237305
2047 19.99831199645996
2047 18.002033233642578
2047 17.998456954956055
2047 20.999908447265625
2047 18.999814987182617
2047 21.00062370300293
2047 28.99956703186035
2047 20.020723342895508
2047 20.97916603088379
2047 17.999887466430664
2047 17.999887466430664
2047 29.017210006713867
2047 24.983644485473633
2047 22.99976348876953
2047 19.99950408935547
2047 19.021034240722656
2047 21.979808807373047
2047 29.999256134033203
2047 19.022226333618164
2047 21.001338958740234
2047 22.016525268554688
2047 17.005205154418945
2047 15.957355499267578
2047 22.877216339111328
2047 24.992704391479492
2047 19.005298614501953
2047 21.999359130859375
2047 20.045995712280273
2047 17.990827560424805
2047 17.001628875732422
2047 23.961782455444336
2047 20.9963321685791
2047 18.004655838012695
2047 20.998239517211914
2047 21.996498107910156
2047 17.058849334716797
2047 17.980575561523438
2047 25.985240936279297
2047 20.022153854370117
2047 18.01276206970215
2047 16.98923110961914
2047 20.00117301940918
2047 15.991687774658203
2047 16.998767852783203
2047 18.000125885009766
2047 18.006086349487305
2047 16.957521438598633
2047 16.041994094848633
2047 15.995979309082031
2047 17.962932586669922
2047 16.996145248413086
2047 19.194364547729492
2047 17.924070358276367
2047 21.01731300354004
2047 42.99139976501465
2047 32.009124755859375
2047 28.990983963012695
2047 29.532909393310547
2047 36.04245185852051
2047 19.956588745117188
2047 19.002437591552734
2047 17.99798011779785
2047 18.999338150024414
2047 15.999794006347656
2047 19.0582275390625
2047 21.951675415039062
2047 26.038646697998047
2047 19.99044418334961
2047 19.025087356567383
2047 18.98050308227539
2047 18.001079559326172
2047 19.06895637512207
2047 18.606901168823242
2047 20.016193389892578
2047 18.534421920776367
2047 24.004697799682617
2047 23.999452590942383
2047 19.999980926513672
2047 19.00029182434082
2047 21.999835968017578
2047 29.547929763793945
2047 21.082162857055664
2047 20.053863525390625
2047 18.0509090423584
2047 16.521215438842773
2047 22.524356842041016
2047 28.00154685974121
2047 18.997907638549805
2047 16.99995994567871
2047 17.100811004638672
2047 17.9440975189209
2047 17.678022384643555
2047 16.045093536376953
2047 18.085241317749023
2047 19.693851470947266
2047 20.572423934936523
2047 18.56708526611328
2047 17.05789566040039
2047 17.986774444580078
2047 18.994569778442383
2047 17.081737518310547
2047 17.039060592651367
2047 19.645214080810547
2047 17.02880859375
2047 18.004179000854492
2047 23.039817810058594
2047 17.03929901123047
2047 17.05169677734375
2047 17.524003982543945
2047 18.52703094482422
2047 18.9971923828125
2047 15.000581741333008
2047 18.015623092651367
2047 17.000675201416016
2047 19.078969955444336
2047 22.998809814453125
2047 27.002334594726562
2047 17.998933792114258
2047 27.0235538482666
2047 18.996000289916992
2047 20.999670028686523
2047 21.01731300354004
2047 15.960931777954102
2047 16.999006271362305
2047 18.000125885009766
2047 17.23337173461914
2047 19.568204879760742
2047 17.73357391357422
2047 16.330480575561523
2047 21.351337432861328
2047 20.246267318725586
2047 21.122455596923828
2047 18.999576568603516
2047 20.999908447265625
2047 18.999814987182617
2047 19.000768661499023
2047 18.999814987182617
2047 19.99974250793457
2047 18.005847930908203
2047 15.993833541870117
2047 17.000198364257812
2047 18.999814987182617
2047 18.001317977905273
2047 17.50946044921875
2047 17.999887466430664
2047 19.00005340576172
2047 27.003765106201172
2047 22.998571395874023
2047 20.0192928314209
2047 21.97861671447754
2047 18.999814987182617
2047 18.999814987182617
2047 29.000520706176758
2047 20.021438598632812
2047 15.978574752807617
2047 20.000457763671875
2047 27.021408081054688
2047 18.978118896484375
2047 16.99972152709961
2047 20.003318786621094
2047 41.00751876831055
2047 75.99306106567383
2047 93.0027961730957
2047 36.00502014160156
2047 42.99020767211914
2047 37.00065612792969
2047 36.99827194213867
2047 44.00205612182617
2047 26.018857955932617
2047 21.99840545654297
2047 21.022796630859375
2047 32.96065330505371
2047 30.06744384765625
2047 29.98828887939453
2047 35.942792892456055
2047 34.053802490234375
2047 38.98334503173828
2047 33.96153450012207
2047 38.0403995513916
2047 45.029640197753906
2047 47.94645309448242
2047 45.615196228027344
2047 92.00358390808105
2047 44.00277137756348
2047 33.00333023071289
2047 40.995121002197266
2047 51.00107192993164
2047 34.05427932739258
2047 25.946617126464844
2047 21.036148071289062
2047 19.99950408935547
2047 23.966312408447266
2047 34.038543701171875
2047 18.02515983581543
2047 18.985748291015625
2047 19.989728927612305
2047 22.005081176757812
2047 17.014026641845703
2047 18.97716522216797
2047 17.01045036315918
2047 17.071962356567383
2047 19.00625228881836
2047 22.00031280517578
2047 16.98613166809082
2047 21.00682258605957
2047 17.004013061523438
2047 17.94886589050293
2047 16.035795211791992
2047 20.00594139099121
2047 19.030094146728516
2047 18.962621688842773
2047 23.003101348876953
2047 18.012046813964844
2047 20.981550216674805
2047 19.022703170776367
2047 18.997669219970703
2047 16.995668411254883
2047 16.99972152709961
2047 18.00084114074707
2047 18.982410430908203
2047 17.011404037475586
2047 15.988826751708984
2047 16.01123809814453
2047 17.98844337463379
2047 20.01214027404785
2047 22.938966751098633
2047 22.04418182373047
2047 18.56398582458496
2047 22.998809814453125
2047 19.996166229248047
2047 17.02117919921875
2047 18.9969539642334
2047 19.00172233581543
2047 18.972396850585938
2047 19.0277099609375
2047 24.006366729736328
2047 33.983469009399414
2047 20.000934600830078
2047 18.009662628173828
2047 18.975257873535156
2047 20.01214027404785
2047 15.952825546264648
2047 18.738746643066406
2047 31.049013137817383
2047 25.99024772644043
2047 17.016887664794922
2047 17.006397247314453
2047 15.98501205444336
2047 19.036293029785156
2047 16.623735427856445
2047 19.659042358398438
2047 21.991252899169922
2047 20.062685012817383
2047 18.695592880249023
2047 18.993854522705078
2047 18.990516662597656
2047 18.004417419433594
2047 17.075538635253906
2047 17.199993133544922
2047 15.979766845703125
2047 19.71745491027832
2047 15.049219131469727
2047 17.070293426513672
2047 18.14103126525879
2047 17.10987091064453
2047 18.120527267456055
2047 17.110347747802734
2047 18.054485321044922
2047 18.121004104614258
2047 22.101163864135742
2047 17.64965057373047
2047 20.607709884643555
2047 16.109228134155273
2047 15.986919403076172
2047 18.152475357055664
2047 22.543907165527344
2047 16.9675350189209
2047 17.00735092163086
2047 24.021625518798828
2047 32.94539451599121
2047 18.963336944580078
2047 30.776262283325195
2047 28.42569351196289
2047 30.37571907043457
2047 36.17978096008301
2047 36.0410213470459
2047 17.002344131469727
2047 18.995285034179688
2047 20.01500129699707
2047 18.033266067504883
2047 20.05910873413086
2047 17.006874084472656
2047 17.010927200317383
2047 18.00060272216797
2047 18.085241317749023
2047 19.05202865600586
2047 24.024248123168945
2047 16.991853713989258
2047 16.99972152709961
2047 16.980648040771484
2047 16.010761260986328
2047 19.99950408935547
2047 19.0277099609375
2047 21.98338508605957
2047 17.98701286315918
2047 18.013954162597656
2047 18.98789405822754
2047 21.01612091064453
2047 16.99995994567871
2047 16.000747680664062
2047 16.025781631469727
2047 16.000032424926758
2047 17.024517059326172
2047 16.808271408081055
2047 17.116785049438477
2047 17.108678817749023
2047 20.208358764648438
2047 15.06185531616211
2047 17.652034759521484
2047 19.140958786010742
2047 15.972137451171875
2047 18.94831657409668
2047 19.106626510620117
2047 22.002696990966797
2047 19.000530242919922
2047 19.00506019592285
2047 18.993616104125977
2047 19.000768661499023
2047 15.998601913452148
2047 16.002416610717773
2047 18.994808197021484
2047 14.993429183959961
2047 19.018888473510742
2047 18.003225326538086
2047 18.0206298828125
2047 15.973091125488281
2047 22.985458374023438
2047 21.01898193359375
2047 21.998167037963867
2047 17.000198364257812
2047 16.98589324951172
2047 17.040014266967773
2047 17.98725128173828
2047 15.993118286132812
2047 17.974853515625
2047 18.01753044128418
2047 17.002105712890625
2047 19.019603729248047
2047 17.960071563720703
2047 17.016172409057617
2047 16.65520668029785
2047 17.014265060424805
2047 17.9443359375
2047 28.038740158081055
2047 18.019437789916992
2047 18.585205078125
2047 18.99862289428711
2047 19.01841163635254
2047 19.00196075439453
2047 20.986080169677734
2047 17.00878143310547
2047 17.986297607421875
2047 18.00990104675293
2047 19.007205963134766
2047 17.00878143310547
2047 18.980979919433594
2047 17.993450164794922
2047 17.00758934020996
2047 20.018815994262695
2047 16.979455947875977
2047 21.00229263305664
2047 19.025564193725586
2047 16.98613166809082
2047 22.97806739807129
2047 19.019365310668945
2047 16.011476516723633
2047 23.00429344177246
2047 20.99323272705078
2047 17.934083938598633
2047 17.002582550048828
2047 20.035266876220703
2047 20.624637603759766
2047 16.94321632385254
2047 18.066883087158203
2047 16.980648040771484
2047 20.009994506835938
2047 38.945913314819336
2047 86.00115776062012
2047 102.00214385986328
2047 71.99645042419434
2047 54.998159408569336
2047 48.01177978515625
2047 44.04401779174805
2047 39.978981018066406
2047 33.01692008972168
2047 32.027244567871094
2047 30.974864959716797
2047 30.026674270629883
2047 30.55596351623535
2047 29.001474380493164
2047 32.00650215148926
2047 30.749082565307617
2047 32.006263732910156
2047 33.9353084564209
2047 32.03940391540527
2047 31.001567840576172
2047 33.00309181213379
2047 37.963151931762695
2047 32.994985580444336
2047 40.999412536621094
2047 40.0395393371582
2047 31.96859359741211
2047 30.04908561706543
2047 25.979995727539062
2047 19.99974250793457
2047 17.000198364257812
2047 19.001483917236328
2047 17.000913619995117
2047 19.017696380615234
2047 18.99886131286621
2047 18.000125885009766
2047 19.98281478881836
2047 16.98756217956543
2047 16.996383666992188
2047 17.59624481201172
2047 18.004417419433594
2047 15.996456146240234
2047 17.999649047851562
2047 19.017696380615234
2047 18.072128295898438
2047 9.966611862182617
2047 16.976594924926758
2047 16.055822372436523
2047 16.961336135864258
2047 18.019676208496094
2047 20.96247673034668
2047 21.003246307373047
2047 22.043466567993164
2047 23.99277687072754
2047 17.99798011779785
2047 22.027254104614258
2047 23.963451385498047
2047 24.02520179748535
2047 22.94778823852539
2047 17.021894454956055
2047 23.023605346679688
2047 25.997638702392578
2047 27.978897094726562
2047 24.9788761138916
2047 23.044824600219727
2047 23.03338050842285
2047 43.9295768737793
2047 39.99018669128418
2047 27.051925659179688
2047 32.99832344055176
2047 10.996341705322266
2047 31.95357322692871
2047 37.004709243774414
2047 45.995473861694336
2047 25.038480758666992
2047 19.99640464782715
2047 17.00758934020996
2047 18.956899642944336
2047 19.00482177734375
2047 22.052764892578125
2047 25.944232940673828
2047 43.009042739868164
2047 38.027048110961914
2047 32.00101852416992
2047 34.99913215637207
2047 31.00728988647461
2047 28.957843780517578
2047 32.022953033447266
2047 32.982826232910156
2047 40.033817291259766
2047 32.58538246154785
2047 27.00328826904297
2047 24.993896484375
2047 25.986909866333008
2047 25.975465774536133
2047 27.04596519470215
2047 23.96392822265625
2047 26.031494140625
2047 21.95906639099121
2047 30.040740966796875
2047 30.076026916503906
2047 30.925989151000977
2047 27.961254119873047
2047 27.035236358642578
2047 30.019044876098633
2047 23.9408016204834
2047 18.007993698120117
2047 29.033660888671875
2047 27.974367141723633
2047 39.02292251586914
2047 38.96307945251465
2047 45.95661163330078
2047 47.00112342834473
2047 47.58763313293457
2047 32.00197219848633
2047 22.954940795898438
2047 25.012969970703125
2047 24.98602867126465
2047 31.044960021972656
2047 19.99211311340332
2047 18.00370216369629
2047 18.957853317260742
2047 16.037464141845703
2047 19.02151107788086
2047 16.01386070251465
2047 17.98534393310547
2047 18.00084114074707
2047 18.021345138549805
2047 15.97905158996582
2047 17.996549606323242
2047 16.002178192138672
2047 17.999887466430664
2047 20.946025848388672
2047 28.03659439086914
2047 18.017292022705078
2047 19.00005340576172
2047 17.98224449157715
2047 7.005214691162109
2047 21.051645278930664
2047 29.961585998535156
2047 36.065101623535156
2047 34.93690490722656
2047 37.99557685852051
2047 28.06401252746582
2047 25.94137191772461
2047 50.99654197692871
2047 49.043893814086914
2047 33.53571891784668
2047 27.010202407836914
2047 26.99565887451172
2047 25.954246520996094
2047 31.046390533447266
2047 40.99464416503906
2047 41.013479232788086
2047 28.006553649902344
2047 37.97507286071777
2047 35.95924377441406
2047 28.05638313293457
2047 26.95322036743164
2047 33.031463623046875
2047 34.99913215637207
2047 33.97011756896973
2047 29.992103576660156
2047 35.04800796508789
2047 30.993938446044922
2047 26.995420455932617
2047 24.54996109008789
2047 26.98969841003418
2047 30.004501342773438
2047 26.97014808654785
2047 27.02784538269043
2047 32.006025314331055
2047 31.989336013793945
2047 27.963876724243164
2047 26.0012149810791
2047 41.045427322387695
2047 75.00171661376953
2047 125.99563598632812
2047 73.99868965148926
2047 50.00138282775879
2047 53.017616271972656
2047 35.9807014465332
2047 41.036367416381836
2047 38.00487518310547
2047 33.994436264038086
2047 29.019832611083984
2047 32.97996520996094
2047 33.00213813781738
2047 40.0080680847168
2047 38.00082206726074
2047 40.99845886230469
2047 39.99614715576172
2047 36.0109806060791
2047 35.58659553527832
2047 33.014535903930664
2047 30.99226951599121
2047 34.9574089050293
2047 30.046701431274414
2047 31.994342803955078
2047 38.01774978637695
2047 38.94305229187012
2047 29.000043869018555
2047 20.03335952758789
2047 21.963834762573242
2047 20.035505294799805
2047 17.021656036376953
2047 22.99809455871582
2047 17.00115203857422
2047 18.01276206970215
2047 16.933917999267578
2047 21.04473114013672
2047 21.001100540161133
2047 16.995906829833984
2047 19.01078224182129
2047 19.98424530029297
2047 17.017841339111328
2047 18.986940383911133
2047 21.01302146911621
2047 20.984888076782227
2047 17.01807975769043
2047 16.98136329650879
2047 18.009424209594727
2047 21.953821182250977
2047 19.995450973510742
2047 21.06308937072754
2047 18.99123191833496
2047 16.99209213256836
2047 19.99521255493164
2047 19.959688186645508
2047 18.03898811340332
2047 18.00704002380371
2047 19.006729125976562
2047 17.012834548950195
2047 16.999483108520508
2047 17.987966537475586
2047 18.980741500854492
2047 15.970945358276367
2047 18.031835556030273
2047 19.99807357788086
2047 17.019987106323242
2047 16.998291015625
2047 18.94402503967285
2047 19.054651260375977
