241 0.9984970092773438
241 0.0
241 0.0
241 0.0
241 0.0
241 0.0
241 1.0614395141601562
241 0.0
241 0.0
241 0.0
241 0.0
241 0.0
241 0.0
241 0.0
241 0.9806156158447266
241 0.0
241 0.0
241 0.0
241 0.0
241 0.0
241 0.0
241 0.0
241 0.0
241 1.0001659393310547
241 0.0
241 0.0
241 0.0
241 0.0
241 0.0
241 0.0
241 0.0
241 0.0
241 0.9801387786865234
241 0.0
241 0.0
241 0.0
241 0.0
241 0.0
241 0.0
241 0.0
241 0.0
241 1.0528564453125
241 0.0
241 0.0
241 0.0
241 0.0
241 0.0
241 0.0
241 0.0
241 0.0
241 0.9894371032714844
241 0.0
241 0.0
241 0.0
241 0.0
241 0.0
241 0.0
241 0.0
241 0.0
241 0.0
241 0.9799003601074219
241 0.0
241 0.0
241 0.0
241 0.0
241 0.0
241 0.0
241 0.0
241 0.9953975677490234
241 0.0
241 0.0
241 0.0
241 0.0
241 0.0
241 0.0
241 0.0
241 0.0
241 0.0
241 0.0
241 0.0
241 1.0137557983398438
241 0.0
241 0.0
241 0.0
241 0.0
241 0.0
241 0.0
241 0.0
241 0.0
241 0.0
241 0.0
241 0.0
241 0.9863376617431641
241 0.0
241 0.0
241 0.0
241 0.0
241 0.0
241 0.0
241 0.0
241 0.0
241 0.0
241 0.0
241 1.0006427764892578
241 0.0
241 0.0
241 0.0
241 0.0
241 0.0
241 0.0
241 0.0
241 0.0
241 0.0
241 0.0
241 1.0001659393310547
241 0.0
241 0.0
241 0.0
241 0.0
241 0.0
241 0.0
241 0.0
241 0.0
241 0.0
241 0.0
241 0.0
241 0.0
241 1.0123252868652344
241 0.0
241 0.0
241 0.0
241 0.0
241 0.0
241 0.0
241 0.0
241 0.0
241 0.0
241 0.0
241 0.9839534759521484
241 0.0
241 0.0
241 0.0
241 0.0
241 0.0
241 0.0
241 0.0
241 0.0
241 0.0
241 0.0
241 0.0
241 0.0
241 1.0085105895996094
241 0.0
241 0.0
241 0.0
241 0.0
241 0.0
241 0.0
241 0.0
241 0.0
241 0.0
241 0.0
241 0.9944438934326172
241 0.0
241 0.0
241 0.0
241 0.0
241 0.0
241 0.0
241 0.0
241 0.0
241 0.0
241 0.0
241 0.0
241 0.0
241 0.0
241 0.0
241 0.0
241 0.0
241 0.0
241 1.081705093383789
241 0.0
241 0.0
241 0.0
241 0.0
241 0.0
241 0.0
241 0.0
241 0.0
241 0.0
241 0.0
241 0.0
241 0.0
241 0.0
241 0.0
241 0.0
241 0.0
241 0.0
241 0.0
241 0.0
241 0.9987354278564453
241 0.0
241 0.0
241 0.0
241 0.0
241 0.0
241 0.0
241 0.0
241 0.0
241 0.9603500366210938
241 0.0
241 0.0
241 0.0
241 0.0
241 0.0
241 0.0
241 0.0
241 0.0
241 0.0
241 1.0418891906738281
241 0.0
241 0.0
241 0.0
241 0.0
241 0.0
241 0.0
241 0.0
241 0.0
241 1.0046958923339844
241 0.0
241 0.0
241 0.0
241 0.0
241 0.0
241 0.0
241 0.0
241 0.0
241 0.0
241 0.0
241 0.9953975677490234
241 0.0
241 0.0
241 0.0
241 0.0
241 0.0
241 0.0
241 0.0
241 0.0
241 0.0
241 1.0037422180175781
241 0.0
241 0.0
241 0.0
241 0.0
241 0.0
241 0.0
241 0.0
241 0.0
241 0.0
241 0.0
241 0.0
241 0.0
241 0.9934902191162109
241 0.0
241 0.0
241 0.0
241 0.0
241 0.0
241 0.0
241 0.0
241 0.0
241 0.0
241 0.0
241 1.0018348693847656
241 0.0
241 0.0
241 0.0
241 0.0
241 0.0
241 0.0
241 0.0
241 0.0
241 0.0
241 0.0
241 0.9999275207519531
241 0.0
241 0.0
241 0.0
241 0.0
241 0.0
241 0.0
241 0.0
241 0.0
241 0.0
241 0.0
241 0.0
241 0.0
241 0.0
241 0.9963512420654297
241 0.0
241 0.0
241 0.0
241 0.0
241 0.0
241 0.0
241 0.0
241 0.0
241 0.0
241 0.0
241 0.0
241 1.001119613647461
241 0.0
241 0.0
241 0.0
241 0.0
241 0.0
241 0.0
241 0.0
241 0.0
241 0.0
241 0.0
241 1.0030269622802734
241 0.0
241 0.0
241 0.0
241 0.0
241 0.0
241 0.0
241 0.0
241 0.0
241 0.0
241 0.0
241 0.0
241 0.0
241 0.0
241 0.0
241 0.9989738464355469
241 0.0
241 0.0
241 0.0
241 0.0
241 0.0
241 0.0
241 0.0
241 0.0
241 0.0
241 1.004934310913086
241 0.0
241 0.0
241 0.0
241 0.0
241 0.0
241 0.9982585906982422
241 0.0
241 0.0
241 0.0
241 0.0
241 0.0
241 0.0
241 0.0
241 0.0
241 0.0
241 0.0
241 0.0
241 0.0
241 0.0
241 0.0
241 0.0
241 0.0
241 0.0
241 0.0
241 0.0
241 0.0
241 0.0
241 0.9925365447998047
241 0.0
241 0.0
241 0.0
241 0.0
241 0.0
241 0.0
241 0.0
241 0.0
241 0.0
241 0.0
241 0.9996891021728516
241 0.0
241 0.0
241 0.0
241 0.0
241 0.0
241 0.0
241 0.0
241 0.0
241 0.0
241 0.0
241 0.0
241 0.9996891021728516
241 0.0
241 0.0
241 0.0
241 0.0
241 0.0
241 0.0
241 0.0
241 0.0
241 0.0
241 1.0023117065429688
241 0.0
241 0.0
241 0.0
241 0.0
241 0.0
241 0.0
241 0.0
241 0.0
241 1.0044574737548828
241 0.0
241 0.0
241 0.0
241 0.0
241 0.0
241 0.0
241 0.0
241 0.0
241 0.0
241 0.0
241 0.0
241 0.9939670562744141
241 0.0
241 0.0
241 0.0
241 0.0
241 0.0
241 0.0
241 0.0
241 0.0
241 0.0
241 0.0
241 0.0
241 0.9975433349609375
241 0.0
241 0.0
241 0.0
241 0.0
241 0.0
241 0.0
241 0.0
241 0.0
241 0.0
241 0.0
241 0.0
241 0.0
241 0.0
241 0.0
241 1.0037422180175781
241 0.0
241 0.0
241 0.0
241 0.0
241 0.0
241 0.0
241 0.0
241 0.0
241 0.0
241 0.0
241 0.0
241 0.9977817535400391
241 0.0
241 0.0
241 0.0
241 0.0
241 0.0
241 0.0
241 0.0
241 0.0
241 0.0
241 0.0
241 1.0008811950683594
241 0.0
241 0.0
241 0.0
241 0.0
241 0.0
241 0.0
241 0.0
241 0.0
241 0.0
241 0.0
241 0.0
241 0.0
241 0.0
241 0.0
241 0.0
241 1.001596450805664
241 0.0
241 0.0
241 0.0
241 0.0
241 0.0
241 0.0
241 0.0
241 0.0
241 0.0
241 0.0
241 0.9968280792236328
241 0.0
241 0.0
241 0.0
241 0.0
241 0.0
241 0.0
241 0.0
241 0.0
241 0.0
241 0.0
241 0.0
241 0.0
241 0.0
241 0.0
241 1.0027885437011719
241 0.0
241 0.0
241 0.0
241 0.0
241 0.0
241 0.0
241 0.0
241 0.0
241 0.0
241 0.0
241 0.0
241 0.0
241 1.0437965393066406
241 0.0
241 0.0
241 0.0
241 0.0
241 0.0
241 0.0
241 0.0
241 0.0
241 0.0
241 0.0
241 0.9949207305908203
241 0.0
241 0.0
241 0.0
241 0.0
241 0.0
241 0.0
241 0.0
241 0.0
241 0.0
241 0.0
241 0.0
241 0.0
241 1.0161399841308594
241 0.0
241 0.0
241 0.0
241 0.0
241 0.0
241 0.0
241 0.0
241 0.0
241 0.0
241 0.0
241 0.9846687316894531
241 0.0
241 0.0
241 0.0
241 0.0
241 0.0
241 0.0
241 0.0
241 0.0
241 0.0
241 0.0
241 0.9593963623046875
241 0.0
241 0.0
241 0.0
241 0.0
241 0.0
241 0.0
241 0.0
241 0.0
241 0.0
241 1.0437965393066406
241 0.0
241 0.0
241 0.0
241 0.0
241 0.0
241 0.0
241 0.0
241 0.0
241 0.0
241 1.0008811950683594
241 0.0
241 0.0
241 0.0
241 0.0
241 0.0
241 0.0
241 0.0
241 0.0
241 0.0
241 0.0
241 0.9980201721191406
241 0.0
241 0.0
241 0.0
241 0.0
241 0.0
241 0.0
241 0.0
241 0.0
241 0.0
241 0.0
241 0.0
241 0.9970664978027344
241 0.0
241 0.0
241 0.0
241 0.0
241 0.0
241 0.0
241 0.0
241 0.0
241 0.0
241 0.0
241 0.0
241 1.0027885437011719
241 0.0
241 0.0
241 0.0
241 0.0
241 0.0
241 0.0
241 0.0
241 0.0
241 0.0
241 1.0097026824951172
241 0.0
241 0.0
241 0.0
241 0.0
241 0.0
241 0.0
241 0.0
241 0.0
241 0.0
241 0.0
241 0.9894371032714844
241 0.0
241 0.0
241 0.0
241 0.0
241 0.0
241 0.0
241 0.0
241 0.0
241 0.0
241 0.0
241 0.0
241 0.9999275207519531
241 0.0
241 0.0
241 0.0
241 0.0
241 0.0
241 0.0
241 0.0
241 0.0
241 0.0
241 0.0
241 0.0
241 1.0144710540771484
241 0.0
241 0.0
241 0.0
241 0.0
241 0.0
241 0.0
241 0.0
241 0.0
241 0.0
241 0.0
241 0.0
241 0.9961128234863281
241 0.0
241 0.0
241 0.0
241 0.9477138519287109
241 0.0
241 0.0
241 0.0
241 0.0
241 0.0
241 0.0
241 0.0
241 1.0025501251220703
241 0.0
241 0.0
241 0.0
241 0.0
241 0.0
241 0.0
241 0.0
241 0.0
241 0.0
241 0.9975433349609375
241 0.0
241 0.0
241 0.0
241 0.0
241 0.0
241 0.0
241 0.99945068359375
241 0.0
241 0.0
241 0.0
241 0.0
241 0.0
241 0.0
241 0.0
241 0.0
241 0.9992122650146484
241 0.0
241 0.0
241 0.0
241 0.0
241 0.0
241 0.0
241 0.0
241 0.0
241 0.0
241 0.0
241 0.9999275207519531
241 0.0
241 0.0
241 0.0
241 0.0
241 0.0
241 0.0
241 0.0
241 0.0
241 0.0
241 0.0
241 0.9996891021728516
241 0.0
241 0.0
241 0.0
241 0.0
241 0.0
241 0.0
241 0.0
241 0.0
241 0.0
241 0.0
241 0.0
241 1.0004043579101562
241 0.0
241 0.0
241 0.0
241 0.0
241 0.0
241 0.0
241 0.0
241 0.0
241 0.0
241 0.0
241 0.9996891021728516
241 0.0
241 0.0
241 0.0
241 0.0
241 0.0
241 0.0
241 0.0
241 0.0
241 0.9999275207519531
241 0.0
241 0.0
241 0.0
241 0.0
241 0.0
241 0.0
241 0.0
241 0.0
241 0.0
241 0.0
241 0.0
241 0.9999275207519531
241 0.0
241 0.0
241 0.0
241 0.0
241 0.0
241 0.0
241 0.0
241 0.0
241 0.0
241 0.9999275207519531
241 0.0
241 0.0
241 0.0
241 0.0
241 0.0
241 0.0
241 0.0
241 0.0
241 0.0
241 0.0
241 0.9996891021728516
241 0.0
241 0.0
241 0.0
241 0.0
241 0.0
241 0.0
241 0.0
241 0.0
241 0.0
241 0.0
241 0.9999275207519531
241 0.0
241 0.0
241 0.0
241 0.0
241 0.0
241 0.0
241 0.0
241 0.0
241 0.0
241 0.0
241 1.0001659393310547
241 0.0
241 0.0
241 0.0
241 0.0
241 0.0
241 0.0
241 0.0
241 0.0
241 0.0
241 0.0
241 0.0
241 0.0
241 1.0001659393310547
241 0.0
241 0.0
241 0.0
241 0.0
241 0.0
241 0.0
241 0.0
241 1.0592937469482422
241 0.0
241 0.0
241 0.0
241 0.0
241 0.0
241 0.0
241 0.9865760803222656
241 0.0
241 0.0
241 0.0
241 0.0
241 0.0
241 0.0
241 0.0
241 0.0
241 0.0
241 0.0
241 1.0006427764892578
241 0.0
241 0.0
241 0.0
241 0.0
241 0.0
241 0.0
241 0.0
241 0.0
241 0.0
241 1.0116100311279297
241 0.0
241 0.0
241 0.0
241 0.0
241 0.0
241 0.0
241 0.0
241 0.0
241 0.0
241 0.0
241 0.0
241 0.0
241 0.0
241 0.9920597076416016
241 0.0
241 0.0
241 0.0
241 0.0
241 0.0
241 0.0
241 0.0
241 0.0
241 0.0
241 0.0
241 0.0
241 0.9903907775878906
241 0.0
241 0.0
241 0.0
241 0.0
241 0.0
241 0.0
241 0.0
241 0.0
241 0.0
241 1.0023117065429688
241 0.0
241 0.0
241 0.0
241 0.0
241 0.0
241 0.0
241 0.0
241 0.0
241 0.0
241 0.0
241 0.0
241 1.0082721710205078
241 0.0
241 0.0
241 0.0
241 0.0
241 0.0
241 0.0
241 0.0
241 0.9946823120117188
241 0.0
241 0.0
241 0.0
241 0.0
241 0.0
241 0.0
241 0.0
241 0.0
241 0.0
241 1.005411148071289
241 0.0
241 0.0
241 0.0
241 0.0
241 0.0
241 0.0
241 0.0
241 0.0
241 0.0
241 1.0137557983398438
241 0.0
241 0.0
241 0.0
241 0.0
241 0.0
241 0.0
241 0.0
241 0.0
241 0.0
241 0.0
241 0.0
241 0.0
241 0.9782314300537109
241 0.0
241 0.0
241 0.0
241 0.0
241 0.0
241 0.0
241 0.0
241 0.0
241 0.0
241 0.0
241 1.0111331939697266
241 0.0
241 0.0
241 0.0
241 0.0
241 0.0
241 0.0
241 0.0
241 0.0
241 0.0
241 0.0
241 0.0
241 0.9884834289550781
241 0.0
