458 1.9955635070800781
458 0.0
458 1.005411148071289
458 0.0
458 0.0
458 0.0
458 0.0
458 0.9958744049072266
458 0.0
458 0.0
458 0.0
458 0.0
458 0.99945068359375
458 0.0
458 0.0
458 0.0
458 0.0
458 0.9996891021728516
458 0.0
458 0.0
458 0.0
458 1.0006427764892578
458 0.0
458 0.0
458 0.0
458 0.0
458 0.9996891021728516
458 0.0
458 0.0
458 0.0
458 0.0
458 0.0
458 0.9999275207519531
458 0.0
458 0.0
458 0.0
458 0.0
458 0.9996891021728516
458 0.0
458 0.0
458 0.0
458 0.0
458 0.0
458 1.0001659393310547
458 0.0
458 0.0
458 0.0
458 0.0
458 1.001119613647461
458 0.0
458 0.0
458 0.0
458 1.0037422180175781
458 0.0
458 0.0
458 0.0
458 0.9980201721191406
458 0.0
458 0.0
458 0.0
458 1.0018348693847656
458 0.0
458 0.0
458 0.0
458 0.9987354278564453
458 0.0
458 0.0
458 0.0
458 0.9975433349609375
458 0.0
458 0.0
458 0.0
458 0.0
458 0.0
458 1.001596450805664
458 0.0
458 0.0
458 0.0
458 0.0
458 0.9982585906982422
458 0.0
458 0.0
458 0.0
458 0.0
458 0.9992122650146484
458 0.0
458 0.0
458 0.0
458 0.0
458 0.0
458 1.0004043579101562
458 0.0
458 0.0
458 0.0
458 0.0
458 0.9999275207519531
458 0.0
458 0.0
458 0.0
458 0.0
458 0.9996891021728516
458 0.0
458 0.0
458 0.0
458 0.0
458 0.9999275207519531
458 0.0
458 0.0
458 0.0
458 0.0
458 0.0
458 1.0001659393310547
458 0.0
458 0.0
458 0.5371570587158203
458 0.0
458 0.0
458 0.0
458 0.0
458 0.9856224060058594
458 0.0
458 0.0
458 0.0
458 0.0
458 0.9996891021728516
458 0.0
458 0.0
458 0.0
458 0.0
458 0.99945068359375
458 0.0
458 0.0
458 0.0
458 0.0
458 1.003265380859375
458 0.0
458 0.0
458 0.0
458 0.0
458 0.9982585906982422
458 0.0
458 0.0
458 0.0
458 0.9996891021728516
458 0.0
458 0.0
458 0.0
458 0.0
458 0.9987354278564453
458 0.0
458 0.0
458 0.0
458 0.0
458 1.0030269622802734
458 0.0
458 0.0
458 0.0
458 0.9973049163818359
458 0.0
458 0.0
458 0.0
458 0.0
458 0.99945068359375
458 0.0
458 0.0
458 0.0
458 0.0
458 1.0001659393310547
458 0.0
458 0.0
458 0.0
458 0.0
458 1.0001659393310547
458 0.0
458 0.0
458 0.0
458 0.0
458 0.0
458 0.0
458 0.99945068359375
458 0.0
458 0.0
458 0.0
458 0.0
458 1.0008811950683594
458 0.0
458 0.0
458 0.0
458 0.0
458 0.9992122650146484
458 0.0
458 0.0
458 0.0
458 0.0
458 1.0001659393310547
458 0.0
458 0.0
458 0.0
458 0.0
458 0.9996891021728516
458 0.0
458 0.0
458 0.0
458 0.0
458 0.0
458 1.0001659393310547
458 0.0
458 0.0
458 0.0
458 0.0
458 0.9999275207519531
458 0.0
458 0.0
458 0.0
458 0.0
458 1.001119613647461
458 0.0
458 0.0
458 0.0
458 0.0
458 0.0
458 1.001119613647461
458 0.0
458 0.0
458 0.0
458 0.0
458 0.9984970092773438
458 0.0
458 0.0
458 0.0
458 0.0
458 0.0
458 1.0008811950683594
458 0.0
458 0.0
458 0.0
458 0.0
458 1.001119613647461
458 0.0
458 0.0
458 0.0
458 0.9987354278564453
458 0.0
458 0.0
458 0.0
458 0.0
458 0.9989738464355469
458 0.0
458 0.0
458 0.0
458 0.0
458 0.0
458 0.9999275207519531
458 0.0
458 0.0
458 0.0
458 0.0
458 1.0001659393310547
458 0.0
458 0.0
458 0.0
458 0.0
458 0.0
458 0.0
458 0.0
458 0.0
458 0.0
458 0.0
458 1.0004043579101562
458 0.0
458 0.0
458 0.0
458 0.0
458 0.0
458 0.99945068359375
458 0.0
458 0.0
458 0.0
458 0.0
458 1.0001659393310547
458 0.0
458 0.0
458 0.0
458 0.0
458 0.0
458 0.0
458 0.0
458 0.9996891021728516
458 0.0
458 0.0
458 0.0
458 0.0
458 0.0
458 0.9999275207519531
458 0.0
458 0.0
458 0.0
458 0.0
458 1.0001659393310547
458 0.0
458 0.0
458 0.0
458 0.0
458 0.0
458 1.0001659393310547
458 0.0
458 0.0
458 0.0
458 0.0
458 0.0
458 0.0
458 1.0013580322265625
458 0.0
458 0.0
458 0.0
458 0.0
458 0.9999275207519531
458 0.0
458 0.0
458 0.0
458 0.9987354278564453
458 0.0
458 0.0
458 0.0
458 0.0
458 0.0
458 1.0013580322265625
458 0.0
458 0.0
458 0.0
458 0.9992122650146484
458 0.0
458 0.0
458 0.0
458 0.0
458 1.0004043579101562
458 0.0
458 0.0
458 0.0
458 0.0
458 0.0
458 0.9989738464355469
458 0.0
458 0.0
458 0.0
458 0.0
458 0.0
458 1.0001659393310547
458 0.0
458 0.0
458 0.0
458 0.0
458 0.0
458 1.0001659393310547
458 0.0
458 0.0
458 0.0
458 0.0
458 0.0
458 0.0
458 0.9996891021728516
458 0.0
458 0.0
458 0.0
458 0.0
458 0.0
458 0.9999275207519531
458 0.0
458 0.0
458 0.0
458 0.0
458 0.0
458 1.0001659393310547
458 0.0
458 0.0
458 0.0
458 0.0
458 0.9996891021728516
458 0.0
458 0.0
458 0.0
458 0.0
458 0.0
458 1.0001659393310547
458 0.0
458 0.0
458 0.0
458 0.0
458 1.0027885437011719
458 0.0
458 0.0
458 0.0
458 0.0
458 0.0
458 0.9980201721191406
458 0.0
458 0.0
458 0.0
458 0.0
458 0.0
458 0.0
458 0.0
458 0.0
458 0.0
458 1.0037422180175781
458 0.0
458 0.0
458 0.0
458 0.0
458 1.0008811950683594
458 0.0
458 0.0
458 0.0
458 0.0
458 0.9973049163818359
458 0.0
458 0.0
458 0.0
458 0.0
458 0.9984970092773438
458 0.0
458 0.0
458 0.0
458 0.0
458 1.0001659393310547
458 0.0
458 0.0
458 0.0
458 0.0
458 0.0
458 0.0
458 0.99945068359375
458 0.0
458 0.0
458 0.0
458 0.0
458 0.0
458 1.0001659393310547
458 0.0
458 0.0
458 0.0
458 0.0
458 0.0
458 0.9999275207519531
458 0.0
458 0.0
458 0.0
458 0.0
458 0.0
458 0.9996891021728516
458 0.0
458 0.0
458 0.0
458 0.0
458 0.0
458 0.9999275207519531
458 0.0
458 0.0
458 0.0
458 0.0
458 0.0
458 0.0
458 1.0001659393310547
458 0.0
458 0.0
458 0.0
458 0.0
458 0.0
458 0.0
458 0.9999275207519531
458 0.0
458 0.0
458 0.0
458 0.0
458 0.0
458 1.0001659393310547
458 0.0
458 0.0
458 0.0
458 0.0
458 0.0
458 1.0018348693847656
458 0.0
458 0.0
458 0.0
458 0.0
458 0.0
458 0.0
458 0.0
458 0.9982585906982422
458 0.0
458 0.0
458 0.0
458 0.0
458 0.0
458 0.0
458 0.9999275207519531
458 0.0
458 0.0
458 0.0
458 0.0
458 1.0001659393310547
458 0.0
458 0.0
458 0.0
458 0.0
458 1.0039806365966797
458 0.0
458 0.0
458 0.0
458 0.0
458 0.9977817535400391
458 0.0
458 0.0
458 0.0
458 0.0
458 0.9989738464355469
458 0.0
458 0.0
458 0.0
458 0.0
458 0.0
458 0.0
458 0.9992122650146484
458 0.0
458 0.0
458 0.0
458 0.0
458 0.0
458 1.0001659393310547
458 0.0
458 0.0
458 0.0
458 0.0
458 0.0
458 0.9999275207519531
458 0.0
458 0.0
458 0.0
458 0.0
458 0.0
458 0.9996891021728516
458 0.0
458 0.0
458 0.0
458 0.0
458 0.0
458 1.0008811950683594
458 0.0
458 0.0
458 0.0
458 0.0
458 0.0
458 0.9989738464355469
458 0.0
458 0.0
458 0.0
458 0.0
458 1.0004043579101562
458 0.0
458 0.0
458 0.0
458 0.0
458 0.0
458 0.9999275207519531
458 0.0
458 0.0
458 0.0
458 0.0
458 0.0
458 0.9999275207519531
458 0.0
458 0.0
458 0.0
458 0.0
458 0.0
458 0.9996891021728516
458 0.0
458 0.0
458 0.0
458 0.0
458 0.0
458 0.0
458 0.0
458 0.0
458 0.0
458 0.0
458 0.0
458 0.9999275207519531
458 0.0
458 0.0
458 0.0
458 0.0
458 0.0
458 1.0001659393310547
458 0.0
458 0.0
458 0.0
458 0.0
458 1.0001659393310547
458 0.0
458 0.0
458 1.0051727294921875
458 0.0
458 0.0
458 0.0
458 0.0
458 0.0
458 0.0
458 0.0
458 0.9953975677490234
458 0.0
458 0.0
458 0.0
458 0.9999275207519531
458 0.0
458 0.0
458 0.0
458 0.99945068359375
458 0.0
458 0.0
458 0.0
458 1.0001659393310547
458 0.0
458 0.0
458 0.9984970092773438
458 0.0
458 0.0
458 0.9987354278564453
458 0.0
458 0.0
458 0.9996891021728516
458 0.0
458 0.0
458 0.0
458 1.0042190551757812
458 0.0
458 0.0
458 0.9958744049072266
458 0.0
458 0.9999275207519531
458 0.0
458 0.0
458 0.0
458 1.0051727294921875
458 0.0
458 0.0
458 0.0
458 0.0
458 0.0
458 0.0
458 0.9975433349609375
458 0.0
458 0.0
458 0.0
458 1.0023117065429688
458 0.0
458 0.0
458 0.0
458 0.99945068359375
458 0.0
458 1.0383129119873047
458 0.0
458 0.0
458 0.9591579437255859
458 0.0
458 0.0
458 0.0
458 1.0020732879638672
458 0.0
458 0.0
458 0.0
458 0.9982585906982422
458 0.0
458 0.0
458 0.0
458 1.0006427764892578
458 0.0
458 0.0
458 0.0
458 0.9999275207519531
458 0.0
458 0.0
458 0.5629062652587891
458 0.0
458 0.0
458 0.0
458 0.9996891021728516
458 0.0
458 0.0
458 0.0
458 0.9970664978027344
458 0.0
458 0.0
458 0.0
458 1.0020732879638672
458 0.0
458 0.0
458 0.0
458 0.99945068359375
458 0.0
458 0.0
458 0.0
458 0.9992122650146484
458 0.0
458 0.0
458 0.0
458 0.0
458 1.0020732879638672
458 0.0
458 0.0
458 0.0
458 0.9980201721191406
458 0.0
458 0.0
458 0.0
458 0.9999275207519531
458 0.0
458 0.0
458 1.0008811950683594
458 0.0
458 0.0
458 0.0
458 1.001596450805664
458 0.0
458 0.0
458 0.0
458 0.55694580078125
458 0.0
458 0.0
458 0.9999275207519531
458 0.0
458 0.0
458 0.0
458 0.0
458 1.001119613647461
458 0.0
458 0.0
458 0.0
458 0.9975433349609375
458 0.0
458 0.0
458 0.0
458 0.9999275207519531
458 0.0
458 0.0
458 0.0
458 0.0
458 0.9999275207519531
458 0.0
458 0.0
458 0.0
458 0.9963512420654297
458 0.0
458 0.0
458 0.0
458 1.0004043579101562
458 0.0
458 0.0
458 0.9996891021728516
458 0.0
458 0.0
458 0.9989738464355469
458 0.0
458 0.0
458 0.0
458 0.9992122650146484
458 0.0
458 0.0
458 0.0
458 1.0001659393310547
458 0.0
458 0.0
458 1.0006427764892578
458 0.0
458 0.0
458 0.0
458 0.0
458 1.0068416595458984
458 0.0
458 0.0
458 0.0
458 0.9973049163818359
458 0.0
458 0.0
458 0.0
458 1.001596450805664
458 0.0
458 0.0
458 0.0
458 0.9942054748535156
458 0.0
458 0.0
458 1.0061264038085938
458 0.0
458 0.0
458 0.0
458 1.0020732879638672
458 0.0
458 0.0
458 0.0
458 0.0
458 0.0
458 0.0
458 1.0001659393310547
458 0.0
458 0.0
458 0.0
458 1.0073184967041016
458 0.0
458 0.530242919921875
458 0.0
458 0.5919933319091797
458 0.0
458 0.0
458 0.0
458 0.9336471557617188
458 0.0
458 0.0
458 0.0
458 1.0001659393310547
458 0.0
458 0.0
458 0.0
458 0.0
458 1.001119613647461
458 0.0
458 0.0
458 0.0
458 0.9996891021728516
458 0.0
458 0.0
458 0.0
458 0.9987354278564453
458 0.0
458 0.0
458 0.0
458 0.0
458 0.0
458 1.001596450805664
458 0.0
458 0.0
458 0.0
458 0.9992122650146484
458 0.0
458 0.0
458 0.0
458 1.0001659393310547
458 0.0
458 0.0
458 0.0
458 1.001119613647461
458 0.0
458 0.0
458 0.0
458 0.0
458 0.9987354278564453
458 0.0
458 0.0
458 0.0
458 0.0
458 0.9999275207519531
458 0.0
458 0.0
458 0.0
458 0.0
458 0.0
458 1.0027885437011719
458 0.0
458 0.0
458 0.9977817535400391
458 0.0
458 0.0
458 0.0
458 0.9970664978027344
458 0.0
458 0.0
458 0.0
458 1.0020732879638672
458 0.0
458 0.0
458 0.0
458 1.0004043579101562
458 0.0
458 0.0
458 0.0
458 0.0
458 0.0
458 0.0
458 0.0
458 0.0
458 0.9992122650146484
458 0.0
458 0.0
458 1.001596450805664
458 0.0
458 0.0
458 0.0
458 0.9958744049072266
458 0.0
458 0.0
458 0.9992122650146484
458 0.0
458 1.0061264038085938
458 0.0
458 0.0
458 0.0
458 0.9942054748535156
458 0.0
458 1.0046958923339844
458 0.0
458 0.0
458 0.0
458 0.0
458 0.9987354278564453
458 0.0
458 0.9984970092773438
458 0.0
458 0.0
458 0.0
458 0.0
458 1.0025501251220703
458 0.0
458 0.0
458 0.9996891021728516
458 0.0
458 0.99945068359375
458 0.0
458 0.0
458 0.0
458 1.001596450805664
458 0.0
458 0.9968280792236328
458 0.0
458 0.0
458 0.0
458 1.0023117065429688
458 0.0
458 0.0
458 1.0006427764892578
458 0.0
458 0.0
458 0.0
458 0.9980201721191406
458 0.0
458 0.0
458 0.0
458 0.0
458 0.0
458 0.99945068359375
458 0.0
458 0.0
458 0.0
458 0.0
458 0.0
458 0.9999275207519531
458 0.0
458 0.0
458 0.0
458 0.0
458 1.0001659393310547
458 0.0
458 0.0
458 0.0
458 0.9996891021728516
458 0.0
458 0.0
458 0.0
458 0.9999275207519531
458 0.0
458 1.0197162628173828
458 0.0
458 0.9973049163818359
458 0.0
458 0.0
458 1.0073184967041016
458 0.0
458 0.0
458 0.9996891021728516
458 0.0
458 0.0
458 0.0
458 0.9725093841552734
458 0.0
458 0.0
458 0.0
458 0.0
458 0.9973049163818359
458 0.0
458 0.0
458 1.0008811950683594
458 0.0
458 0.0
458 0.9980201721191406
458 0.0
458 0.0
458 0.9999275207519531
458 0.0
458 0.0
458 1.001596450805664
458 0.0
