511 16.000986099243164
511 3.991365432739258
511 5.001068115234375
511 3.9873123168945312
511 4.003763198852539
511 2.9990673065185547
511 5.004405975341797
511 3.0188560485839844
511 3.9815902709960938
511 3.9987564086914062
511 3.9627552032470703
511 4.037380218505859
511 3.0128955841064453
511 3.9954185485839844
511 6.998538970947266
511 4.986047744750977
511 4.007101058959961
511 3.9920806884765625
511 5.0258636474609375
511 2.995014190673828
511 3.9980411529541016
511 3.9823055267333984
511 2.962350845336914
511 4.054546356201172
511 4.001855850219727
511 2.9993057250976562
511 3.9501190185546875
511 4.058599472045898
511 2.9959678649902344
511 4.011392593383789
511 2.985239028930664
511 3.9811134338378906
511 3.016233444213867
511 4.007577896118164
511 2.9745101928710938
511 4.0302276611328125
511 3.980398178100586
511 0.0
511 4.0073394775390625
511 3.9815902709960938
511 3.000497817993164
511 4.002094268798828
511 4.01759147644043
511 2.9993057250976562
511 4.014253616333008
511 3.9930343627929688
511 3.9751529693603516
511 3.0183792114257812
511 3.981351852416992
511 4.018306732177734
511 3.0138492584228516
511 3.9954185485839844
511 2.9897689819335938
511 4.01616096496582
511 2.9823780059814453
511 3.9834976196289062
511 3.0188560485839844
511 5.983114242553711
511 4.006624221801758
511 5.002737045288086
511 2.9892921447753906
511 4.011869430541992
511 3.986835479736328
511 3.9644241333007812
511 4.037380218505859
511 5.964994430541992
511 7.051229476928711
511 7.994413375854492
511 3.9958953857421875
511 4.957914352416992
511 4.036188125610352
511 4.007101058959961
511 4.963159561157227
511 5.036115646362305
511 3.820180892944336
511 3.004312515258789
511 4.014015197753906
511 2.967357635498047
511 4.004240036010742
511 3.9606094360351562
511 5.04302978515625
511 4.00543212890625
511 4.018545150756836
511 2.986431121826172
511 2.99835205078125
511 4.002571105957031
511 3.9815902709960938
511 2.998828887939453
511 4.018545150756836
511 2.981424331665039
511 3.9987564086914062
511 4.00996208190918
511 3.0269622802734375
511 3.9899349212646484
511 2.9973983764648438
511 3.980875015258789
511 4.019975662231445
511 3.9932727813720703
511 3.001689910888672
511 3.9806365966796875
511 4.024505615234375
511 3.5848617553710938
511 3.9970874786376953
511 3.019094467163086
511 4.034996032714844
511 4.022121429443359
511 2.9931068420410156
511 3.063678741455078
511 2.9821395874023438
511 3.993988037109375
511 3.0679702758789062
511 4.001855850219727
511 3.007173538208008
511 4.026651382446289
511 4.008769989013672
511 3.1163692474365234
511 3.9551258087158203
511 2.9778480529785156
511 4.011869430541992
511 3.076791763305664
511 3.988504409790039
511 3.0362606048583984
511 4.0111541748046875
511 2.9840469360351562
511 4.081010818481445
511 2.987384796142578
511 3.9801597595214844
511 3.0863285064697266
511 3.9818286895751953
511 4.112958908081055
511 3.9474964141845703
511 3.016233444213867
511 0.0
511 4.036426544189453
511 4.0149688720703125
511 4.001855850219727
511 3.0372142791748047
511 4.01616096496582
511 2.985239028930664
511 4.05430793762207
511 3.0274391174316406
511 5.053043365478516
511 4.997014999389648
511 3.0090808868408203
511 3.0367374420166016
511 6.003141403198242
511 6.0176849365234375
511 5.005836486816406
511 3.9784908294677734
511 4.006624221801758
511 4.013299942016602
511 3.0515193939208984
511 3.9839744567871094
511 4.037380218505859
511 4.035472869873047
511 2.985239028930664
511 3.048419952392578
511 4.0340423583984375
511 2.9845237731933594
511 3.0617713928222656
511 2.981901168823242
511 4.014730453491211
511 3.9856433868408203
511 2.998828887939453
511 4.003047943115234
511 3.651857376098633
511 2.987384796142578
511 3.0002593994140625
511 3.9899349212646484
511 3.9930343627929688
511 4.001617431640625
511 3.648519515991211
511 2.98309326171875
511 4.02069091796875
511 2.9964447021484375
511 3.999948501586914
511 3.000020980834961
511 4.038095474243164
511 4.021406173706055
511 1.9946098327636719
511 3.054380416870117
511 3.999471664428711
511 2.9458999633789062
511 4.102945327758789
511 3.0181407928466797
511 3.987550735473633
511 2.6464462280273438
511 3.954648971557617
511 2.99835205078125
511 4.104852676391602
511 3.9930343627929688
511 2.981901168823242
511 3.9963722229003906
511 4.0073394775390625
511 3.0248165130615234
511 3.987550735473633
511 2.9418468475341797
511 5.039453506469727
511 3.0069351196289062
511 4.010915756225586
511 3.002166748046875
511 3.9796829223632812
511 4.020214080810547
511 2.9828548431396484
511 4.015684127807617
511 2.9897689819335938
511 4.0187835693359375
511 3.004789352416992
511 4.001617431640625
511 2.9861927032470703
511 4.006385803222656
511 3.992319107055664
511 0.0
511 3.9987564086914062
511 3.014802932739258
511 3.9720535278320312
511 2.9964447021484375
511 3.997802734375
511 3.0252933502197266
511 3.9818286895751953
511 3.0138492584228516
511 4.000425338745117
511 2.9959678649902344
511 4.000186920166016
511 3.9930343627929688
511 2.9959678649902344
511 4.011392593383789
511 4.004001617431641
511 2.9990673065185547
511 0.9965896606445312
511 2.9876232147216797
511 3.9949417114257812
511 4.01759147644043
511 3.0069351196289062
511 2.9935836791992188
511 3.985166549682617
511 3.0303001403808594
511 3.988027572631836
511 3.9780139923095703
511 3.0410289764404297
511 3.9603710174560547
511 4.006624221801758
511 2.996683120727539
511 4.016637802124023
511 4.010915756225586
511 3.978729248046875
511 3.993988037109375
511 3.030538558959961
511 3.965616226196289
511 3.9987564086914062
511 3.049612045288086
511 3.981351852416992
511 3.9911270141601562
511 2.941131591796875
511 4.085302352905273
511 3.9529800415039062
511 4.020214080810547
511 3.000974655151367
511 3.9832592010498047
511 3.9548873901367188
511 7.0476531982421875
511 8.954524993896484
511 4.0531158447265625
511 3.9839744567871094
511 4.003047943115234
511 3.963470458984375
511 4.050493240356445
511 3.9887428283691406
511 3.971099853515625
511 4.052162170410156
511 2.980947494506836
511 4.010438919067383
511 4.00543212890625
511 3.9904117584228516
511 2.996206283569336
511 2.9973983764648438
511 4.002094268798828
511 3.949880599975586
511 4.047632217407227
511 4.003286361694336
511 3.0221939086914062
511 3.9734840393066406
511 4.043817520141602
511 3.065824508666992
511 3.988504409790039
511 3.993988037109375
511 2.995729446411133
511 4.995584487915039
511 3.0100345611572266
511 3.0078887939453125
511 3.9930343627929688
511 6.944179534912109
511 5.99980354309082
511 6.999969482421875
511 5.011320114135742
511 3.997325897216797
511 3.014087677001953
511 2.020120620727539
511 4.0283203125
511 3.9701461791992188
511 3.984212875366211
511 5.026340484619141
511 4.992961883544922
511 3.9904117584228516
511 5.003213882446289
511 4.960536956787109
511 3.9970874786376953
511 4.9896240234375
511 4.994869232177734
511 5.01704216003418
511 3.991842269897461
511 5.959987640380859
511 8.043050765991211
511 8.012771606445312
511 9.940624237060547
511 8.999824523925781
511 9.065628051757812
511 7.935523986816406
511 9.046792984008789
511 5.955219268798828
511 6.039857864379883
511 4.995584487915039
511 4.005670547485352
511 2.978801727294922
511 5.015134811401367
511 4.003763198852539
511 2.9964447021484375
511 4.0073394775390625
511 3.992319107055664
511 2.9997825622558594
511 4.019021987915039
511 3.9436817169189453
511 6.041526794433594
511 6.964921951293945
511 5.994081497192383
511 3.043651580810547
511 7.005929946899414
511 3.997802734375
511 3.995180130004883
511 4.99415397644043
511 3.000497817993164
511 4.026889801025391
511 2.986431121826172
511 4.0149688720703125
511 3.9772987365722656
511 3.015279769897461
511 3.0019283294677734
511 3.9424896240234375
511 5.033969879150391
511 3.016948699951172
511 3.990650177001953
511 3.9567947387695312
511 4.047632217407227
511 4.008054733276367
511 3.0014514923095703
511 2.9973983764648438
511 3.945589065551758
511 4.057168960571289
511 2.999544143676758
511 3.0088424682617188
511 0.0
511 3.988504409790039
511 3.9832592010498047
511 3.0198097229003906
511 4.000425338745117
511 3.9987564086914062
511 4.016637802124023
511 3.982067108154297
511 2.998828887939453
511 3.000497817993164
511 4.00853157043457
511 3.9746761322021484
511 3.0176639556884766
511 3.999948501586914
511 3.0138492584228516
511 3.9627552032470703
511 4.011869430541992
511 3.0107498168945312
511 3.9882659912109375
511 3.0145645141601562
511 4.002094268798828
511 4.977941513061523
511 4.016876220703125
511 3.0028820037841797
511 3.9839744567871094
511 4.006624221801758
511 3.989696502685547
511 3.007173538208008
511 4.001855850219727
511 3.9916038513183594
511 4.00090217590332
511 3.024578094482422
511 4.981517791748047
511 3.992319107055664
511 3.0264854431152344
511 3.984689712524414
511 4.0035247802734375
511 2.9840469360351562
511 4.00233268737793
511 4.016637802124023
511 3.002643585205078
511 4.003763198852539
511 3.9882659912109375
511 5.988121032714844
511 4.003763198852539
511 4.955768585205078
511 4.063606262207031
511 3.9942264556884766
511 3.001689910888672
511 3.9992332458496094
511 2.964019775390625
511 4.035472869873047
511 3.9825439453125
511 3.0167102813720703
511 2.980947494506836
511 4.021167755126953
511 6.017923355102539
511 5.974054336547852
511 6.989240646362305
511 6.998300552368164
511 7.027149200439453
511 6.714105606079102
511 4.031896591186523
511 2.987384796142578
511 4.013776779174805
511 3.967761993408203
511 4.9991607666015625
511 3.032207489013672
511 3.968954086303711
511 4.022359848022461
511 3.0035972595214844
511 2.9921531677246094
511 3.9434432983398438
511 4.0493011474609375
511 4.021406173706055
511 3.001689910888672
511 3.996610641479492
511 3.9930343627929688
511 2.997875213623047
511 4.005670547485352
511 2.9726028442382812
511 3.963470458984375
511 3.036975860595703
511 4.006147384643555
511 4.010438919067383
511 2.989530563354492
511 4.00233268737793
511 2.9914379119873047
511 3.034353256225586
511 3.9713382720947266
511 2.9997825622558594
511 1.0113716125488281
511 3.9865970611572266
511 4.004955291748047
511 3.0574798583984375
511 2.9981136322021484
511 3.01361083984375
511 4.451274871826172
511 2.9876232147216797
511 3.0105113983154297
511 4.048824310302734
511 3.0117034912109375
511 4.125118255615234
511 3.9458274841308594
511 4.004716873168945
511 3.041505813598633
511 3.0095577239990234
511 4.010200500488281
511 3.044605255126953
511 4.008293151855469
511 3.996133804321289
511 3.988504409790039
511 3.002643585205078
511 3.0138492584228516
511 4.001379013061523
511 2.9528141021728516
511 4.0454864501953125
511 3.0553340911865234
511 4.012823104858398
511 3.0014514923095703
511 3.9985179901123047
511 3.058910369873047
511 3.998994827270508
511 3.0612945556640625
511 3.986835479736328
511 4.052162170410156
511 2.991914749145508
511 3.9992332458496094
511 3.0655860900878906
511 3.9708614349365234
511 3.0417442321777344
511 4.060506820678711
511 3.0164718627929688
511 3.9992332458496094
511 4.050970077514648
511 2.9904842376708984
511 3.0202865600585938
511 4.050970077514648
511 3.0024051666259766
511 3.999471664428711
511 3.0710697174072266
511 4.001617431640625
511 4.030704498291016
511 3.0257701873779297
511 3.007173538208008
511 4.034280776977539
511 3.0198097229003906
511 5.013465881347656
511 6.321191787719727
511 5.991220474243164
511 5.997896194458008
511 6.018161773681641
511 4.983663558959961
511 3.5953521728515625
511 3.0364990234375
511 4.021167755126953
511 2.977609634399414
511 3.009319305419922
511 3.9925575256347656
511 3.9701461791992188
511 3.031492233276367
511 3.985881805419922
511 2.978801727294922
511 3.963947296142578
511 4.057884216308594
511 4.005193710327148
511 2.993345260620117
511 3.005504608154297
511 3.97491455078125
511 4.00090217590332
511 4.016399383544922
511 3.0031204223632812
511 3.942728042602539
511 4.000186920166016
511 3.0591487884521484
511 3.9954185485839844
511 2.997159957885742
511 3.9870738983154297
511 4.0130615234375
511 2.9840469360351562
511 4.02069091796875
511 2.9997825622558594
511 3.9920806884765625
511 4.06336784362793
511 3.998279571533203
511 2.999544143676758
511 4.035472869873047
511 3.961801528930664
511 4.059076309204102
511 4.039764404296875
511 3.0128955841064453
511 5.982875823974609
511 3.9582252502441406
511 5.0411224365234375
511 0.0
511 5.005359649658203
511 4.99272346496582
511 4.015684127807617
511 4.004478454589844
511 5.962133407592773
511 4.9800872802734375
511 4.03904914855957
511 4.965305328369141
511 4.993438720703125
511 4.041433334350586
511 4.013776779174805
511 3.989696502685547
511 4.960775375366211
511 4.028081893920898
511 4.967689514160156
511 5.012989044189453
511 5.009651184082031
511 4.017353057861328
511 4.9610137939453125
511 4.043340682983398
511 2.9985904693603516
511 3.980875015258789
511 4.0035247802734375
511 3.0236244201660156
511 3.978252410888672
511 2.969026565551758
511 4.031658172607422
511 2.9938220977783203
511 4.006385803222656
511 3.9992332458496094
511 3.997325897216797
511 3.9603710174560547
511 4.054546356201172
511 3.0074119567871094
511 3.9839744567871094
511 2.99835205078125
511 3.957986831665039
511 5.056619644165039
511 6.98089599609375
511 5.009174346923828
511 3.9899349212646484
511 5.002737045288086
511 5.957603454589844
511 4.039287567138672
511 5.011796951293945
511 0.0
511 4.999876022338867
511 5.969524383544922
511 4.982471466064453
511 4.015445709228516
511 4.984140396118164
511 7.00068473815918
511 4.021167755126953
511 4.975795745849609
511 5.9986114501953125
511 5.012989044189453
511 3.996133804321289
511 5.991935729980469
511 5.019664764404297
511 4.981040954589844
511 6.997823715209961
511 5.018472671508789
511 4.040718078613281
511 5.941867828369141
511 4.019737243652344
511 3.9985179901123047
511 4.001855850219727
511 0.9822845458984375
511 5.9967041015625
511 4.998445510864258
511 4.0035247802734375
511 12.053728103637695
511 10.947704315185547
511 12.000799179077148
511 15.00082015991211
511 15.00701904296875
511 13.988018035888672
511 23.006916046142578
511 17.001867294311523
511 17.002344131469727
511 20.003795623779297
511 21.997451782226562
511 20.99609375
511 17.002105712890625
511 17.998695373535156
511 22.005558013916016
511 12.99142837524414
511 14.004230499267578
511 0.0
511 28.00130844116211
511 19.012451171875
511 14.982938766479492
511 13.000249862670898
511 12.00103759765625
511 13.99993896484375
511 11.014223098754883
511 7.9860687255859375
511 9.016036987304688
511 9.989261627197266
511 12.006044387817383
511 11.989355087280273
511 6.04248046875
511 4.997968673706055
511 6.000518798828125
511 6.009578704833984
511 4.951000213623047
511 10.002374649047852
511 11.999130249023438
511 11.037349700927734
511 6.01649284362793
511 3.9849281311035156
511 5.014896392822266
511 4.945278167724609
511 6.045341491699219
511 4.996538162231445
511 4.996299743652344
511 3.968954086303711
511 7.033348083496094
511 5.00035285949707
511 4.002094268798828
511 5.015850067138672
511 3.9968490600585938
511 4.999876022338867
511 4.984855651855469
511 4.032611846923828
511 5.020380020141602
511 3.94439697265625
511 5.0296783447265625
511 3.988504409790039
511 4.993438720703125
511 4.040241241455078
511 4.968166351318359
511 3.9632320404052734
511 5.016326904296875
511 4.000663757324219
511 4.017829895019531
511 3.9825439453125
511 3.9985179901123047
511 4.018068313598633
511 4.013538360595703
511 4.9953460693359375
511 3.973722457885742
511 4.999876022338867
511 4.608154296875
511 4.001379013061523
511 5.00035285949707
511 4.9953460693359375
511 4.128456115722656
511 4.871368408203125
511 4.010677337646484
511 5.020380020141602
511 6.979227066040039
511 7.02667236328125
511 5.963802337646484
511 5.986690521240234
511 7.995367050170898
511 6.00743293762207
511 6.961822509765625
511 7.062435150146484
511 6.974458694458008
511 7.597446441650391
511 6.008148193359375
511 7.979869842529297
511 7.022619247436523
511 6.981849670410156
511 7.012844085693359
511 5.94639778137207
511 8.036613464355469
511 6.00433349609375
511 7.010221481323242
511 9.987115859985352
511 8.00633430480957
511 6.002664566040039
511 7.991552352905273
511 7.016897201538086
511 6.943702697753906
511 5.037069320678711
511 5.0048828125
511 11.965274810791016
511 9.001016616821289
511 7.993221282958984
511 5.998849868774414
511 4.998207092285156
511 7.002353668212891
511 6.037712097167969
511 7.012844085693359
511 6.947994232177734
511 6.036281585693359
511 7.004499435424805
511 6.960391998291016
511 7.05409049987793
511 5.9967041015625
511 5.992650985717773
511 9.012699127197266
511 4.983425140380859
511 8.961915969848633
511 12.003421783447266
511 8.038759231567383
511 4.99415397644043
511 8.962154388427734
511 8.04448127746582
511 6.974697113037109
511 7.981777191162109
511 7.018327713012695
511 12.98832893371582
511 12.036800384521484
511 10.964632034301758
511 7.033109664916992
511 8.002758026123047
511 8.992195129394531
511 6.963491439819336
511 6.041526794433594
511 4.9991607666015625
511 8.010387420654297
511 6.985187530517578
511 6.004810333251953
511 7.996082305908203
511 8.999347686767578
511 7.997989654541016
511 7.001399993896484
511 6.000280380249023
511 6.023645401000977
511 7.985830307006836
511 7.996082305908203
511 5.995988845825195
511 4.008769989013672
511 3.990650177001953
511 3.961801528930664
511 5.043506622314453
511 3.9937496185302734
511 4.004240036010742
511 3.9975643157958984
511 3.999471664428711
511 4.000186920166016
511 3.997802734375
511 4.004716873168945
511 5.01704216003418
511 0.9799003601074219
511 2.9985904693603516
511 5.000829696655273
511 6.962060928344727
511 7.037639617919922
511 6.011962890625
511 5.992889404296875
511 6.005764007568359
511 4.992485046386719
511 4.0130615234375
511 3.9839744567871094
511 4.008769989013672
511 4.99272346496582
511 2.9981136322021484
511 4.604101181030273
511 4.018068313598633
511 3.9844512939453125
511 4.002094268798828
511 3.995180130004883
511 4.009246826171875
511 3.9930343627929688
511 3.967761993408203
511 4.051446914672852
511 3.96728515625
511 5.0201416015625
511 0.0
511 3.9548873901367188
511 4.055023193359375
511 3.983736038208008
511 3.003358840942383
511 3.9942264556884766
511 3.000974655151367
511 5.015134811401367
511 3.0150413513183594
511 3.97491455078125
511 2.958536148071289
511 5.036830902099609
511 3.028392791748047
511 3.9949417114257812
511 2.9778480529785156
511 4.60362434387207
511 4.039764404296875
511 2.9973983764648438
511 3.9958953857421875
511 2.9592514038085938
511 5.04755973815918
511 3.0078887939453125
511 2.9981136322021484
511 4.000663757324219
511 4.00233268737793
511 2.993345260620117
511 4.00543212890625
511 2.991914749145508
511 5.005598068237305
511 3.996610641479492
511 0.0
511 4.004955291748047
511 2.9931068420410156
511 4.967451095581055
511 5.041599273681641
511 2.9981136322021484
511 3.0260086059570312
511 4.991769790649414
511 6.004095077514648
511 3.979921340942383
511 3.0069351196289062
511 3.9474964141845703
511 5.046844482421875
511 2.9973983764648438
511 3.9992332458496094
511 5.965948104858398
511 6.033420562744141
511 6.000280380249023
511 3.9577484130859375
511 4.060983657836914
511 2.991914749145508
511 3.9453506469726562
511 5.040168762207031
511 4.016399383544922
511 3.0126571655273438
511 3.99017333984375
511 3.0040740966796875
511 3.9741992950439453
511 4.024505615234375
511 2.9816627502441406
511 5.0067901611328125
511 3.000974655151367
511 5.028963088989258
511 2.9621124267578125
511 3.996133804321289
511 3.9598941802978516
511 4.06193733215332
511 3.009796142578125
511 3.970623016357422
511 4.015445709228516
511 2.995729446411133
511 3.9920806884765625
511 3.0121803283691406
511 3.9827823638916016
511 3.031015396118164
511 3.9682388305664062
511 4.034519195556641
511 3.9958953857421875
511 3.974437713623047
511 2.996683120727539
511 4.004955291748047
511 4.9953460693359375
511 2.9990673065185547
511 4.970073699951172
511 5.992650985717773
511 7.037878036499023
511 3.9620399475097656
511 5.067348480224609
511 2.9745101928710938
511 4.000425338745117
511 2.9609203338623047
511 5.034208297729492
511 3.0050277709960938
511 3.998994827270508
511 3.002166748046875
511 3.993988037109375
511 3.9987564086914062
511 3.000974655151367
511 4.006385803222656
511 2.997159957885742
511 4.957675933837891
511 4.039764404296875
511 4.001379013061523
511 3.962278366088867
511 5.033969879150391
511 4.006147384643555
511 3.0126571655273438
511 2.9997825622558594
511 4.019975662231445
511 3.9288997650146484
511 4.992246627807617
511 4.004001617431641
511 6.000518798828125
511 4.044294357299805
511 2.9916763305664062
511 4.961252212524414
511 4.045963287353516
511 3.626585006713867
511 3.000974655151367
511 3.9424896240234375
511 4.037380218505859
511 4.024267196655273
511 3.982067108154297
511 3.956317901611328
511 4.039525985717773
511 2.99835205078125
511 4.017353057861328
511 3.001689910888672
511 4.989385604858398
511 3.9992332458496094
511 0.0
511 4.009723663330078
511 3.9873123168945312
511 2.9938220977783203
511 4.001379013061523
511 4.004478454589844
511 3.001689910888672
511 3.9958953857421875
511 3.9594173431396484
511 5.000591278076172
511 7.040739059448242
511 4.96220588684082
511 5.045413970947266
511 3.9739608764648438
511 5.014657974243164
511 4.002809524536133
511 3.9970874786376953
511 4.00233268737793
511 3.9997100830078125
511 5.001306533813477
511 3.9992332458496094
511 4.006624221801758
511 3.9911270141601562
511 2.9633045196533203
511 4.036903381347656
511 5.000114440917969
511 4.021167755126953
511 2.9511451721191406
511 4.030942916870117
511 3.9963722229003906
511 3.0014514923095703
511 4.997491836547852
511 3.0083656311035156
511 3.9887428283691406
511 0.0
511 3.0052661895751953
511 4.013299942016602
511 3.944873809814453
511 4.045009613037109
511 5.9528350830078125
511 4.065990447998047
511 4.952192306518555
511 5.031108856201172
511 3.0107498168945312
511 2.9964447021484375
511 3.9827823638916016
511 3.008127212524414
511 3.990650177001953
511 0.0
511 4.000663757324219
511 3.020048141479492
511 3.9818286895751953
511 5.0067901611328125
511 4.001379013061523
