1023 31.99911117553711
1023 8.991479873657227
1023 11.0015869140625
1023 11.017560958862305
1023 8.951663970947266
1023 9.634971618652344
1023 9.961843490600586
1023 10.06174087524414
1023 9.95779037475586
1023 8.015632629394531
1023 9.000539779663086
1023 8.002996444702148
1023 10.000228881835938
1023 9.001016616821289
1023 9.960412979125977
1023 9.995460510253906
1023 10.001182556152344
1023 14.049768447875977
1023 9.989261627197266
1023 9.006261825561523
1023 8.992433547973633
1023 9.00411605834961
1023 8.997678756713867
1023 9.001493453979492
1023 8.020639419555664
1023 11.001825332641602
1023 13.94033432006836
1023 9.040594100952148
1023 9.02104377746582
1023 8.977890014648438
1023 7.996559143066406
1023 9.001016616821289
1023 6.961345672607422
1023 9.037256240844727
1023 8.99958610534668
1023 8.986473083496094
1023 8.014678955078125
1023 9.005069732666016
1023 8.993387222290039
1023 8.010387420654297
1023 7.990837097167969
1023 8.009672164916992
1023 8.009672164916992
1023 8.939504623413086
1023 9.050130844116211
1023 8.007526397705078
1023 9.01031494140625
1023 6.970643997192383
1023 10.004758834838867
1023 8.002519607543945
1023 8.998394012451172
1023 7.999897003173828
1023 8.025169372558594
1023 5.019903182983398
1023 0.0
1023 7.915019989013672
1023 9.036064147949219
1023 9.030818939208984
1023 7.976770401000977
1023 8.994102478027344
1023 7.018089294433594
1023 9.991884231567383
1023 7.995843887329102
1023 8.001565933227539
1023 7.9936981201171875
1023 7.999897003173828
1023 7.996320724487305
1023 9.006738662719727
1023 7.002830505371094
1023 8.954524993896484
1023 8.042335510253906
1023 8.999347686767578
1023 8.014440536499023
1023 7.981300354003906
1023 8.017301559448242
1023 7.674932479858398
1023 7.045269012451172
1023 9.999275207519531
1023 10.992050170898438
1023 8.001565933227539
1023 8.997440338134766
1023 9.009838104248047
1023 8.991241455078125
1023 9.96255874633789
1023 9.05156135559082
1023 11.030912399291992
1023 9.032011032104492
1023 8.002042770385742
1023 8.996963500976562
1023 9.005546569824219
1023 7.994890213012695
1023 9.999752044677734
1023 8.000373840332031
1023 7.997989654541016
1023 8.018016815185547
1023 7.989168167114258
1023 7.996320724487305
1023 8.002519607543945
1023 8.002042770385742
1023 7.996559143066406
1023 7.957220077514648
1023 7.998466491699219
1023 9.001016616821289
1023 7.998943328857422
1023 9.05466079711914
1023 7.994890213012695
1023 7.999420166015625
1023 9.009599685668945
1023 13.990402221679688
1023 10.992288589477539
1023 7.0056915283203125
1023 3.9930343627929688
1023 8.004426956176758
1023 9.954690933227539
1023 11.039257049560547
1023 8.999824523925781
1023 9.003639221191406
1023 11.015653610229492
1023 10.946035385131836
1023 54.013729095458984
1023 27.98914909362793
1023 26.015043258666992
1023 25.003910064697266
1023 25.97665786743164
1023 19.976139068603516
1023 19.001245498657227
1023 22.998809814453125
1023 20.008325576782227
1023 35.99858283996582
1023 26.009082794189453
1023 19.542694091796875
1023 14.997005462646484
1023 9.002923965454102
1023 8.979082107543945
1023 11.022329330444336
1023 8.995771408081055
1023 8.036136627197266
1023 8.006811141967773
1023 8.944272994995117
1023 8.998632431030273
1023 7.006406784057617
1023 13.000965118408203
1023 13.029813766479492
1023 7.962226867675781
1023 8.999824523925781
1023 9.000301361083984
1023 8.000850677490234
1023 10.041236877441406
1023 8.99505615234375
1023 8.999347686767578
1023 8.004188537597656
1023 8.994102478027344
1023 9.09113883972168
1023 9.922027587890625
1023 7.992029190063477
1023 7.995128631591797
1023 8.018970489501953
1023 8.00013542175293
1023 12.941837310791016
1023 11.000394821166992
1023 10.998725891113281
1023 9.000539779663086
1023 8.047819137573242
1023 7.956027984619141
1023 8.03685188293457
1023 10.980367660522461
1023 7.01904296875
1023 9.002447128295898
1023 7.981061935424805
1023 8.018255233764648
1023 8.000612258911133
1023 7.965326309204102
1023 8.033037185668945
1023 9.003639221191406
1023 8.00466537475586
1023 7.953166961669922
1023 8.037090301513672
1023 8.005857467651367
1023 7.997751235961914
1023 8.002758026123047
1023 7.994413375854492
1023 8.01706314086914
1023 9.989023208618164
1023 8.956670761108398
1023 9.03940200805664
1023 8.997678756713867
1023 8.009195327758789
1023 7.997274398803711
1023 10.957479476928711
1023 13.998985290527344
1023 13.007164001464844
1023 9.028196334838867
1023 10.608911514282227
1023 8.029460906982422
1023 9.998083114624023
1023 9.125709533691406
1023 8.168220520019531
1023 7.998228073120117
1023 8.004903793334961
1023 9.693145751953125
1023 8.001089096069336
1023 11.073589324951172
1023 8.007049560546875
1023 11.99483871459961
1023 12.014150619506836
1023 11.96146011352539
1023 9.034156799316406
1023 8.004188537597656
1023 2.9964447021484375
1023 11.991500854492188
1023 11.074304580688477
1023 10.036468505859375
1023 10.217666625976562
1023 8.964300155639648
1023 8.999347686767578
1023 10.053634643554688
1023 10.98322868347168
1023 7.998943328857422
1023 9.003877639770508
1023 9.004592895507812
1023 7.992029190063477
1023 8.007526397705078
1023 7.993936538696289
1023 8.005619049072266
1023 9.21177864074707
1023 8.067607879638672
1023 8.01849365234375
1023 8.061885833740234
1023 8.056879043579102
1023 7.090330123901367
1023 8.273839950561523
1023 7.030010223388672
1023 9.007692337036133
1023 8.001089096069336
1023 7.688760757446289
1023 8.058547973632812
1023 7.996797561645508
1023 8.071660995483398
1023 8.095264434814453
1023 7.979393005371094
1023 7.010459899902344
1023 8.991479873657227
1023 8.01229476928711
1023 7.993936538696289
1023 8.007049560546875
1023 6.979942321777344
1023 8.034229278564453
1023 7.97581672668457
1023 7.0133209228515625
1023 9.001016616821289
1023 7.016897201538086
1023 8.052349090576172
1023 8.978128433227539
1023 7.746696472167969
1023 8.00013542175293
1023 7.997989654541016
1023 6.726503372192383
1023 7.94672966003418
1023 9.035587310791016
1023 8.001565933227539
1023 7.732391357421875
1023 6.9522857666015625
1023 8.132457733154297
1023 6.972074508666992
1023 16.10088348388672
1023 18.100500106811523
1023 13.954877853393555
1023 11.054515838623047
1023 7.981300354003906
1023 9.997367858886719
1023 7.963418960571289
1023 8.036136627197266
1023 8.001327514648438
1023 9.005546569824219
1023 8.994817733764648
1023 7.999658584594727
1023 8.001327514648438
1023 8.180856704711914
1023 8.089303970336914
1023 8.027791976928711
1023 8.164644241333008
1023 9.151697158813477
1023 9.996414184570312
1023 8.65316390991211
1023 11.075973510742188
1023 9.994268417358398
1023 10.009050369262695
1023 8.974313735961914
1023 11.01994514465332
1023 9.997844696044922
1023 8.999824523925781
1023 10.997533798217773
1023 9.984493255615234
1023 11.679410934448242
1023 11.610984802246094
1023 8.054494857788086
1023 10.08296012878418
1023 8.158683776855469
1023 8.248567581176758
1023 8.911371231079102
1023 8.002996444702148
1023 11.652708053588867
1023 11.031150817871094
1023 9.03630256652832
1023 10.957717895507812
1023 10.996580123901367
1023 10.000467300415039
1023 8.997917175292969
1023 10.999917984008789
1023 9.053707122802734
1023 9.944915771484375
1023 10.996818542480469
1023 9.045839309692383
1023 8.955240249633789
1023 11.01994514465332
1023 10.002851486206055
1023 10.977745056152344
1023 9.999513626098633
1023 13.019561767578125
1023 10.994911193847656
1023 8.985280990600586
1023 4.019975662231445
1023 8.980512619018555
1023 12.018203735351562
1023 9.984254837036133
1023 10.997772216796875
1023 10.99848747253418
1023 8.000850677490234
1023 9.998798370361328
1023 7.000207901000977
1023 9.999752044677734
1023 6.999969482421875
1023 7.999897003173828
1023 6.999969482421875
1023 8.000373840332031
1023 7.999897003173828
1023 9.000301361083984
1023 12.006044387817383
1023 9.032487869262695
1023 10.975360870361328
1023 8.032083511352539
1023 0.9927749633789062
1023 7.999897003173828
1023 7.006645202636719
1023 8.993864059448242
1023 9.006500244140625
1023 7.9936981201171875
1023 7.0247650146484375
1023 8.992671966552734
1023 7.948160171508789
1023 11.99650764465332
1023 8.998394012451172
1023 7.999658584594727
1023 10.001897811889648
1023 8.046388626098633
1023 7.973194122314453
1023 9.027242660522461
1023 7.953643798828125
1023 12.004852294921875
1023 12.996673583984375
1023 9.003639221191406
1023 8.996725082397461
1023 8.003950119018555
1023 11.05046272277832
1023 8.945703506469727
1023 8.04281234741211
1023 9.996414184570312
1023 7.996559143066406
1023 9.963274002075195
1023 15.044927597045898
1023 15.95449447631836
1023 11.018753051757812
1023 12.978553771972656
1023 11.01064682006836
1023 10.002613067626953
1023 12.010335922241211
1023 9.979963302612305
1023 10.016679763793945
1023 9.019613265991211
1023 8.974790573120117
1023 10.03885269165039
1023 10.986328125
1023 8.986711502075195
1023 12.980222702026367
1023 11.016845703125
1023 9.530067443847656
1023 9.050607681274414
1023 8.93545150756836
1023 9.003400802612305
1023 8.044242858886719
1023 7.955074310302734
1023 9.037017822265625
1023 9.003877639770508
1023 8.959293365478516
1023 9.051084518432617
1023 9.973764419555664
1023 9.015083312988281
1023 10.006904602050781
1023 7.991790771484375
1023 9.002208709716797
1023 7.9975128173828125
1023 10.980844497680664
1023 7.977962493896484
1023 7.046937942504883
1023 7.000446319580078
1023 9.991884231567383
1023 7.02667236328125
1023 9.977340698242188
1023 9.004354476928711
1023 9.012937545776367
1023 8.945465087890625
1023 9.052038192749023
1023 7.945060729980469
1023 8.00466537475586
1023 10.032892227172852
1023 8.007526397705078
1023 8.952140808105469
1023 7.999658584594727
1023 11.003732681274414
1023 10.997295379638672
1023 22.013425827026367
1023 31.003236770629883
1023 29.987096786499023
1023 52.004337310791016
1023 50.99678039550781
1023 26.52740478515625
1023 25.997400283813477
1023 23.998260498046875
1023 26.999711990356445
1023 18.00251007080078
1023 18.9971923828125
1023 22.00484275817871
1023 21.995067596435547
1023 12.99905776977539
1023 15.019416809082031
1023 13.981342315673828
1023 12.99905776977539
1023 13.003110885620117
1023 12.998819351196289
1023 10.997533798217773
1023 12.004375457763672
1023 21.99864387512207
1023 13.998270034790039
1023 12.002229690551758
1023 11.018514633178711
1023 13.981819152832031
1023 14.015913009643555
1023 13.02957534790039
1023 14.95361328125
1023 13.999462127685547
1023 10.997772216796875
1023 12.022018432617188
1023 17.98105239868164
1023 19.020557403564453
1023 15.977144241333008
1023 10.019302368164062
1023 8.980989456176758
1023 10.01882553100586
1023 9.000301361083984
1023 9.983539581298828
1023 15.016794204711914
1023 8.985280990600586
1023 8.038520812988281
1023 0.0
1023 9.00888442993164
1023 8.991241455078125
1023 5.003690719604492
1023 8.002758026123047
1023 9.988069534301758
1023 9.01341438293457
1023 7.992744445800781
1023 8.958101272583008
1023 8.001327514648438
1023 9.035825729370117
1023 7.96198844909668
1023 8.03995132446289
1023 7.996797561645508
1023 9.000539779663086
1023 7.017850875854492
1023 8.982658386230469
1023 7.999181747436523
1023 9.025812149047852
1023 6.997108459472656
1023 9.978532791137695
1023 7.963418960571289
1023 9.054899215698242
1023 7.942676544189453
1023 8.046627044677734
1023 8.027315139770508
1023 8.963584899902344
1023 7.964849472045898
1023 8.690595626831055
1023 6.9713592529296875
1023 9.019851684570312
1023 8.942842483520508
1023 8.99815559387207
1023 9.004592895507812
1023 12.001991271972656
1023 10.01429557800293
1023 9.029150009155273
1023 8.012771606445312
1023 7.941961288452148
1023 7.626533508300781
1023 10.030984878540039
1023 10.999441146850586
1023 10.999917984008789
1023 11.966705322265625
1023 11.997222900390625
1023 10.036706924438477
1023 9.000301361083984
1023 8.997917175292969
1023 8.001089096069336
1023 8.959531784057617
1023 9.022235870361328
1023 10.012626647949219
1023 8.999824523925781
1023 10.000467300415039
1023 8.961915969848633
1023 8.063793182373047
1023 4.936695098876953
1023 9.997129440307617
1023 12.003898620605469
1023 12.04538345336914
1023 9.98830795288086
1023 9.000301361083984
1023 9.014368057250977
1023 8.94927978515625
1023 9.035587310791016
1023 10.036945343017578
1023 7.928371429443359
1023 8.052825927734375
1023 9.950399398803711
1023 9.052753448486328
1023 7.981777191162109
1023 8.003950119018555
1023 7.996559143066406
1023 8.004426956176758
1023 8.996248245239258
1023 9.003162384033203
1023 9.99593734741211
1023 7.00068473815918
1023 8.997440338134766
1023 6.004810333251953
1023 9.99903678894043
1023 9.009838104248047
1023 8.986711502075195
1023 8.738279342651367
1023 7.999658584594727
1023 12.004375457763672
1023 9.006261825561523
1023 8.950948715209961
1023 7.999897003173828
1023 9.000778198242188
1023 10.047435760498047
1023 9.960651397705078
1023 11.989831924438477
1023 10.006427764892578
1023 10.035037994384766
1023 8.00776481628418
1023 8.99195671081543
1023 10.015010833740234
1023 11.960029602050781
1023 12.028932571411133
1023 9.99307632446289
1023 9.018659591674805
1023 9.987831115722656
1023 8.997917175292969
1023 7.017850875854492
1023 8.983373641967773
1023 7.957220077514648
1023 9.035587310791016
1023 7.963895797729492
1023 10.066509246826172
1023 8.972883224487305
1023 8.003950119018555
1023 8.954048156738281
1023 7.999420166015625
1023 10.000944137573242
1023 10.043859481811523
1023 11.959314346313477
1023 11.996269226074219
1023 9.03940200805664
1023 9.014368057250977
1023 7.991313934326172
1023 8.00180435180664
1023 8.00180435180664
1023 9.011983871459961
1023 8.013725280761719
1023 6.973743438720703
1023 8.9569091796875
1023 8.036613464355469
1023 7.982015609741211
1023 7.012844085693359
1023 8.998394012451172
1023 8.013486862182617
1023 7.976293563842773
1023 9.964704513549805
1023 8.040666580200195
1023 7.957696914672852
1023 7.0362091064453125
1023 8.034706115722656
1023 7.977485656738281
1023 10.98942756652832
1023 8.015155792236328
1023 9.98377799987793
1023 7.009983062744141
1023 10.001659393310547
1023 9.002923965454102
1023 11.951208114624023
1023 10.022163391113281
1023 8.020401000976562
1023 8.951425552368164
1023 8.999824523925781
1023 7.999897003173828
1023 9.000301361083984
1023 8.046150207519531
1023 8.959531784057617
1023 10.042190551757812
1023 7.991552352905273
1023 8.006572723388672
1023 7.0018768310546875
1023 8.009672164916992
1023 7.983922958374023
1023 9.003162384033203
1023 7.997035980224609
1023 9.020328521728516
1023 7.999420166015625
1023 7.978200912475586
1023 7.001161575317383
1023 8.021831512451172
1023 6.97779655456543
1023 8.009672164916992
1023 8.018255233764648
1023 7.973194122314453
1023 6.998538970947266
1023 9.00125503540039
1023 8.999347686767578
1023 8.0108642578125
1023 9.951114654541016
1023 12.114524841308594
1023 17.023801803588867
1023 18.04065704345703
1023 15.196561813354492
1023 12.000083923339844
1023 12.999296188354492
1023 11.518478393554688
1023 10.514020919799805
1023 12.518882751464844
1023 13.05389404296875
1023 10.033369064331055
1023 7.001399993896484
1023 8.996725082397461
1023 7.005929946899414
1023 8.011102676391602
1023 7.000446319580078
1023 9.013891220092773
1023 7.946252822875977
1023 10.036230087280273
1023 9.000062942504883
1023 9.001970291137695
1023 7.997751235961914
1023 9.06062126159668
1023 9.044170379638672
1023 9.06825065612793
1023 8.01229476928711
1023 8.986949920654297
1023 9.133100509643555
1023 17.672061920166016
1023 10.036230087280273
1023 9.003162384033203
1023 8.998870849609375
1023 10.007381439208984
1023 8.993387222290039
1023 8.999109268188477
1023 9.998798370361328
1023 8.039474487304688
1023 8.034467697143555
1023 8.054494857788086
1023 8.077144622802734
1023 9.011268615722656
1023 7.985353469848633
1023 7.998466491699219
1023 8.020401000976562
1023 13.623714447021484
1023 10.941505432128906
1023 9.070873260498047
1023 7.043600082397461
1023 8.999824523925781
1023 8.593559265136719
1023 8.965253829956055
1023 8.52346420288086
1023 8.522272109985352
1023 9.523391723632812
1023 7.383108139038086
1023 8.525848388671875
1023 8.997440338134766
1023 8.554220199584961
1023 7.523059844970703
1023 8.52656364440918
1023 9.00125503540039
1023 9.045839309692383
1023 6.997346878051758
1023 8.956193923950195
1023 9.06682014465332
1023 7.978200912475586
1023 7.991313934326172
1023 9.08350944519043
1023 9.041786193847656
1023 9.046554565429688
1023 9.03010368347168
1023 8.036375045776367
1023 8.338451385498047
1023 8.057594299316406
1023 9.005069732666016
1023 9.960412979125977
1023 9.096622467041016
1023 9.98067855834961
1023 10.021686553955078
1023 10.065317153930664
1023 4.056215286254883
1023 8.093595504760742
1023 7.990598678588867
1023 8.082389831542969
1023 8.052587509155273
1023 10.08152961730957
1023 8.074760437011719
1023 11.00611686706543
1023 8.99362564086914
1023 8.995294570922852
1023 8.999824523925781
1023 10.004281997680664
1023 8.960247039794922
1023 14.000415802001953
1023 10.033845901489258
1023 8.017539978027344
1023 8.197784423828125
1023 0.0
1023 8.56781005859375
1023 8.556127548217773
1023 8.578300476074219
1023 9.100914001464844
1023 8.042573928833008
1023 9.992837905883789
1023 9.038209915161133
1023 8.011341094970703
1023 9.945392608642578
1023 9.0484619140625
1023 7.997751235961914
1023 7.958889007568359
1023 18.007755279541016
1023 11.985301971435547
1023 10.00070571899414
1023 7.999420166015625
1023 9.042024612426758
1023 9.998083114624023
1023 8.026361465454102
1023 7.976770401000977
1023 9.017229080200195
1023 7.989168167114258
1023 9.990453720092773
1023 7.970571517944336
1023 2.996206283569336
1023 11.998653411865234
1023 12.049436569213867
1023 7.9936981201171875
1023 8.995771408081055
1023 8.957862854003906
1023 8.062124252319336
1023 7.999420166015625
1023 6.984233856201172
1023 9.016275405883789
1023 7.993936538696289
1023 8.941888809204102
1023 8.00013542175293
1023 7.999658584594727
1023 8.000373840332031
1023 7.999658584594727
1023 9.000062942504883
1023 9.081602096557617
1023 8.962392807006836
1023 8.016347885131836
1023 8.98122787475586
1023 7.008075714111328
1023 9.005069732666016
1023 7.987737655639648
1023 8.002042770385742
1023 7.019281387329102
1023 8.978128433227539
1023 9.009122848510742
1023 12.01629638671875
1023 11.98577880859375
1023 10.951757431030273
1023 5.005121231079102
1023 5.031585693359375
1023 10.005950927734375
1023 8.99362564086914
1023 8.623838424682617
1023 7.993221282958984
1023 8.014202117919922
1023 7.983207702636719
1023 9.015083312988281
1023 8.989095687866211
1023 7.997274398803711
1023 8.000612258911133
1023 9.011268615722656
1023 7.9936981201171875
1023 8.99958610534668
1023 6.995201110839844
1023 8.99958610534668
1023 8.00633430480957
1023 9.011268615722656
1023 9.943485260009766
1023 10.998249053955078
1023 8.000373840332031
1023 8.99958610534668
1023 10.006189346313477
1023 13.014078140258789
1023 9.029626846313477
1023 8.010625839233398
1023 8.979558944702148
1023 7.961034774780273
1023 10.037899017333984
1023 8.021116256713867
1023 8.980274200439453
1023 7.999181747436523
1023 8.021831512451172
1023 7.989168167114258
1023 8.036375045776367
1023 6.963968276977539
1023 7.999897003173828
1023 7.0171356201171875
1023 8.993148803710938
1023 7.988214492797852
1023 9.992122650146484
1023 8.035898208618164
1023 8.984804153442383
1023 6.988525390625
1023 10.991096496582031
1023 11.014461517333984
1023 7.948160171508789
1023 10.068893432617188
1023 8.082151412963867
1023 9.107112884521484
1023 8.445262908935547
1023 8.994102478027344
1023 9.078741073608398
1023 7.602453231811523
1023 7.993936538696289
1023 8.148908615112305
1023 8.047819137573242
1023 8.183717727661133
1023 7.192134857177734
1023 7.989168167114258
1023 8.026361465454102
1023 8.015871047973633
1023 7.065296173095703
1023 7.972240447998047
1023 8.037328720092773
1023 8.6212158203125
1023 9.007692337036133
1023 8.58759880065918
1023 8.005142211914062
1023 8.954286575317383
1023 8.040428161621094
1023 10.009527206420898
1023 8.991241455078125
1023 9.01174545288086
1023 7.994651794433594
1023 8.992671966552734
1023 9.006500244140625
1023 12.156963348388672
1023 14.020919799804688
1023 11.980295181274414
1023 9.035587310791016
1023 9.019851684570312
1023 7.982730865478516
1023 9.004354476928711
1023 3.020048141479492
1023 9.935140609741211
1023 8.035898208618164
1023 9.003877639770508
1023 7.9975128173828125
1023 9.001731872558594
1023 8.084297180175781
1023 7.956743240356445
1023 8.048057556152344
1023 15.94686508178711
1023 11.014938354492188
1023 8.021116256713867
1023 7.998228073120117
1023 9.017467498779297
1023 7.9822540283203125
1023 7.966518402099609
1023 8.995532989501953
1023 7.997751235961914
1023 9.011030197143555
1023 8.996009826660156
1023 7.953166961669922
1023 9.002685546875
1023 8.058309555053711
1023 8.01992416381836
1023 7.985115051269531
1023 7.990598678588867
1023 13.995647430419922
1023 11.996746063232422
1023 7.998466491699219
1023 10.01119613647461
1023 7.96055793762207
1023 8.980512619018555
1023 9.002923965454102
1023 9.068489074707031
1023 8.993148803710938
1023 7.004976272583008
1023 8.995532989501953
1023 7.998228073120117
1023 8.014440536499023
1023 7.998466491699219
1023 8.951187133789062
1023 8.042573928833008
1023 9.998559951782227
1023 10.007381439208984
1023 15.952587127685547
1023 10.996341705322266
1023 9.0789794921875
1023 8.979558944702148
1023 7.980823516845703
1023 9.59467887878418
1023 6.999969482421875
1023 9.004592895507812
1023 8.960247039794922
1023 9.035348892211914
1023 7.007122039794922
1023 8.998632431030273
1023 8.997678756713867
1023 7.996797561645508
1023 8.000850677490234
1023 9.966850280761719
1023 20.998001098632812
1023 31.00109100341797
1023 30.00187873840332
1023 43.97225379943848
1023 46.00071907043457
1023 42.99736022949219
1023 30.000925064086914
1023 30.001401901245117
1023 24.995088577270508
1023 19.002676010131836
1023 26.000499725341797
1023 18.004894256591797
1023 18.99242401123047
1023 12.997627258300781
1023 13.001203536987305
1023 15.002727508544922
1023 22.001981735229492
1023 12.995481491088867
1023 10.997295379638672
1023 12.000799179077148
1023 11.000633239746094
1023 11.999368667602539
1023 9.99903678894043
1023 10.000944137573242
1023 9.999513626098633
1023 12.001991271972656
1023 10.020256042480469
1023 10.978937149047852
1023 9.998559951782227
1023 11.00015640258789
1023 9.999752044677734
1023 10.001420974731445
1023 9.998798370361328
1023 8.999824523925781
1023 8.999824523925781
1023 12.004613876342773
1023 11.996269226074219
1023 10.000228881835938
1023 12.999534606933594
1023 11.00015640258789
1023 9.999513626098633
1023 10.515213012695312
1023 10.999202728271484
1023 10.000228881835938
1023 13.00048828125
1023 11.99960708618164
1023 10.001659393310547
1023 10.99848747253418
1023 9.999513626098633
1023 18.00370216369629
1023 11.999368667602539
1023 11.999845504760742
1023 9.000301361083984
1023 11.017322540283203
1023 14.982938766479492
1023 13.000249862670898
1023 12.016534805297852
1023 10.984659194946289
1023 11.996746063232422
1023 11.002779006958008
1023 11.995792388916016
1023 14.000654220581055
1023 14.021635055541992
1023 14.991044998168945
