65535 47369.42195892334
65535 1136.3561153411865
65535 750.2505779266357
65535 1260.7758045196533
65535 965.5380249023438
65535 792.001485824585
65535 876.5170574188232
65535 812.9439353942871
65535 1195.6524848937988
65535 982.48291015625
65535 1180.0317764282227
65535 1091.0227298736572
65535 1374.8724460601807
65535 1247.1985816955566
65535 934.5364570617676
65535 969.498872756958
65535 1118.1528568267822
65535 1233.4611415863037
65535 894.9997425079346
65535 1017.5774097442627
65535 979.2463779449463
65535 986.5779876708984
65535 1476.9749641418457
65535 970.5314636230469
65535 987.5426292419434
65535 918.5130596160889
65535 1365.6139373779297
65535 1335.6049060821533
65535 801.5105724334717
65535 937.497615814209
65535 888.8273239135742
65535 1420.088529586792
65535 854.5153141021729
65535 925.5218505859375
65535 885.5509757995605
65535 1098.2909202575684
65535 1300.865888595581
65535 920.5172061920166
65535 867.5129413604736
65535 1023.564338684082
65535 971.3265895843506
65535 1801.3849258422852
65535 1092.508316040039
65535 1029.9930572509766
65535 1133.4445476531982
65535 1548.2017993927002
65535 1211.519718170166
65535 1015.5389308929443
65535 843.3153629302979
65535 1279.1881561279297
65535 1235.475778579712
65535 844.5541858673096
65535 900.1803398132324
65535 980.7877540588379
65535 1657.261848449707
65535 964.5226001739502
65535 875.5154609680176
65535 977.9160022735596
65535 1318.7379837036133
65535 1072.5271701812744
65535 898.5140323638916
65535 790.518045425415
65535 955.1374912261963
65535 1077.8603553771973
65535 1124.6085166931152
65535 1387.0971202850342
65535 2143.5606479644775
65535 1914.7999286651611
65535 918.5154438018799
65535 797.9998588562012
65535 1037.2755527496338
65535 1356.907844543457
65535 909.611701965332
65535 882.556676864624
65535 875.5342960357666
65535 793.6484813690186
65535 1490.213394165039
65535 854.5341491699219
65535 1104.6171188354492
65535 871.5295791625977
65535 964.9043083190918
65535 1154.9077033996582
65535 898.6263275146484
65535 1046.534776687622
65535 1013.6463642120361
65535 795.6786155700684
65535 1229.856252670288
65535 1095.1642990112305
65535 934.5545768737793
65535 802.5753498077393
65535 764.6329402923584
65535 1228.5003662109375
65535 987.0295524597168
65535 889.5165920257568
65535 909.5075130462646
65535 835.9472751617432
65535 1018.0432796478271
65535 1155.2317142486572
65535 806.023120880127
65535 911.4997386932373
65535 1105.9350967407227
65535 1001.305103302002
65535 1015.3157711029053
65535 874.5176792144775
65535 830.9967517852783
65535 897.5613117218018
65535 844.5477485656738
65535 1218.8305854797363
65535 811.5134239196777
65535 935.539722442627
65535 906.5048694610596
65535 791.9089794158936
65535 1221.9984531402588
65535 1001.4214515686035
65535 866.5156364440918
65535 853.9998531341553
65535 879.8525333404541
65535 1280.045747756958
65535 1069.108486175537
65535 829.0197849273682
65535 971.5075492858887
65535 963.2079601287842
65535 1245.9511756896973
65535 1038.1593704223633
65535 846.9834327697754
65535 821.5193748474121
65535 1025.4507064819336
65535 954.4353485107422
65535 1364.3724918365479
65535 777.5750160217285
65535 840.5110836029053
65535 942.0597553253174
65535 865.1478290557861
65535 1298.5105514526367
65535 976.5145778656006
65535 851.5112400054932
65535 935.6341361999512
65535 949.3706226348877
65535 1230.4880619049072
65535 883.9986324310303
65535 1057.0290088653564
65535 960.0708484649658
65535 1258.6207389831543
65535 1295.5634593963623
65535 925.59814453125
65535 1089.5118713378906
65535 863.0657196044922
65535 1436.077356338501
65535 933.0136775970459
65535 854.5160293579102
65535 921.5798377990723
65535 927.5004863739014
65535 1202.0673751831055
65535 900.5205631256104
65535 893.5537338256836
65535 890.5203342437744
65535 940.1614665985107
65535 1242.067813873291
65535 1029.1988849639893
65535 870.5170154571533
65535 830.5518627166748
65535 892.136812210083
65535 1026.3662338256836
65535 1222.6879596710205
65535 831.9888114929199
65535 913.5403633117676
65535 787.1408462524414
65535 836.5027904510498
65535 1264.4269466400146
65535 1007.5063705444336
65535 899.5556831359863
65535 809.525728225708
65535 913.6579036712646
65535 1237.623691558838
65535 900.5084037780762
65535 926.5146255493164
65535 843.613862991333
65535 813.4305477142334
65535 1083.6305618286133
65535 1170.4213619232178
65535 952.5556564331055
65535 889.5370960235596
65535 907.2465896606445
65535 1306.5032958984375
65535 963.566780090332
65535 925.5523681640625
65535 996.9451427459717
65535 864.4094467163086
65535 1271.7375755310059
65535 833.5585594177246
65535 893.2285308837891
65535 957.5192928314209
65535 947.0643997192383
65535 1289.2377376556396
65535 927.5262355804443
65535 851.9985675811768
65535 1169.0430641174316
65535 2128.312587738037
65535 2148.070812225342
65535 1654.1469097137451
65535 1882.519245147705
65535 1787.0979309082031
65535 1699.0697383880615
65535 3189.049243927002
65535 2677.629232406616
65535 2192.615270614624
65535 2537.8448963165283
65535 2713.0844593048096
65535 2514.888286590576
65535 2330.6453227996826
65535 2033.0688953399658
65535 2520.092725753784
65535 1144.634485244751
65535 838.0014896392822
65535 1288.8891696929932
65535 1073.5208988189697
65535 915.5158996582031
65535 822.5185871124268
65535 761.9326114654541
65535 1139.8322582244873
65535 1236.2265586853027
65535 1275.0718593597412
65535 1881.1709880828857
65535 2456.76326751709
65535 1094.6483612060547
65535 828.995943069458
65535 1301.1186122894287
65535 1266.0183906555176
65535 898.247241973877
65535 894.6242332458496
65535 961.2390995025635
65535 1235.105276107788
65535 1155.5399894714355
65535 971.0614681243896
65535 947.1714496612549
65535 1041.9602394104004
65535 1364.5555973052979
65535 874.06325340271
65535 974.4853973388672
65535 1114.8550510406494
65535 1221.7252254486084
65535 1028.1174182891846
65535 788.6168956756592
65535 909.6112251281738
65535 1034.8281860351562
65535 947.3693370819092
65535 1108.0858707427979
65535 872.0550537109375
65535 1011.1372470855713
65535 862.8041744232178
65535 874.2787837982178
65535 1382.8446865081787
65535 878.3814907073975
65535 842.0610427856445
65535 960.1025581359863
65535 869.0102100372314
65535 1437.5739097595215
65535 1081.5184116363525
65535 943.5677528381348
65535 845.5672264099121
65535 1017.3976421356201
65535 1344.2161083221436
65535 986.6173267364502
65535 886.2066268920898
65535 939.9929046630859
65535 1238.1956577301025
65535 1397.193193435669
65535 1458.488941192627
65535 3066.3647651672363
65535 3233.348846435547
65535 2170.3317165374756
65535 1587.4967575073242
65535 1887.1562480926514
65535 1971.6081619262695
65535 1341.1939144134521
65535 1015.9580707550049
65535 2848.752737045288
65535 2136.139392852783
65535 3026.6332626342773
65535 1251.575231552124
65535 2133.2004070281982
65535 3105.91459274292
65535 3012.601137161255
65535 3323.749780654907
65535 2220.4246520996094
65535 2692.7649974823
65535 6833.648681640625
65535 3237.3359203338623
65535 8227.006912231445
65535 6156.681060791016
65535 3866.9214248657227
65535 2958.1081867218018
65535 3324.624538421631
65535 3377.185821533203
65535 2639.1730308532715
65535 1289.1807556152344
65535 1123.105764389038
65535 1016.6921615600586
65535 2107.4378490448
65535 1429.6560287475586
65535 1252.5074481964111
65535 1332.4949741363525
65535 1242.0756816864014
65535 1311.5172386169434
65535 940.5758380889893
65535 1930.8648109436035
65535 1093.07861328125
65535 1378.5536289215088
65535 965.1453495025635
65535 1303.579330444336
65535 1695.5039501190186
65535 2387.768030166626
65535 1851.1557579040527
65535 1129.5850276947021
65535 1515.1214599609375
65535 1623.0452060699463
65535 1301.0990619659424
65535 770.6434726715088
65535 1027.961015701294
65535 898.9272117614746
65535 1562.4198913574219
65535 909.9588394165039
65535 797.1436977386475
  1193154 888.9672756195068
1193154 1147.571325302124
1193154 1581.7370414733887
1193154 810.6250762939453
1193154 903.4337997436523
1193154 702.2976875305176
1193154 842.0088291168213
1193154 717.0741558074951
1193154 1582.6940536499023
1193154 1740.400791168213
1193154 928.2472133636475
1193154 990.2200698852539
1193154 1378.7200450897217
1193154 1015.0625705718994
1193154 883.5713863372803
1193154 1086.7063999176025
1193154 1131.9255828857422
1193154 873.5313415527344
1193154 940.2985572814941
1193154 1788.109302520752
1193154 2022.343635559082
1193154 1250.5548000335693
1193154 1145.7743644714355
1193154 1327.2430896759033
1193154 1858.2837581634521
1193154 1413.2802486419678
1193154 1096.3821411132812
1193154 1542.001724243164
1193154 1159.3480110168457
1193154 878.5793781280518
1193154 960.486650466919
1193154 823.03786277771
1193154 1701.9603252410889
1193154 878.8108825683594
1193154 757.2824954986572
1193154 839.1039371490479
1193154 764.6844387054443
1193154 1292.2132015228271
1193154 959.6006870269775
1193154 820.9002017974854
1193154 681.0779571533203
1193154 944.047212600708
1193154 1332.5350284576416
1193154 1053.6603927612305
1193154 1113.976240158081
1193154 1129.2195320129395
1193154 957.0138454437256
1193154 1406.214952468872
1193154 827.5535106658936
1193154 936.1138343811035
1193154 947.0398426055908
1193154 1126.9683837890625
1193154 1447.9928016662598
1193154 846.8141555786133
1193154 1312.711477279663
1193154 938.2920265197754
1193154 1966.9561386108398
1193154 828.5794258117676
1193154 990.5564785003662
1193154 932.6574802398682
1193154 1170.6159114837646
1193154 1179.0258884429932
1193154 739.9435043334961
1193154 899.9829292297363
1193154 992.8605556488037
1193154 1580.5602073669434
1193154 872.0302581787109
1193154 787.6739501953125
1193154 870.9664344787598
1193154 1350.2707481384277
1193154 2700.765371322632
1193154 1151.7090797424316
1193154 751.0442733764648
1193154 1601.2823581695557
1193154 920.0632572174072
1193154 1022.2427845001221
1193154 924.9911308288574
1193154 1156.3372611999512
1193154 1550.4956245422363
1193154 1039.5424365997314
1193154 1062.5426769256592
1193154 1656.04829788208
1193154 1507.751703262329
1193154 1180.1292896270752
1193154 680.0508499145508
1193154 825.1276016235352
1193154 1184.2622756958008
1193154 757.6942443847656
1193154 693.8090324401855
1193154 673.2578277587891
1193154 747.5218772888184
1193154 798.6745834350586
1193154 983.0412864685059
1193154 923.4151840209961
1193154 783.2248210906982
1193154 897.0706462860107
1193154 768.5840129852295
1193154 904.9367904663086
1193154 1195.8296298980713
1193154 839.1561508178711
1193154 651.3051986694336
1193154 712.9998207092285
1193154 763.0019187927246
1193154 897.0775604248047
1193154 1095.0086116790771
1193154 781.06689453125
1193154 774.9555110931396
1193154 823.0404853820801
1193154 674.6582984924316
1193154 1033.9736938476562
1193154 1140.7532691955566
1193154 958.1458568572998
1193154 836.6446495056152
1193154 788.6245250701904
1193154 828.0849456787109
1193154 1213.6173248291016
1193154 1161.6220474243164
1193154 913.0685329437256
1193154 997.936487197876
1193154 829.8754692077637
1193154 1358.3929538726807
1193154 729.6047210693359
1193154 678.0920028686523
1193154 706.2816619873047
1193154 789.9796962738037
1193154 731.9998741149902
1193154 1244.530200958252
1193154 825.3540992736816
1193154 739.2456531524658
1193154 750.108003616333
1193154 714.0192985534668
1193154 724.9860763549805
1193154 1289.9954319000244
1193154 899.7232913970947
1193154 639.6048069000244
1193154 830.8355808258057
1193154 703.9375305175781
1193154 700.1957893371582
1193154 1123.3265399932861
1193154 803.5531044006348
1193154 705.6803703308105
1193154 785.9997749328613
1193154 717.2009944915771
1193154 814.51416015625
1193154 1251.1744499206543
1193154 865.4124736785889
1193154 726.6838550567627
1193154 628.6561489105225
1193154 789.4775867462158
1193154 962.0473384857178
1193154 1310.7795715332031
1193154 817.451000213623
1193154 695.6870555877686
1193154 695.04714012146
1193154 738.5799884796143
1193154 753.1640529632568
1193154 1159.7108840942383
1193154 895.9758281707764
1193154 802.4115562438965
1193154 847.5284576416016
1193154 713.2084369659424
1193154 895.6141471862793
1193154 1197.8883743286133
1193154 786.8032455444336
1193154 819.0193176269531
1193154 738.0199432373047
1193154 779.9594402313232
1193154 1687.166690826416
1193154 1133.9781284332275
1193154 1447.2949504852295
1193154 1221.992015838623
1193154 1544.9442863464355
1193154 890.190601348877
1193154 1033.0007076263428
1193154 898.9980220794678
1193154 1033.5173606872559
1193154 1054.5003414154053
1193154 937.5696182250977
1193154 887.232780456543
1193154 935.002326965332
1193154 840.9698009490967
1193154 1220.8247184753418
1193154 722.9306697845459
1193154 822.4101066589355
1193154 745.5155849456787
1193154 845.1147079467773
1193154 1554.1377067565918
1193154 1421.044111251831
1193154 1090.5780792236328
1193154 791.4531230926514
1193154 1551.1550903320312
1193154 1262.6419067382812
1193154 1160.7146263122559
1193154 1292.6106452941895
1193154 1695.3425407409668
1193154 1272.3290920257568
1193154 1132.7357292175293
1193154 779.0498733520508
1193154 664.048433303833
1193154 1078.758955001831
1193154 906.5945148468018
1193154 799.3569374084473
1193154 711.1105918884277
1193154 881.0739517211914
1193154 711.6804122924805
1193154 1133.2616806030273
1193154 801.363468170166
1193154 675.0466823577881
1193154 715.0123119354248
1193154 774.6007442474365
1193154 780.5585861206055
1193154 1381.3517093658447
1193154 797.1346378326416
1193154 739.1119003295898
1193154 895.9553241729736
1193154 743.5142993927002
1193154 989.3777370452881
1193154 824.1345882415771
1193154 719.449520111084
1193154 826.848030090332
1193154 797.0201969146729
1193154 771.6453075408936
1193154 668.327808380127
1193154 1117.9759502410889
1193154 978.6839485168457
1193154 705.000638961792
1193154 750.0021457672119
1193154 814.220666885376
1193154 995.9700107574463
1193154 892.7569389343262
1193154 733.806848526001
1193154 773.4823226928711
1193154 776.4809131622314
1193154 769.1903114318848
1193154 955.5637836456299
1193154 1030.574083328247
1193154 765.0988101959229
1193154 704.3745517730713
1193154 857.0125102996826
1193154 942.471981048584
1193154 888.2772922515869
1193154 1036.8735790252686
1193154 658.642053604126
1193154 863.0106449127197
1193154 838.9911651611328
1193154 806.0214519500732
1193154 1153.4719467163086
1193154 804.5876026153564
1193154 913.4979248046875
1193154 702.0022869110107
1193154 783.6184501647949
1193154 844.6590900421143
1193154 1073.99320602417
1193154 822.5035667419434
1193154 803.8291931152344
1193154 796.3876724243164
1193154 909.9955558776855
1193154 1089.672327041626
1193154 977.9994487762451
1193154 785.1440906524658
1193154 741.518497467041
1193154 741.8458461761475
1193154 841.5787220001221
1193154 1110.4860305786133
1193154 869.5080280303955
1193154 714.5876884460449
1193154 715.6586647033691
1193154 894.1154479980469
1193154 709.9595069885254
1193154 1090.0545120239258
1193154 982.5460910797119
1193154 686.9556903839111
1193154 676.5971183776855
1193154 820.0733661651611
1193154 766.5688991546631
1193154 981.6648960113525
1193154 1160.559892654419
1193154 820.0545310974121
1193154 615.7753467559814
1193154 743.0500984191895
1193154 786.9932651519775
1193154 1148.4010219573975
1193154 1132.4949264526367
1193154 810.0531101226807
1193154 804.2192459106445
1193154 698.6408233642578
1193154 783.5142612457275
1193154 1356.93359375
1193154 857.7978610992432
1193154 915.877103805542
1193154 1130.4962635040283
1193154 1327.1152973175049
1193154 1161.5419387817383
1193154 881.596565246582
1193154 936.95068359375
1193154 993.2763576507568
1193154 2233.264684677124
1193154 2326.509952545166
1193154 1472.61643409729
1193154 1823.5862255096436
1193154 1705.007553100586
1193154 1832.792043685913
1193154 1689.9070739746094
1193154 938.6677742004395
1193154 1535.9716415405273
1193154 2290.065288543701
1193154 1009.0975761413574
1193154 1208.0812454223633
1193154 1992.7456378936768
1193154 780.5800437927246
1193154 912.5978946685791
1193154 1275.1350402832031
1193154 1151.5495777130127
1193154 1026.623010635376
1193154 1121.0975646972656
1193154 1336.2910747528076
1193154 1709.855556488037
1193154 1983.0882549285889
1193154 1133.5813999176025
1193154 2761.738061904907
1193154 2292.8833961486816
1193154 4052.121877670288
1193154 3190.5062198638916
1193154 3945.6722736358643
1193154 1832.1754932403564
1193154 1486.0644340515137
1193154 2469.893217086792
1193154 2330.6541442871094
1193154 1399.5890617370605
1193154 2242.915630340576
1193154 1143.5215473175049
1193154 1205.6355476379395
1193154 1885.4973316192627
1193154 1205.5690288543701
1193154 819.7765350341797
1193154 1533.891201019287
1193154 2319.533348083496
1193154 1747.9655742645264
1193154 2038.0077362060547
1193154 1747.9698657989502
1193154 1459.2068195343018
1193154 1990.0200366973877
1193154 2027.7512073516846
1193154 1202.9900550842285
1193154 1366.424322128296
1193154 1320.2645778656006
1193154 902.6534557342529
1193154 811.5630149841309
1193154 941.1029815673828
1193154 1253.25345993042
1193154 1170.5353260040283
1193154 874.1195201873779
1193154 998.0759620666504
1193154 956.2549591064453
1193154 1280.3640365600586
1193154 897.773027420044
1193154 817.1865940093994
1193154 820.2352523803711
1193154 942.0652389526367
1193154 1314.1415119171143
1193154 1100.0804901123047
1193154 898.5507488250732
1193154 877.5994777679443
1193154 851.4766693115234
1193154 1065.6673908233643
1193154 956.2604427337646
1193154 1120.7611560821533
1193154 1296.5755462646484
1193154 1031.811237335205
1193154 1738.577127456665
1193154 775.0778198242188
1193154 815.9909248352051
1193154 728.0726432800293
1193154 817.5182342529297
1193154 1705.9428691864014
1193154 1029.6776294708252
1193154 1004.5006275177002
1193154 1786.6060733795166
1193154 1552.4280071258545
1193154 1244.8976039886475
1193154 733.0887317657471
1193154 769.768238067627
1193154 1020.7858085632324
1193154 1025.3686904907227
1193154 1171.2729930877686
1193154 1170.637845993042
1193154 735.1772785186768
1193154 1641.754388809204
1193154 865.3039932250977
1193154 1014.0047073364258
1193154 805.7680130004883
1193154 908.1048965454102
1193154 1429.3687343597412
1193154 819.7541236877441
1193154 931.6661357879639
1193154 836.1132144927979
1193154 812.7646446228027
1193154 1362.4327182769775
1193154 909.4152450561523
1193154 1098.0145931243896
1193154 1082.1995735168457
1193154 1703.6864757537842
1193154 912.8556251525879
1193154 727.6561260223389
1193154 777.0490646362305
1193154 899.8029232025146
1193154 718.7826633453369
1193154 1126.7263889312744
1193154 807.4119091033936
1193154 733.243465423584
1193154 872.2429275512695
1193154 843.2166576385498
1193154 959.754467010498
1193154 876.795768737793
1193154 689.3265247344971
1193154 763.5889053344727
1193154 758.0976486206055
1193154 1078.561782836914
1193154 1077.2590637207031
1193154 901.0610580444336
1193154 999.1545677185059
1193154 831.040620803833
1193154 1731.5080165863037
1193154 1369.5549964904785
1193154 760.5676651000977
1193154 844.0706729888916
1193154 738.1119728088379
1193154 836.1754417419434
1193154 1180.657148361206
1193154 844.0747261047363
1193154 713.3121490478516
1193154 694.6542263031006
1193154 810.0178241729736
1193154 854.63547706604
1193154 1713.2647037506104
1193154 970.9351062774658
1193154 907.1691036224365
1193154 790.0955677032471
1193154 1363.9671802520752
1193154 1172.4846363067627
1193154 659.7597599029541
1193154 706.6867351531982
1193154 787.6579761505127
1193154 832.6263427734375
1193154 1621.1631298065186
1193154 1051.194667816162
1193154 642.6146030426025
1193154 724.6875762939453
1193154 824.7706890106201
1193154 1008.0492496490479
1193154 1103.614091873169
1193154 900.1104831695557
1193154 779.6516418457031
1193154 820.676326751709
1193154 764.2219066619873
1193154 1312.7963542938232
1193154 811.2297058105469
1193154 939.0225410461426
1193154 952.6562690734863
1193154 831.2013149261475
1193154 1498.08669090271
1193154 1048.5281944274902
1193154 762.6330852508545
1193154 1119.6739673614502
1193154 1492.7690029144287
1193154 1249.0496635437012
1193154 639.0657424926758
1193154 923.6404895782471
1193154 790.0574207305908
1193154 753.547191619873
1193154 1192.8355693817139
1193154 763.2038593292236
1193154 712.590217590332
1193154 1056.5524101257324
1193154 1397.608757019043
1193154 1421.3149547576904
1193154 793.0934429168701
1193154 723.670482635498
1193154 774.0328311920166
1193154 757.8043937683105
1193154 1011.4846229553223
1193154 1040.8859252929688
1193154 833.6589336395264
1193154 830.6548595428467
1193154 630.3296089172363
1193154 827.2361755371094
1193154 999.232292175293
1193154 904.7372341156006
1193154 851.8939018249512
1193154 795.7303524017334
1193154 702.0835876464844
1193154 846.8928337097168
1193154 1048.8500595092773
1193154 986.5016937255859
1193154 786.2956523895264
1193154 783.7123870849609
1193154 963.0129337310791
1193154 826.030969619751
1193154 1057.131052017212
1193154 780.4720401763916
1193154 758.2182884216309
1193154 862.7543449401855
1193154 839.2446041107178
1193154 815.5763149261475
1193154 1019.0370082855225
1193154 869.7800636291504
1193154 973.257303237915
1193154 1050.6649017333984
1193154 1073.0674266815186
1193154 1155.1532745361328
1193154 799.6108531951904
1193154 918.0595874786377
1193154 737.992525100708
1193154 1139.0013694763184
1193154 1486.0916137695312
1193154 1177.6397228240967
1193154 905.4474830627441
1193154 1023.6053466796875
1193154 1203.6445140838623
1193154 1156.8877696990967
1193154 851.6626358032227
1193154 829.7023773193359
1193154 907.1943759918213
1193154 1183.2807064056396
1193154 980.1082611083984
1193154 1030.6670665740967
1193154 1318.1252479553223
1193154 1223.2446670532227
1193154 1418.6592102050781
1193154 870.6021308898926
1193154 1115.6327724456787
1193154 936.8307590484619
1193154 1234.4017028808594
1193154 1245.021104812622
1193154 778.6459922790527
1193154 849.999189376831
1193154 910.6905460357666
1193154 1593.6353206634521
1193154 846.4710712432861
1193154 773.6213207244873
1193154 938.5113716125488
1193154 851.999044418335
1193154 1167.1907901763916
1193154 1095.9031581878662
1193154 1031.6154956817627
1193154 977.5130748748779
1193154 874.1602897644043
1193154 1452.6383876800537
1193154 803.9984703063965
1193154 915.0776863098145
1193154 984.0643405914307
1193154 954.1096687316895
1193154 1370.0275421142578
1193154 746.2024688720703
1193154 789.008617401123
1193154 1045.670747756958
1193154 964.3495082855225
1193154 1509.3448162078857
1193154 809.2777729034424
1193154 775.4790782928467
1193154 715.4996395111084
1193154 1037.5730991363525
1193154 1103.8191318511963
1193154 1143.1214809417725
1193154 999.537467956543
1193154 982.1810722351074
1193154 1323.3239650726318
1193154 1683.1820011138916
1193154 873.5473155975342
1193154 935.5146884918213
