8191 628.0055046081543
8191 157.0110321044922
8191 199.51677322387695
8191 124.97854232788086
8191 117.00248718261719
8191 103.99770736694336
8191 115.00024795532227
8191 220.00861167907715
8191 299.99279975891113
8191 121.51622772216797
8191 123.0001449584961
8191 179.0022850036621
8191 216.0038948059082
8191 136.9922161102295
8191 100.61144828796387
8191 110.05067825317383
8191 101.96495056152344
8191 105.01956939697266
8191 97.15652465820312
8191 120.75614929199219
8191 104.61902618408203
8191 106.58788681030273
8191 100.54516792297363
8191 98.6030101776123
8191 140.82837104797363
8191 99.74002838134766
8191 111.38439178466797
8191 110.9933853149414
8191 121.0625171661377
8191 108.97517204284668
8191 137.96448707580566
8191 129.99582290649414
8191 114.00341987609863
8191 108.04486274719238
8191 126.99103355407715
8191 138.9632225036621
8191 133.99863243103027
8191 135.04385948181152
8191 116.01948738098145
8191 128.00955772399902
8191 126.92999839782715
8191 102.05268859863281
8191 167.9975986480713
8191 96.94981575012207
8191 99.08652305603027
8191 97.0163345336914
8191 143.94640922546387
8191 318.0210590362549
8191 176.01442337036133
8191 185.6060028076172
8191 212.9685878753662
8191 154.01530265808105
8191 162.9931926727295
8191 175.95529556274414
8191 127.03704833984375
8191 112.00881004333496
8191 94.0089225769043
8191 88.9437198638916
8191 107.99956321716309
8191 100.006103515625
8191 113.60430717468262
8191 110.00657081604004
8191 126.03092193603516
8191 105.00311851501465
8191 96.00591659545898
8191 109.57598686218262
8191 104.97331619262695
8191 115.0200366973877
8191 96.13180160522461
8191 93.10126304626465
8191 110.95738410949707
8191 96.9991683959961
8191 95.05891799926758
8191 101.00007057189941
8191 99.9906063079834
8191 85.61110496520996
8191 106.75168037414551
8191 105.00955581665039
8191 93.99795532226562
8191 124.96590614318848
8191 99.04813766479492
8191 120.08237838745117
8191 100.0359058380127
8191 95.00241279602051
8191 144.99926567077637
8191 151.99851989746094
8191 93.994140625
8191 269.9570655822754
8191 234.01832580566406
8191 148.05245399475098
8191 160.58945655822754
8191 194.61655616760254
8191 164.99924659729004
8191 112.00356483459473
8191 124.99260902404785
8191 100.0680923461914
8191 106.54067993164062
8191 90.13128280639648
8191 99.87783432006836
8191 118.11947822570801
8191 105.03554344177246
8191 111.95111274719238
8191 101.03702545166016
8191 102.00929641723633
8191 96.42434120178223
8191 117.34938621520996
8191 95.61491012573242
8191 84.7318172454834
8191 90.54303169250488
8191 106.03904724121094
8191 89.28775787353516
8191 127.05016136169434
8191 95.9935188293457
8191 116.02926254272461
8191 139.9698257446289
8191 117.0191764831543
8191 106.99272155761719
8191 105.99160194396973
8191 106.9953441619873
8191 119.00162696838379
8191 106.01973533630371
8191 132.51447677612305
8191 100.616455078125
8191 86.99774742126465
8191 100.99172592163086
8191 99.01738166809082
8191 109.58552360534668
8191 173.0043888092041
8191 314.99195098876953
8191 243.96896362304688
8191 175.01568794250488
8191 167.01531410217285
8191 168.92123222351074
8191 165.15207290649414
8191 104.98356819152832
8191 104.00724411010742
8191 85.00957489013672
8191 118.00360679626465
8191 91.02344512939453
8191 111.98163032531738
8191 91.97330474853516
8191 90.04521369934082
8191 93.92404556274414
8191 123.11029434204102
8191 85.98995208740234
8191 89.26606178283691
8191 98.27208518981934
8191 95.5805778503418
8191 120.0249195098877
8191 117.98262596130371
8191 93.59383583068848
8191 98.90890121459961
8191 98.9985466003418
8191 107.00011253356934
8191 86.99321746826172
8191 86.99679374694824
8191 98.62589836120605
8191 105.05247116088867
8191 101.0134220123291
8191 98.02055358886719
8191 152.96649932861328
8191 88.99950981140137
8191 83.96530151367188
8191 120.06640434265137
8191 96.59934043884277
8191 131.97898864746094
8191 142.98558235168457
8191 102.01573371887207
8191 115.01479148864746
8191 114.64142799377441
8191 188.95602226257324
8191 341.94159507751465
8191 258.5597038269043
8191 167.01102256774902
8191 196.95138931274414
8191 170.03774642944336
8191 132.0645809173584
8191 115.01908302307129
8191 100.9824275970459
8191 90.49677848815918
8191 94.64740753173828
8191 130.22160530090332
8191 99.99966621398926
8191 119.9493408203125
8191 124.03464317321777
8191 84.61332321166992
8191 87.46695518493652
8191 89.7986888885498
8191 130.33390045166016
8191 102.99253463745117
8191 86.60030364990234
8191 91.08734130859375
8191 98.98543357849121
8191 84.02228355407715
8191 103.97601127624512
8191 109.01856422424316
8191 109.61484909057617
8191 89.05386924743652
8191 111.99450492858887
8191 90.99841117858887
8191 107.01274871826172
8191 100.98910331726074
8191 106.00829124450684
8191 112.99300193786621
8191 121.0482120513916
8191 118.00432205200195
8191 95.01266479492188
8191 94.98190879821777
8191 90.00182151794434
8191 83.0225944519043
8191 87.97621726989746
8191 119.61531639099121
8191 192.5680637359619
8191 328.5181522369385
8191 212.0058536529541
8191 167.03176498413086
8191 117.0046329498291
8191 130.9947967529297
8191 95.01123428344727
8191 101.00078582763672
8191 90.05165100097656
8191 97.29266166687012
8191 90.31033515930176
8191 85.36982536315918
8191 101.17506980895996
8191 105.84735870361328
8191 86.73954010009766
8191 99.04813766479492
8191 108.82711410522461
8191 107.11479187011719
8191 101.03392601013184
8191 95.9925651550293
8191 89.19787406921387
8191 115.97728729248047
8191 90.00205993652344
8191 90.667724609375
8191 100.74567794799805
8191 101.06039047241211
8191 110.99028587341309
8191 110.94307899475098
8191 94.0556526184082
8191 93.98102760314941
8191 82.68022537231445
8191 88.98138999938965
8191 115.99087715148926
8191 85.00194549560547
8191 107.01656341552734
8191 107.59568214416504
8191 142.33827590942383
8191 99.02215003967285
8191 133.00371170043945
8191 102.02765464782715
8191 92.987060546875
8191 102.03123092651367
8191 101.00841522216797
8191 119.00448799133301
8191 130.95402717590332
8191 398.0133533477783
8191 164.02959823608398
8191 176.01633071899414
8191 209.46145057678223
8191 183.0003261566162
8191 127.99763679504395
8191 96.0383415222168
8191 117.0189380645752
8191 87.98480033874512
8191 125.95963478088379
8191 115.25750160217285
8191 95.97587585449219
8191 92.06175804138184
8191 118.98303031921387
8191 103.01375389099121
8191 85.98041534423828
8191 95.00503540039062
8191 104.01439666748047
8191 107.98239707946777
8191 94.97880935668945
8191 95.00527381896973
8191 93.15133094787598
8191 101.05228424072266
8191 97.65195846557617
8191 99.98583793640137
8191 107.98215866088867
8191 87.96119689941406
8191 107.0549488067627
8191 108.98351669311523
8191 105.01670837402344
8191 112.64729499816895
8191 101.56488418579102
8191 96.0090160369873
8191 107.99455642700195
8191 101.99952125549316
8191 122.05100059509277
8191 120.99027633666992
8191 101.03631019592285
8191 92.96870231628418
8191 127.96211242675781
8191 106.03523254394531
8191 300.9622097015381
8191 225.57640075683594
8191 176.94854736328125
8191 165.00401496887207
8191 181.60605430603027
8191 197.54552841186523
8191 117.02585220336914
8191 94.00057792663574
8191 91.00818634033203
8191 97.6419448852539
8191 99.0142822265625
8191 97.00155258178711
8191 103.98626327514648
8191 100.01087188720703
8191 97.98145294189453
8191 122.0560073852539
8191 87.00776100158691
8191 96.93455696105957
8191 107.03706741333008
8191 99.00188446044922
8191 111.99808120727539
8191 119.96197700500488
8191 91.04537963867188
8191 100.01254081726074
8191 96.98724746704102
8191 100.06499290466309
8191 114.00008201599121
8191 99.99632835388184
8191 106.61745071411133
8191 89.02287483215332
8191 126.03759765625
8191 91.95899963378906
8191 90.03448486328125
8191 110.70513725280762
8191 111.62590980529785
8191 104.93946075439453
8191 123.63314628601074
8191 105.00073432922363
8191 117.0194149017334
8191 96.99892997741699
8191 93.60313415527344
8191 122.00045585632324
8191 183.9606761932373
8191 359.03215408325195
8191 181.99944496154785
8191 174.00002479553223
8191 158.00929069519043
8191 180.1614761352539
8191 183.0739974975586
8191 92.99993515014648
8191 96.95768356323242
8191 106.04262351989746
8191 109.99798774719238
8191 108.00671577453613
8191 96.99487686157227
8191 98.06942939758301
8191 97.99766540527344
8191 117.99979209899902
8191 92.00692176818848
8191 106.99343681335449
8191 90.00682830810547
8191 107.55228996276855
8191 107.00106620788574
8191 85.92605590820312
8191 83.35161209106445
8191 117.43569374084473
8191 105.98945617675781
8191 101.62782669067383
8191 89.01166915893555
8191 87.99004554748535
8191 97.99742698669434
8191 105.01742362976074
8191 88.58418464660645
8191 91.99953079223633
8191 131.03985786437988
8191 111.01245880126953
8191 128.04055213928223
8191 115.00072479248047
8191 97.99838066101074
8191 97.0001220703125
8191 92.02361106872559
8191 101.99093818664551
8191 106.0025691986084
8191 98.98638725280762
8191 87.99886703491211
8191 329.96058464050293
8191 211.04073524475098
8191 165.9562587738037
8191 203.0489444732666
8191 184.58795547485352
8191 174.00026321411133
8191 191.03002548217773
8191 153.9757251739502
8191 112.61844635009766
8191 110.60333251953125
8191 83.95624160766602
8191 121.00052833557129
8191 105.04579544067383
8191 83.01854133605957
8191 98.63138198852539
8191 96.85969352722168
8191 112.00761795043945
8191 97.99075126647949
8191 95.01814842224121
8191 85.94083786010742
8191 94.05922889709473
8191 18.990516662597656
8191 85.99233627319336
8191 98.53529930114746
8191 106.03690147399902
8191 93.0185317993164
8191 92.9872989654541
8191 95.00312805175781
8191 84.99002456665039
8191 85.02340316772461
8191 102.06961631774902
8191 116.97888374328613
8191 86.00473403930664
8191 96.0073471069336
8191 111.99259757995605
8191 102.60009765625
8191 99.29490089416504
8191 106.0178279876709
8191 93.99032592773438
8191 103.0128002166748
8191 114.98284339904785
8191 107.61427879333496
8191 159.0139865875244
8191 356.9962978363037
8191 193.0382251739502
8191 186.00010871887207
8191 184.60845947265625
8191 189.96453285217285
8191 106.63580894470215
8191 132.31945037841797
8191 82.04531669616699
8191 107.00082778930664
8191 145.01166343688965
8191 106.99605941772461
8191 104.01177406311035
8191 89.03074264526367
8191 111.01508140563965
8191 106.05382919311523
8191 111.98258399963379
8191 94.00153160095215
8191 88.04702758789062
8191 43.05148124694824
8191 83.0087661743164
8191 106.03713989257812
8191 101.06348991394043
8191 121.95491790771484
8191 121.0479736328125
8191 103.0118465423584
8191 100.9364128112793
8191 106.66179656982422
8191 97.98502922058105
8191 89.00570869445801
8191 110.99934577941895
8191 116.01400375366211
8191 98.99449348449707
8191 97.98288345336914
8191 121.00672721862793
8191 87.99481391906738
8191 107.00535774230957
8191 99.99632835388184
8191 128.9985179901123
8191 88.02247047424316
8191 85.97922325134277
8191 98.0215072631836
8191 115.99373817443848
8191 353.9462089538574
8191 230.03029823303223
8191 158.02955627441406
8191 177.4742603302002
8191 186.97500228881836
8191 146.01421356201172
8191 14.960050582885742
8191 105.05509376525879
8191 96.01020812988281
8191 89.9205207824707
8191 98.97756576538086
8191 107.99360275268555
8191 147.4168300628662
8191 93.10150146484375
8191 106.09889030456543
8191 108.98160934448242
8191 99.60818290710449
8191 94.04301643371582
8191 103.49678993225098
8191 94.66934204101562
8191 106.00113868713379
8191 103.00946235656738
8191 107.50770568847656
8191 113.9993667602539
8191 112.00332641601562
8191 98.01626205444336
8191 103.98435592651367
8191 115.00787734985352
8191 126.56807899475098
8191 91.05467796325684
8191 97.98860549926758
8191 96.00615501403809
8191 105.01790046691895
8191 100.98481178283691
8191 136.9929313659668
8191 89.56193923950195
8191 99.00355339050293
8191 92.10872650146484
8191 101.99117660522461
8191 90.00921249389648
8191 93.99080276489258
8191 114.01939392089844
8191 101.99236869812012
8191 344.5146083831787
8191 241.03999137878418
8191 216.61996841430664
8191 168.9927577972412
8191 183.48145484924316
8191 181.03861808776855
8191 103.01446914672852
8191 111.94705963134766
8191 118.04604530334473
8191 122.00093269348145
8191 101.99332237243652
8191 155.00640869140625
8191 122.02167510986328
8191 106.99200630187988
8191 101.96089744567871
8191 112.04075813293457
8191 91.01486206054688
8191 109.9996566772461
8191 88.98711204528809
8191 87.00299263000488
8191 97.05567359924316
8191 102.96034812927246
8191 95.04389762878418
8191 102.00834274291992
8191 91.62759780883789
8191 77.00109481811523
8191 104.96306419372559
8191 98.03509712219238
8191 128.0207633972168
8191 99.98750686645508
8191 92.06390380859375
8191 108.05678367614746
8191 156.96072578430176
8191 151.99971199035645
8191 123.63362312316895
8191 120.00179290771484
8191 96.0226058959961
8191 89.93959426879883
8191 100.03781318664551
8191 96.70758247375488
8191 213.63019943237305
8191 341.3572311401367
8191 163.99812698364258
8191 186.99359893798828
8191 131.06966018676758
8191 111.93537712097168
8191 105.96251487731934
8191 114.05086517333984
8191 96.97866439819336
8191 91.00651741027832
8191 114.63093757629395
8191 96.6956615447998
8191 104.8576831817627
8191 97.97787666320801
8191 110.08071899414062
8191 194.0321922302246
8191 101.01866722106934
8191 109.1468334197998
8191 143.0978775024414
8191 163.01226615905762
8191 154.97183799743652
8191 134.0160369873047
8191 108.02245140075684
8191 228.03616523742676
8191 129.55498695373535
8191 125.03218650817871
8191 90.00802040100098
8191 25.994062423706055
8191 95.02625465393066
8191 129.9285888671875
8191 144.087553024292
8191 139.99056816101074
8191 160.0055694580078
8191 146.99459075927734
8191 102.00095176696777
8191 107.99789428710938
8191 105.02052307128906
8191 113.50035667419434
8191 400.0093936920166
8191 214.99085426330566
8191 136.56377792358398
8191 133.04400444030762
8191 131.51168823242188
8191 150.0077247619629
8191 187.5154972076416
8191 130.6772232055664
8191 93.86873245239258
8191 91.37415885925293
8191 106.86206817626953
8191 101.17959976196289
8191 106.01425170898438
8191 98.97923469543457
8191 114.00294303894043
8191 117.99883842468262
8191 146.0111141204834
8191 109.06028747558594
8191 112.98155784606934
8191 83.07576179504395
8191 100.97908973693848
8191 97.01800346374512
8191 102.06222534179688
8191 93.00923347473145
8191 82.06439018249512
8191 85.94918251037598
8191 98.03414344787598
8191 95.98255157470703
8191 83.99820327758789
8191 93.01352500915527
8191 102.95724868774414
8191 106.02903366088867
8191 128.00192832946777
8191 126.6336441040039
8191 129.02021408081055
8191 105.98945617675781
8191 107.00154304504395
8191 97.9773998260498
8191 102.99921035766602
8191 99.0297794342041
8191 87.97812461853027
8191 110.01300811767578
8191 267.5633430480957
8191 225.616455078125
8191 177.0346164703369
8191 192.96503067016602
8191 168.10321807861328
8191 159.64794158935547
8191 89.05982971191406
8191 107.21206665039062
8191 97.18441963195801
8191 103.00278663635254
8191 113.04998397827148
8191 83.9998722076416
8191 112.61844635009766
8191 150.054931640625
8191 132.99846649169922
8191 97.0010757446289
8191 85.99853515625
8191 147.16386795043945
8191 137.38608360290527
8191 137.02630996704102
8191 115.97061157226562
8191 100.01230239868164
8191 138.01074028015137
8191 97.98264503479004
8191 111.99593544006348
8191 91.6290283203125
8191 103.98149490356445
8191 94.01631355285645
8191 97.00942039489746
8191 102.97465324401855
8191 92.99969673156738
8191 90.02161026000977
8191 210.97970008850098
8191 96.59457206726074
8191 121.6878890991211
8191 107.00273513793945
8191 107.00273513793945
8191 102.01144218444824
8191 102.93793678283691
8191 97.04041481018066
8191 184.51261520385742
8191 380.5387020111084
8191 161.03649139404297
8191 142.02380180358887
8191 121.9780445098877
8191 126.00588798522949
8191 181.12611770629883
8191 142.98224449157715
8191 106.03594779968262
8191 99.5938777923584
8191 144.98162269592285
8191 97.00250625610352
8191 110.015869140625
8191 129.58621978759766
8191 109.0545654296875
8191 95.01004219055176
8191 105.97372055053711
8191 106.98699951171875
8191 96.99320793151855
8191 151.99875831604004
8191 105.01837730407715
8191 95.61467170715332
8191 103.03711891174316
8191 101.01175308227539
8191 95.97373008728027
8191 95.00002861022949
8191 127.96235084533691
8191 131.03842735290527
8191 107.00106620788574
8191 95.99518775939941
8191 105.00144958496094
8191 112.01357841491699
8191 119.94767189025879
8191 119.04120445251465
8191 119.54164505004883
8191 135.01906394958496
8191 127.00057029724121
8191 127.00152397155762
8191 126.00874900817871
8191 107.0101261138916
8191 349.9410152435303
8191 157.73558616638184
8191 144.99640464782715
8191 165.01951217651367
8191 187.97898292541504
8191 186.5978240966797
8191 135.0085735321045
8191 175.9936809539795
8191 174.99685287475586
8191 99.00140762329102
8191 101.99618339538574
8191 103.06167602539062
8191 99.9915599822998
8191 100.39973258972168
8191 107.66363143920898
8191 85.99996566772461
8191 101.72200202941895
8191 114.71748352050781
8191 109.00020599365234
8191 155.9607982635498
8191 118.03936958312988
8191 110.01157760620117
8191 124.99141693115234
8191 133.99934768676758
8191 169.999361038208
8191 127.65669822692871
8191 90.96884727478027
8191 141.0350799560547
8191 116.99581146240234
8191 116.0120964050293
8191 115.99230766296387
8191 122.99728393554688
8191 171.00119590759277
8191 108.99829864501953
8191 120.08070945739746
8191 331.96496963500977
8191 378.57842445373535
8191 152.9991626739502
8191 167.95015335083008
8191 197.00360298156738
8191 198.0576515197754
8191 158.97774696350098
8191 98.9987850189209
8191 91.97235107421875
8191 333.0092430114746
8191 139.99319076538086
8191 129.60195541381836
8191 153.05852890014648
8191 142.96531677246094
8191 171.99254035949707
8191 182.57427215576172
8191 323.444128036499
8191 145.04313468933105
8191 103.99103164672852
8191 131.00385665893555
8191 147.97019958496094
8191 159.0266227722168
8191 126.00326538085938
8191 101.55200958251953
8191 115.04101753234863
8191 108.0021858215332
8191 168.99776458740234
8191 103.00540924072266
8191 107.99932479858398
8191 97.99718856811523
8191 101.99809074401855
8191 96.61245346069336
8191 95.08633613586426
8191 338.50598335266113
8191 516.4144039154053
8191 153.58948707580566
8191 216.0015106201172
8191 339.0238285064697
8191 383.97789001464844
8191 218.0349826812744
8191 135.98346710205078
8191 189.99910354614258
8191 203.0482292175293
8191 160.61639785766602
8191 337.937593460083
8191 276.0021686553955
8191 228.99460792541504
8191 227.9958724975586
8191 148.00214767456055
8191 176.53298377990723
8191 148.00000190734863
8191 126.9986629486084
8191 148.02074432373047
8191 122.98250198364258
8191 122.99680709838867
8191 142.0001983642578
8191 406.5406322479248
8191 151.00717544555664
8191 116.79792404174805
8191 140.56110382080078
8191 144.90151405334473
8191 145.52664756774902
8191 173.00105094909668
8191 125.99611282348633
8191 98.11830520629883
8191 104.50363159179688
8191 112.55002021789551
8191 115.03839492797852
8191 147.86672592163086
8191 105.01718521118164
8191 106.05287551879883
8191 107.9869270324707
8191 132.96151161193848
8191 122.04957008361816
8191 158.55717658996582
8191 117.0353889465332
8191 110.02063751220703
8191 92.98372268676758
8191 104.01725769042969
8191 85.98113059997559
8191 112.02836036682129
8191 186.60402297973633
8191 92.99373626708984
8191 102.99873352050781
8191 110.0013256072998
8191 98.00076484680176
8191 104.00009155273438
8191 109.99584197998047
8191 149.96337890625
8191 96.01736068725586
8191 110.02349853515625
8191 96.01092338562012
8191 93.98674964904785
8191 96.00591659545898
8191 90.01350402832031
8191 108.0009937286377
8191 305.9425354003906
8191 190.04130363464355
8191 169.9991226196289
8191 133.99815559387207
8191 86.00068092346191
8191 106.11629486083984
8191 99.05552864074707
8191 102.00953483581543
8191 102.99229621887207
8191 135.99824905395508
8191 132.96914100646973
8191 141.02816581726074
8191 102.61845588684082
8191 130.95426559448242
8191 101.99451446533203
8191 145.99919319152832
8191 124.03559684753418
8191 98.00457954406738
8191 102.7839183807373
8191 103.59692573547363
8191 92.90003776550293
8191 160.56203842163086
8191 224.99966621398926
8191 164.5193099975586
8191 256.02269172668457
8191 562.741756439209
8191 286.6089344024658
8191 159.03949737548828
8191 119.54832077026367
8191 109.98249053955078
8191 121.98567390441895
8191 114.0143871307373
8191 512.6438140869141
8191 360.5465888977051
8191 149.02424812316895
8191 148.96655082702637
8191 343.52612495422363
8191 146.02136611938477
8191 97.01776504516602
8191 110.96882820129395
8191 216.5696620941162
8191 153.45144271850586
8191 100.2800464630127
8191 96.95839881896973
8191 99.66087341308594
8191 87.65172958374023
8191 103.00540924072266
8191 100.99267959594727
8191 154.1287899017334
8191 231.83202743530273
8191 119.00162696838379
8191 105.5610179901123
8191 89.99824523925781
8191 92.51713752746582
8191 101.00054740905762
8191 100.99959373474121
8191 99.99966621398926
8191 113.00492286682129
8191 220.99685668945312
8191 146.00396156311035
8191 117.99359321594238
8191 109.50994491577148
8191 88.99974822998047
8191 99.00021553039551
8191 83.9993953704834
8191 95.0002670288086
8191 266.5565013885498
8191 293.99871826171875
8191 223.99616241455078
8191 165.0557518005371
8191 185.9445571899414
8191 183.03680419921875
8191 108.6125373840332
8191 107.68938064575195
8191 116.72163009643555
8191 148.70738983154297
8191 145.00021934509277
8191 141.74771308898926
8191 93.50824356079102
8191 145.00713348388672
8191 101.00245475769043
8191 111.13309860229492
8191 100.10504722595215
8191 115.95964431762695
8191 95.51620483398438
8191 141.00337028503418
8191 127.99668312072754
8191 100.01993179321289
8191 122.9848861694336
8191 130.0065517425537
8191 130.99336624145508
8191 173.9954948425293
8191 139.9979591369629
8191 98.9999771118164
8191 169.54970359802246
8191 165.9834384918213
8191 222.0001220703125
8191 132.99870491027832
8191 142.99798011779785
8191 125.99897384643555
8191 163.52510452270508
8191 416.184663772583
8191 212.71562576293945
8191 279.9379825592041
8191 179.01897430419922
8191 180.0086498260498
8191 119.02475357055664
8191 122.05982208251953
8191 107.9561710357666
8191 101.70269012451172
8191 95.01314163208008
8191 114.01844024658203
8191 118.99971961975098
8191 89.0190601348877
8191 97.01800346374512
8191 111.56797409057617
8191 112.32781410217285
8191 101.24039649963379
8191 99.23529624938965
8191 111.50717735290527
8191 108.02865028381348
8191 102.03361511230469
8191 112.99657821655273
8191 87.0046615600586
8191 103.59930992126465
8191 109.00473594665527
8191 92.00024604797363
8191 95.99494934082031
8191 113.96408081054688
8191 117.60616302490234
8191 124.04012680053711
8191 128.9994716644287
8191 108.00552368164062
8191 110.99839210510254
8191 157.00006484985352
8191 104.9962043762207
8191 105.99946975708008
8191 92.02098846435547
8191 110.98170280456543
8191 151.96967124938965
8191 308.03894996643066
8191 148.60796928405762
8191 171.03099822998047
8191 155.0602912902832
8191 153.25307846069336
8191 107.03539848327637
8191 117.36679077148438
8191 186.80500984191895
8191 111.51456832885742
8191 88.11020851135254
8191 108.12902450561523
8191 128.30305099487305
8191 96.15731239318848
8191 132.27176666259766
8191 102.04172134399414
8191 89.17498588562012
8191 107.68532752990723
8191 99.06530380249023
8191 79.61750030517578
