16383 2021.242618560791
16383 569.0124034881592
16383 684.5493316650391
16383 783.9963436126709
16383 351.5746593475342
16383 372.99633026123047
16383 249.82905387878418
16383 203.99022102355957
16383 182.0681095123291
16383 236.95945739746094
16383 242.03991889953613
16383 227.00810432434082
16383 238.55876922607422
16383 188.63391876220703
16383 336.0147476196289
16383 346.956729888916
16383 608.0496311187744
16383 365.47231674194336
16383 272.0451354980469
16383 306.99658393859863
16383 215.99960327148438
16383 195.99509239196777
16383 200.4375457763672
16383 200.20627975463867
16383 186.63907051086426
16383 186.42497062683105
16383 192.02041625976562
16383 194.14901733398438
16383 214.80202674865723
16383 196.71988487243652
16383 194.71287727355957
16383 188.15994262695312
16383 183.38942527770996
16383 202.99243927001953
16383 206.9993019104004
16383 298.0847358703613
16383 469.9409008026123
16383 330.99842071533203
16383 369.60601806640625
16383 305.0427436828613
16383 238.24477195739746
16383 244.98391151428223
16383 227.38265991210938
16383 233.95299911499023
16383 190.0482177734375
16383 198.18425178527832
16383 232.7895164489746
16383 271.90351486206055
16383 244.05717849731445
16383 235.94927787780762
16383 197.04031944274902
16383 204.01692390441895
16383 220.7026481628418
16383 242.8426742553711
16383 201.00808143615723
16383 490.5686378479004
16383 450.6537914276123
16383 309.0403079986572
16383 306.52427673339844
16383 308.9761734008789
16383 266.998291015625
16383 356.04214668273926
16383 310.5475902557373
16383 275.56800842285156
16383 264.3008232116699
16383 275.0115394592285
16383 322.00121879577637
16383 265.02251625061035
16383 229.01606559753418
16383 344.00010108947754
16383 340.00182151794434
16383 559.5917701721191
16383 465.5637741088867
16383 481.56046867370605
16383 280.0107002258301
16383 335.99328994750977
16383 254.52208518981934
16383 220.5333709716797
16383 178.6034107208252
16383 199.4915008544922
16383 260.88452339172363
16383 446.54154777526855
16383 201.5378475189209
16383 232.649564743042
16383 200.26183128356934
16383 292.94872283935547
16383 252.55823135375977
16383 225.01802444458008
16383 607.4650287628174
16383 380.0499439239502
16383 401.5531539916992
16383 290.635347366333
16383 219.00391578674316
16383 266.5393352508545
16383 201.95651054382324
16383 205.99794387817383
16383 201.68757438659668
16383 184.77725982666016
16383 259.14454460144043
16383 211.99655532836914
16383 250.99658966064453
16383 207.99779891967773
16383 278.0184745788574
16383 209.9924087524414
16383 223.9985466003418
16383 226.9918918609619
16383 208.99462699890137
16383 612.5338077545166
16383 310.9936714172363
16383 2750.1208782196045
16383 209.1677188873291
16383 254.6250820159912
16383 232.01584815979004
16383 221.9703197479248
16383 243.2699203491211
16383 204.0424346923828
16383 526.0097980499268
16383 336.9429111480713
16383 320.00136375427246
16383 302.0350933074951
16383 220.0183868408203
16383 188.0025863647461
16383 241.73879623413086
16383 194.23151016235352
16383 176.17273330688477
16383 178.86757850646973
16383 207.95083045959473
16383 236.297607421875
16383 246.05870246887207
16383 204.98251914978027
16383 187.00528144836426
16383 207.6394557952881
16383 211.46559715270996
16383 94.99025344848633
16383 218.99867057800293
16383 195.01686096191406
16383 191.0572052001953
16383 408.9677333831787
16383 369.0512180328369
16383 368.00098419189453
16383 320.99056243896484
16383 243.99566650390625
16383 194.08369064331055
16383 190.97232818603516
16383 212.0039463043213
16383 240.0221824645996
16383 197.65686988830566
16383 177.83641815185547
16383 214.23578262329102
16383 186.74778938293457
16383 233.51263999938965
16383 196.319580078125
16383 226.5472412109375
16383 221.2522029876709
16383 207.10062980651855
16383 258.99767875671387
16383 191.99180603027344
16383 201.9033432006836
16383 503.97276878356934
16383 319.9934959411621
16383 304.0001392364502
16383 343.003511428833
16383 243.03340911865234
16383 201.6282081604004
16383 217.03052520751953
16383 262.9437446594238
16383 202.29578018188477
16383 188.9939308166504
16383 200.52719116210938
16383 240.94462394714355
16383 274.6591567993164
16383 207.98730850219727
16383 211.96556091308594
16383 225.63600540161133
16383 194.12875175476074
16383 222.85890579223633
16383 174.00312423706055
16383 218.00899505615234
16383 424.96275901794434
16383 333.58168601989746
16383 371.04058265686035
16383 266.085147857666
16383 276.02672576904297
16383 201.9956111907959
16383 234.20119285583496
16383 245.07427215576172
16383 231.83345794677734
16383 199.59473609924316
16383 216.80903434753418
16383 225.03042221069336
16383 214.91599082946777
16383 222.82838821411133
16383 212.07165718078613
16383 200.0100612640381
16383 246.98925018310547
16383 335.0040912628174
16383 387.99357414245605
16383 688.5857582092285
16383 337.0339870452881
16383 221.00162506103516
16383 215.00062942504883
16383 287.9974842071533
16383 245.0103759765625
16383 280.9915542602539
16383 185.29534339904785
16383 185.99653244018555
16383 191.0102367401123
16383 209.91158485412598
16383 200.55699348449707
16383 220.24774551391602
16383 215.00802040100098
16383 207.94200897216797
16383 237.06626892089844
16383 203.98974418640137
16383 210.54863929748535
16383 180.01937866210938
16383 214.99943733215332
16383 430.96137046813965
16383 449.0194320678711
16383 417.5240993499756
16383 236.01031303405762
16383 235.98980903625488
16383 274.0011215209961
16383 276.00622177124023
16383 243.99948120117188
16383 213.99998664855957
16383 245.99337577819824
16383 236.51504516601562
16383 207.18026161193848
16383 184.89980697631836
16383 237.15686798095703
16383 192.17967987060547
16383 201.60245895385742
16383 177.08277702331543
16383 233.0162525177002
16383 246.9778060913086
16383 416.9604778289795
16383 400.8181095123291
16383 432.9674243927002
16383 302.54554748535156
16383 291.00584983825684
16383 220.96538543701172
16383 281.6016674041748
16383 191.03336334228516
16383 237.02383041381836
16383 225.04496574401855
16383 189.0280246734619
16383 221.97318077087402
16383 243.61371994018555
16383 245.00250816345215
16383 218.19615364074707
16383 247.96700477600098
16383 270.6151008605957
16383 215.8799171447754
16383 222.98383712768555
16383 510.49137115478516
16383 447.97635078430176
16383 427.60157585144043
16383 235.01920700073242
16383 198.57120513916016
16383 211.01903915405273
16383 335.6010913848877
16383 210.9966278076172
16383 214.33544158935547
16383 211.3044261932373
16383 183.7007999420166
16383 260.8516216278076
16383 202.09217071533203
16383 233.6432933807373
16383 219.71702575683594
16383 198.15325736999512
16383 202.1048069000244
16383 254.85968589782715
16383 269.6082592010498
16383 467.97704696655273
16383 339.0195369720459
16383 383.0134868621826
16383 367.5880432128906
16383 226.0138988494873
16383 283.0088138580322
16383 199.20873641967773
16383 299.85666275024414
16383 322.9975700378418
16383 288.9838218688965
16383 219.9990749359131
16383 207.16452598571777
16383 231.28318786621094
16383 186.30743026733398
16383 208.3146572113037
16383 209.5952033996582
16383 296.01550102233887
16383 175.05502700805664
16383 200.00100135803223
16383 562.9973411560059
16383 385.62560081481934
16383 322.9975700378418
16383 223.9975929260254
16383 228.99913787841797
16383 213.02318572998047
16383 218.11270713806152
16383 191.4966106414795
16383 332.22270011901855
16383 250.93555450439453
16383 206.0375213623047
16383 221.85802459716797
16383 223.97994995117188
16383 211.01737022399902
16383 205.7030200958252
16383 209.72633361816406
16383 269.96588706970215
16383 275.99620819091797
16383 291.628360748291
16383 561.6297721862793
16383 437.96372413635254
16383 294.9991226196289
16383 231.05478286743164
16383 211.9905948638916
16383 224.9922752380371
16383 225.87871551513672
16383 208.42313766479492
16383 279.9816131591797
16383 229.7992706298828
16383 213.55104446411133
16383 170.15814781188965
16383 195.97768783569336
16383 233.00528526306152
16383 192.20924377441406
16383 263.7772560119629
16383 213.04893493652344
16383 218.0016040802002
16383 206.61425590515137
16383 379.97913360595703
16383 409.70516204833984
16383 427.9329776763916
16383 345.00622749328613
16383 0.0
16383 232.00154304504395
16383 222.00465202331543
16383 228.5921573638916
16383 217.64063835144043
16383 225.1565456390381
16383 257.8704357147217
16383 224.01142120361328
16383 208.74762535095215
16383 238.77263069152832
16383 228.08551788330078
16383 212.03851699829102
16383 216.85266494750977
16383 264.05858993530273
16383 200.5770206451416
16383 211.00211143493652
16383 205.96027374267578
16383 538.0363464355469
16383 309.5993995666504
16383 212.01395988464355
16383 260.00308990478516
16383 234.97891426086426
16383 258.96215438842773
16383 241.0428524017334
16383 226.99737548828125
16383 211.43102645874023
16383 195.71828842163086
16383 293.98632049560547
16383 259.98592376708984
16383 231.41860961914062
16383 218.0488109588623
16383 232.3281764984131
16383 222.57399559020996
16383 201.04193687438965
16383 223.5555648803711
16383 220.99661827087402
16383 210.0393772125244
16383 644.99831199646
16383 376.0089874267578
16383 286.6191864013672
16383 201.00021362304688
16383 222.01132774353027
16383 217.0100212097168
16383 232.98025131225586
16383 205.59930801391602
16383 213.90008926391602
16383 204.79846000671387
16383 185.64677238464355
16383 257.8895092010498
16383 201.17425918579102
16383 212.54730224609375
16383 255.00011444091797
16383 247.99847602844238
16383 233.0183982849121
16383 185.99987030029297
16383 283.0038070678711
16383 418.9467430114746
16383 455.9955596923828
16383 411.00049018859863
16383 292.0510768890381
16383 207.55505561828613
16383 209.61523056030273
16383 209.20705795288086
16383 220.8232879638672
16383 257.04336166381836
16383 211.29584312438965
16383 224.00617599487305
16383 188.2798671722412
16383 266.8468952178955
16383 211.60364151000977
16383 212.6777172088623
16383 213.6068344116211
16383 218.0628776550293
16383 229.98547554016113
16383 318.0098533630371
16383 242.95663833618164
16383 553.0550479888916
16383 349.9777317047119
16383 326.000452041626
16383 248.65484237670898
16383 225.95500946044922
16383 210.23964881896973
16383 192.01993942260742
16383 177.9921054840088
16383 215.9891128540039
16383 196.91848754882812
16383 207.80682563781738
16383 219.11096572875977
16383 241.29080772399902
16383 223.92511367797852
16383 205.86729049682617
16383 226.3357639312744
16383 215.5921459197998
16383 213.00387382507324
16383 200.00004768371582
16383 192.62003898620605
16383 523.5240459442139
16383 419.9995994567871
16383 348.04224967956543
16383 349.6124744415283
16383 229.01296615600586
16383 218.003511428833
16383 196.8092918395996
16383 203.01342010498047
16383 207.3204517364502
16383 279.8178195953369
16383 222.10001945495605
16383 206.44378662109375
16383 255.25498390197754
16383 297.99914360046387
16383 236.9973659515381
16383 257.0009231567383
16383 283.62369537353516
16383 243.96324157714844
16383 609.0347766876221
16383 357.0139408111572
16383 383.50462913513184
16383 224.04170036315918
16383 244.01116371154785
16383 207.00621604919434
16383 201.05361938476562
16383 200.00267028808594
16383 233.62493515014648
16383 210.06464958190918
16383 219.99430656433105
16383 212.82720565795898
16383 211.00091934204102
16383 212.00990676879883
16383 283.62464904785156
16383 247.12300300598145
16383 212.00299263000488
16383 199.00274276733398
16383 194.90957260131836
16383 211.00711822509766
16383 622.5087642669678
16383 331.989049911499
16383 364.6507263183594
16383 227.01501846313477
16383 195.00207901000977
16383 209.00917053222656
16383 207.98611640930176
16383 204.95152473449707
16383 195.6613063812256
16383 234.41076278686523
16383 241.8525218963623
16383 253.55172157287598
16383 198.68898391723633
16383 206.44474029541016
16383 266.9491767883301
16383 335.01744270324707
16383 215.9860134124756
16383 249.99332427978516
16383 239.00270462036133
16383 532.6404571533203
16383 254.9893856048584
16383 344.0101146697998
16383 314.5561218261719
16383 255.0361156463623
16383 328.9918899536133
16383 309.4906806945801
16383 313.0207061767578
16383 250.98419189453125
16383 313.56191635131836
16383 384.0200901031494
16383 281.0018062591553
16383 405.03406524658203
16383 303.1594753265381
16383 378.0860900878906
16383 1365.612268447876
16383 485.63218116760254
16383 406.9850444793701
16383 491.1017417907715
16383 539.9899482727051
16383 415.9994125366211
16383 396.5327739715576
16383 719.0980911254883
16383 1311.736822128296
16383 616.0182952880859
16383 607.9833507537842
16383 425.57501792907715
16383 494.62246894836426
16383 386.638879776001
16383 624.9001026153564
16383 600.9962558746338
16383 859.8330020904541
16383 650.5725383758545
16383 846.6966152191162
16383 439.99433517456055
16383 232.03635215759277
16383 222.00894355773926
16383 257.2216987609863
16383 208.52017402648926
16383 272.05586433410645
16383 194.00334358215332
16383 229.0031909942627
16383 192.01087951660156
16383 245.0423240661621
16383 253.96084785461426
16383 568.2199001312256
16383 459.02562141418457
16383 389.00303840637207
16383 204.01287078857422
16383 215.9879207611084
16383 204.4236660003662
16383 199.07426834106445
16383 195.59502601623535
16383 207.08203315734863
16383 209.2154026031494
16383 196.23637199401855
16383 202.01516151428223
16383 220.69883346557617
16383 187.00623512268066
16383 188.05813789367676
16383 187.93344497680664
16383 304.8827648162842
16383 216.95256233215332
16383 299.562931060791
16383 215.99984169006348
16383 789.5808219909668
16383 738.5919094085693
16383 679.9519062042236
16383 469.0122604370117
16383 400.9833335876465
16383 307.01327323913574
16383 436.53130531311035
16383 339.9972915649414
16383 290.60840606689453
16383 637.5913619995117
16383 1169.0943241119385
16383 496.046781539917
16383 390.52748680114746
16383 252.05492973327637
16383 321.030855178833
16383 197.41559028625488
16383 234.01832580566406
16383 236.9847297668457
16383 345.5672264099121
16383 493.00217628479004
16383 829.8687934875488
16383 874.9558925628662
16383 518.0075168609619
16383 566.6546821594238
16383 634.8097324371338
16383 901.5791416168213
16383 450.95229148864746
16383 772.0046043395996
16383 465.8229351043701
16383 700.5834579467773
16383 310.955286026001
16383 419.0354347229004
16383 265.012264251709
16383 241.990327835083
16383 230.03411293029785
16383 326.0483741760254
16383 220.0019359588623
16383 200.5298137664795
16383 227.19049453735352
16383 219.02799606323242
16383 209.0446949005127
16383 200.04796981811523
16383 219.97332572937012
16383 516.7467594146729
16383 219.0384864807129
16383 456.27617835998535
16383 517.1718597412109
16383 263.0307674407959
16383 217.5438404083252
16383 293.99895668029785
16383 263.52572441101074
16383 363.0056381225586
16383 221.01974487304688
16383 508.12673568725586
16383 264.9557590484619
16383 392.6258087158203
16383 246.0348606109619
16383 299.5274066925049
16383 353.67488861083984
16383 259.2806816101074
16383 565.497875213623
16383 577.4216651916504
16383 725.6577014923096
16383 989.2878532409668
16383 335.162878036499
16383 573.9986896514893
16383 413.999080657959
16383 403.5952091217041
16383 240.00144004821777
16383 217.637300491333
16383 420.54009437561035
16383 484.0383529663086
16383 495.4991340637207
16383 284.05046463012695
16383 231.98390007019043
16383 441.6847229003906
16383 252.95114517211914
16383 412.99915313720703
16383 261.6381645202637
16383 260.96343994140625
16383 257.993221282959
16383 551.0082244873047
16383 406.9933891296387
16383 294.5280075073242
16383 508.00156593322754
16383 463.5202884674072
16383 445.00231742858887
16383 317.9969787597656
16383 267.5211429595947
16383 258.0070495605469
16383 412.0323657989502
16383 209.02085304260254
16383 434.9479675292969
16383 368.99352073669434
16383 316.6224956512451
16383 298.0027198791504
16383 447.00098037719727
16383 420.5358028411865
16383 536.064863204956
16383 383.96406173706055
16383 460.9658718109131
16383 469.5262908935547
16383 248.06714057922363
16383 289.65234756469727
16383 267.6703929901123
16383 211.73644065856934
16383 254.05406951904297
16383 254.99391555786133
16383 227.00071334838867
16383 401.62181854248047
16383 353.00159454345703
16383 300.0001907348633
16383 195.98388671875
16383 547.5213527679443
16383 388.04054260253906
16383 477.57983207702637
16383 274.01018142700195
16383 203.95779609680176
16383 221.01902961730957
16383 207.9617977142334
16383 253.9842128753662
16383 257.6000690460205
16383 313.2145404815674
16383 227.65231132507324
16383 244.49920654296875
16383 220.33929824829102
16383 188.08460235595703
16383 274.9972343444824
16383 457.52573013305664
16383 554.999828338623
16383 980.689525604248
16383 1092.543363571167
16383 844.2325592041016
16383 421.4437007904053
16383 286.0121726989746
16383 350.53372383117676
16383 302.00910568237305
16383 268.9688205718994
16383 240.02408981323242
16383 663.820743560791
16383 366.0120964050293
16383 376.00111961364746
16383 265.4838562011719
16383 304.99911308288574
16383 277.01306343078613
16383 259.0367794036865
16383 256.8378448486328
16383 660.8703136444092
16383 943.9058303833008
16383 2404.6454429626465
16383 824.5432376861572
16383 490.98777770996094
16383 305.0081729888916
16383 219.99192237854004
16383 257.0013999938965
16383 257.9982280731201
16383 239.00532722473145
16383 285.994291305542
16383 253.52239608764648
16383 633.6305141448975
16383 447.59535789489746
16383 420.99738121032715
16383 203.0019760131836
16383 230.52024841308594
16383 308.00461769104004
16383 301.00178718566895
16383 271.5566158294678
16383 271.9855308532715
16383 216.98522567749023
16383 413.01584243774414
16383 461.5132808685303
16383 776.1387825012207
16383 621.3104724884033
16383 322.04151153564453
16383 311.95521354675293
16383 318.0503845214844
16383 402.95958518981934
16383 394.5341110229492
16383 222.76711463928223
16383 270.0040340423584
16383 301.9552230834961
16383 253.12423706054688
16383 232.00702667236328
16383 237.5173568725586
16383 223.75869750976562
16383 321.98619842529297
16383 463.26351165771484
16383 251.8596649169922
16383 654.9036502838135
16383 383.04734230041504
16383 397.6266384124756
16383 305.94396591186523
16383 281.9950580596924
16383 243.56770515441895
16383 258.0697536468506
16383 287.66918182373047
16383 219.2666530609131
16383 215.98148345947266
16383 238.00897598266602
16383 184.99469757080078
16383 218.0943489074707
16383 218.99962425231934
16383 312.9994869232178
16383 201.51090621948242
16383 192.02089309692383
16383 358.9956760406494
16383 487.9870414733887
16383 500.5321502685547
16383 472.99981117248535
16383 450.5279064178467
16383 246.99163436889648
16383 279.00123596191406
16383 250.52475929260254
16383 290.99035263061523
16383 285.0058078765869
16383 248.99744987487793
16383 307.51776695251465
16383 282.99856185913086
16383 330.02209663391113
16383 252.49528884887695
16383 173.99907112121582
16383 486.00220680236816
16383 312.52312660217285
16383 367.0010566711426
16383 271.99769020080566
16383 196.99788093566895
16383 268.566370010376
16383 234.96365547180176
16383 283.5371494293213
16383 240.04650115966797
16383 202.35061645507812
16383 206.66027069091797
16383 228.0125617980957
16383 240.1406764984131
16383 210.36458015441895
16383 169.5265769958496
16383 223.5400676727295
16383 243.00003051757812
16383 305.54723739624023
16383 275.01797676086426
16383 614.9799823760986
16383 387.53557205200195
16383 337.0037078857422
16383 234.99464988708496
16383 391.0198211669922
16383 256.98137283325195
16383 208.54997634887695
16383 245.01633644104004
16383 193.94469261169434
16383 191.9994354248047
16383 200.5174160003662
16383 224.99799728393555
16383 218.99747848510742
16383 229.73918914794922
16383 202.95977592468262
16383 238.9998435974121
16383 222.517728805542
16383 283.0202579498291
16383 194.97966766357422
16383 569.0021514892578
16383 300.99940299987793
16383 370.00179290771484
16383 325.5198001861572
16383 197.63731956481934
16383 244.0016269683838
16383 234.00044441223145
16383 251.01852416992188
16383 223.00171852111816
16383 334.54322814941406
16383 259.01222229003906
16383 247.0102310180664
16383 237.95723915100098
16383 217.6685333251953
16383 221.00138664245605
16383 226.98211669921875
16383 209.60617065429688
16383 314.0065670013428
16383 573.0388164520264
16383 359.00259017944336
16383 193.00317764282227
16383 242.00177192687988
16383 218.97411346435547
16383 280.0009250640869
16383 240.98896980285645
16383 345.0191020965576
16383 188.31467628479004
16383 276.0474681854248
16383 307.9531192779541
16383 219.7439670562744
16383 291.02373123168945
16383 296.95749282836914
16383 258.5742473602295
16383 260.0135803222656
16383 186.94257736206055
16383 593.7104225158691
16383 946.666955947876
16383 297.52349853515625
16383 261.00707054138184
16383 197.9978084564209
16383 197.50595092773438
16383 217.31209754943848
16383 206.21204376220703
16383 216.34149551391602
16383 231.0018539428711
16383 197.99327850341797
16383 186.5711212158203
16383 193.63737106323242
16383 220.37291526794434
16383 215.4994010925293
16383 202.0258903503418
16383 210.97373962402344
16383 187.02006340026855
16383 211.98058128356934
16383 502.05206871032715
16383 397.0024585723877
16383 354.0008068084717
16383 207.51118659973145
16383 199.01394844055176
16383 226.0122299194336
16383 222.29552268981934
16383 200.88624954223633
16383 239.0580177307129
16383 237.6711368560791
16383 213.6058807373047
16383 204.2834758758545
16383 253.19600105285645
16383 232.81383514404297
16383 170.59874534606934
16383 214.00809288024902
16383 203.98688316345215
16383 226.56965255737305
16383 208.9865207672119
16383 187.02125549316406
16383 217.98181533813477
16383 480.56864738464355
16383 269.01817321777344
16383 388.98324966430664
16383 219.5110321044922
16383 214.9965763092041
16383 226.6559600830078
16383 168.89262199401855
16383 234.7126007080078
16383 204.11944389343262
16383 209.15770530700684
16383 184.16285514831543
16383 225.3119945526123
16383 201.48301124572754
16383 194.8373317718506
16383 203.08446884155273
16383 205.11531829833984
16383 196.0000991821289
16383 209.99932289123535
16383 235.0003719329834
16383 202.00085639953613
16383 198.50969314575195
16383 450.00481605529785
16383 324.9938488006592
16383 273.00405502319336
16383 302.5195598602295
16383 282.0000648498535
16383 202.05330848693848
16383 261.63387298583984
16383 234.87329483032227
16383 202.71897315979004
16383 200.0446319580078
16383 197.2641944885254
16383 188.83728981018066
16383 229.18415069580078
16383 184.57603454589844
16383 180.80949783325195
16383 214.28465843200684
16383 212.996244430542
16383 230.01670837402344
16383 212.493896484375
16383 233.02006721496582
16383 219.98023986816406
16383 416.0037040710449
16383 277.524471282959
16383 269.0002918243408
16383 301.0241985321045
16383 198.49014282226562
16383 223.01816940307617
16383 244.0316677093506
16383 230.94558715820312
16383 195.65296173095703
16383 247.96462059020996
16383 218.11485290527344
16383 243.6387538909912
16383 274.08742904663086
16383 205.48009872436523
16383 200.3021240234375
16383 219.6340560913086
16383 211.99655532836914
16383 212.5723361968994
16383 254.99725341796875
16383 209.0001106262207
16383 238.00086975097656
16383 542.5324440002441
16383 276.99851989746094
16383 259.0012550354004
16383 251.51586532592773
16383 213.00315856933594
16383 247.9989528656006
16383 188.1122589111328
16383 240.16070365905762
16383 214.21122550964355
16383 215.52777290344238
16383 201.61724090576172
16383 221.97556495666504
16383 223.6804962158203
16383 233.40940475463867
16383 181.78653717041016
16383 208.99152755737305
16383 225.9998321533203
16383 198.50969314575195
16383 238.9998435974121
16383 186.00010871887207
16383 210.01839637756348
16383 455.9822082519531
16383 241.5146827697754
16383 321.99835777282715
16383 261.0018253326416
16383 184.9980354309082
16383 170.06182670593262
16383 257.3049068450928
16383 186.9966983795166
16383 204.0579319000244
16383 202.56304740905762
16383 168.1363582611084
16383 197.62516021728516
16383 182.94334411621094
16383 223.29187393188477
16383 186.79213523864746
16383 199.35321807861328
16383 191.99585914611816
16383 215.5129909515381
16383 226.00078582763672
16383 206.01201057434082
16383 192.98529624938965
16383 191.00022315979004
16383 514.061450958252
16383 329.99372482299805
16383 254.09865379333496
16383 239.0000820159912
16383 233.99662971496582
16383 223.93226623535156
16383 196.76733016967773
16383 251.2497901916504
