255 10.935068130493164
255 2.029895782470703
255 1.9741058349609375
255 2.9935836791992188
255 2.0072460174560547
255 1.99127197265625
255 1.9993782043457031
255 1.9657611846923828
255 2.000570297241211
255 3.014087677001953
255 3.0007362365722656
255 2.0012855529785156
255 1.0187625885009766
255 2.0062923431396484
255 1.9931793212890625
255 1.9991397857666016
255 1.9991397857666016
255 2.0017623901367188
255 2.0148754119873047
255 1.9862651824951172
255 1.9981861114501953
255 2.000570297241211
255 2.013683319091797
255 1.9872188568115234
255 1.9984245300292969
255 2.0177364349365234
255 1.9505023956298828
255 2.035856246948242
255 1.9962787628173828
255 2.008199691772461
255 1.9922256469726562
255 0.9999275207519531
255 1.0001659393310547
255 1.0132789611816406
255 1.9495487213134766
255 3.020763397216797
255 2.017498016357422
255 2.001047134399414
255 1.9977092742919922
255 2.0062923431396484
255 1.0173320770263672
255 1.9860267639160156
255 1.9915103912353516
255 2.0132064819335938
255 1.9898414611816406
255 2.020597457885742
255 1.9764900207519531
255 1.0066032409667969
255 2.009868621826172
255 1.9831657409667969
255 1.0204315185546875
255 2.000093460083008
255 1.9838809967041016
255 1.9979476928710938
255 2.024412155151367
255 1.9824504852294922
255 1.0077953338623047
255 1.9998550415039062
255 1.9996166229248047
255 1.0039806365966797
255 1.9998550415039062
255 1.9426345825195312
255 3.0012130737304688
255 3.0503273010253906
255 2.995014190673828
255 1.9991397857666016
255 3.0002593994140625
255 2.9549598693847656
255 2.038717269897461
255 2.006053924560547
255 1.9981861114501953
255 1.0094642639160156
255 1.9888877868652344
255 1.0268688201904297
255 1.996755599975586
255 0.9915828704833984
255 1.0173320770263672
255 2.989053726196289
255 2.002716064453125
255 1.0175704956054688
255 1.9903182983398438
255 1.9810199737548828
255 1.0280609130859375
255 1.972198486328125
255 1.0097026824951172
255 2.023458480834961
255 1.9295215606689453
255 2.0477771759033203
255 2.024412155151367
255 1.0018348693847656
255 1.981973648071289
255 1.9991397857666016
255 1.004934310913086
255 1.9991397857666016
255 1.9986629486083984
255 1.9862651824951172
255 1.9946098327636719
255 2.0134449005126953
255 1.985788345336914
255 1.0023117065429688
255 1.9602775573730469
255 3.021240234375
255 2.001047134399414
255 2.015829086303711
255 2.010345458984375
255 1.9903182983398438
255 2.0079612731933594
255 1.9986629486083984
255 2.013683319091797
255 0.9996891021728516
255 2.0127296447753906
255 1.9736289978027344
255 2.0003318786621094
255 1.9938945770263672
255 2.0096302032470703
255 1.016855239868164
255 1.9724369049072266
255 2.010822296142578
255 2.000093460083008
255 1.954793930053711
255 2.0368099212646484
255 1.9962787628173828
255 2.0024776458740234
255 2.0079612731933594
255 1.9981861114501953
255 1.0008811950683594
255 1.9986629486083984
255 2.012014389038086
255 1.9829273223876953
255 2.007007598876953
255 1.9984245300292969
255 1.9931793212890625
255 0.9987354278564453
255 2.0008087158203125
255 1.9991397857666016
255 2.001523971557617
255 2.9630661010742188
255 7.003068923950195
255 6.996393203735352
255 3.047943115234375
255 2.003192901611328
255 1.9519329071044922
255 2.0444393157958984
255 2.0203590393066406
255 1.9917488098144531
255 0.9887218475341797
255 1.9919872283935547
255 2.0084381103515625
255 1.0151863098144531
255 1.004934310913086
255 2.0034313201904297
255 1.9693374633789062
255 2.002239227294922
255 2.023935317993164
255 0.9913444519042969
255 1.9834041595458984
255 2.0241737365722656
255 2.0020008087158203
255 0.9915828704833984
255 2.0012855529785156
255 1.9423961639404297
255 1.0373592376708984
255 2.0284652709960938
255 1.996755599975586
255 1.9736289978027344
255 1.0080337524414062
255 2.0265579223632812
255 1.9876956939697266
255 0.9970664978027344
255 2.0067691802978516
255 1.9879341125488281
255 2.005338668823242
255 0.9834766387939453
255 2.018451690673828
255 1.9869804382324219
255 1.0154247283935547
255 1.9984245300292969
255 1.9962787628173828
255 0.9915828704833984
255 2.0072460174560547
255 1.0008811950683594
255 1.0135173797607422
255 2.0012855529785156
255 0.0
255 1.9838809967041016
255 1.0197162628173828
255 1.9977092742919922
255 2.01416015625
255 0.9922981262207031
255 1.992940902709961
255 0.9429454803466797
255 2.0101070404052734
255 2.0291805267333984
255 2.0270347595214844
255 1.9829273223876953
255 2.015829086303711
255 0.9961128234863281
255 1.9960403442382812
255 2.0034313201904297
255 1.9953250885009766
255 1.0001659393310547
255 1.9838809967041016
255 1.001119613647461
255 2.003908157348633
255 2.012014389038086
255 0.9872913360595703
255 2.0041465759277344
255 2.0160675048828125
255 2.0036697387695312
255 0.9984970092773438
255 1.99127197265625
255 1.9865036010742188
255 0.0
255 2.000093460083008
255 2.0122528076171875
255 0.9992122650146484
255 2.0041465759277344
255 1.01470947265625
255 1.9838809967041016
255 1.9850730895996094
255 1.013040542602539
255 1.9457340240478516
255 2.0360946655273438
255 2.001047134399414
255 2.017498016357422
255 2.016305923461914
255 0.9834766387939453
255 2.0012855529785156
255 0.9977817535400391
255 1.9876956939697266
255 2.0041465759277344
255 1.9924640655517578
255 2.0160675048828125
255 1.0187625885009766
255 1.981496810913086
255 1.9996166229248047
255 0.9915828704833984
255 2.008199691772461
255 2.000093460083008
255 1.0006427764892578
255 1.9998550415039062
255 1.9829273223876953
255 1.9996166229248047
255 1.0175704956054688
255 2.003908157348633
255 1.9993782043457031
255 0.9963512420654297
255 2.0008087158203125
255 1.0008811950683594
255 2.0170211791992188
255 0.9839534759521484
255 1.9419193267822266
255 3.0694007873535156
255 2.9790401458740234
255 2.9594898223876953
255 3.0431747436523438
255 2.9954910278320312
255 2.9535293579101562
255 2.008676528930664
255 2.0132064819335938
255 2.0308494567871094
255 2.0062923431396484
255 0.9977817535400391
255 1.9884109497070312
255 2.012968063354492
255 1.9807815551757812
255 0.9999275207519531
255 2.0210742950439453
255 1.9998550415039062
255 0.9970664978027344
255 1.9991397857666016
255 2.0003318786621094
255 1.0006427764892578
255 2.0029544830322266
255 1.949310302734375
255 2.031087875366211
255 2.020120620727539
255 0.9965896606445312
255 2.015352249145508
255 0.9837150573730469
255 2.002239227294922
255 2.0148754119873047
255 0.9837150573730469
255 1.9834041595458984
255 2.0067691802978516
255 1.9922256469726562
255 1.0271072387695312
255 1.9938945770263672
255 1.9958019256591797
255 1.0004043579101562
255 2.003908157348633
255 1.9960403442382812
255 1.003265380859375
255 1.9791126251220703
255 2.002239227294922
255 1.9991397857666016
255 1.9989013671875
255 1.0182857513427734
255 1.9993782043457031
255 0.9999275207519531
255 2.003192901611328
255 1.9440650939941406
255 2.035379409790039
255 1.964569091796875
255 1.0364055633544922
255 2.022981643676758
255 1.9936561584472656
255 1.9996166229248047
255 1.0106563568115234
255 1.0073184967041016
255 1.9860267639160156
255 1.9962787628173828
255 1.0001659393310547
255 1.9962787628173828
255 0.9934902191162109
255 1.9927024841308594
255 2.0182132720947266
255 2.0034313201904297
255 0.9970664978027344
255 2.0017623901367188
255 1.9884109497070312
255 1.954793930053711
255 2.038240432739258
255 1.9617080688476562
255 2.0461082458496094
255 2.0072460174560547
255 0.99945068359375
255 2.0182132720947266
255 1.9650459289550781
255 2.0003318786621094
255 1.0311603546142578
255 1.9915103912353516
255 1.9443035125732422
255 2.0341873168945312
255 1.0104179382324219
255 2.012968063354492
255 1.9927024841308594
255 1.003265380859375
255 1.9783973693847656
255 2.0177364349365234
255 1.001119613647461
255 1.9993782043457031
255 1.9869804382324219
255 1.9960403442382812
255 2.02178955078125
255 0.9942054748535156
255 2.0041465759277344
255 0.9975433349609375
255 1.9869804382324219
255 2.0134449005126953
255 1.0001659393310547
255 2.0024776458740234
255 0.9987354278564453
255 1.9800662994384766
255 2.035379409790039
255 0.9832382202148438
255 2.0020008087158203
255 2.002239227294922
255 2.004384994506836
255 0.9901523590087891
255 1.9829273223876953
255 0.9989738464355469
255 1.9633769989013672
255 2.0377635955810547
255 1.0287761688232422
255 1.993417739868164
255 1.9385814666748047
255 2.0563602447509766
255 2.003908157348633
255 0.9775161743164062
255 2.022266387939453
255 1.9869804382324219
255 0.9958744049072266
255 1.9984245300292969
255 2.004861831665039
255 1.9979476928710938
255 1.0035037994384766
255 2.0084381103515625
255 2.0172595977783203
255 0.9834766387939453
255 2.017498016357422
255 1.9924640655517578
255 1.9741058349609375
255 1.0025501251220703
255 2.0041465759277344
255 2.0089149475097656
255 2.017498016357422
255 0.9815692901611328
255 2.0062923431396484
255 0.9853839874267578
255 2.012014389038086
255 1.943349838256836
255 2.0475387573242188
255 1.024007797241211
255 1.9652843475341797
255 1.9986629486083984
255 2.017498016357422
255 1.0077953338623047
255 1.0094642639160156
255 1.9969940185546875
255 1.9860267639160156
255 1.0008811950683594
255 1.9831657409667969
255 2.0198822021484375
255 1.981973648071289
255 2.017974853515625
255 1.0137557983398438
255 1.9876956939697266
255 1.9943714141845703
255 1.0037422180175781
255 2.007722854614258
255 1.9745826721191406
255 0.9968280792236328
255 2.0089149475097656
255 2.0096302032470703
255 2.016782760620117
255 0.9992122650146484
255 1.974344253540039
255 0.0
255 1.9900798797607422
255 1.0006427764892578
255 2.002239227294922
255 1.9981861114501953
255 1.0001659393310547
255 2.020597457885742
255 1.9965171813964844
255 1.0075569152832031
255 1.9936561584472656
255 1.9998550415039062
255 1.0025501251220703
255 2.0101070404052734
255 0.9899139404296875
255 1.9834041595458984
255 1.9981861114501953
255 2.0220279693603516
255 1.9974708557128906
255 0.9829998016357422
255 2.0041465759277344
255 2.0117759704589844
255 1.9788742065429688
255 1.0073184967041016
255 2.0203590393066406
255 1.9726753234863281
255 2.0172595977783203
255 2.001047134399414
255 0.9992122650146484
255 2.0036697387695312
255 0.0
255 1.9996166229248047
255 1.9779205322265625
255 1.0361671447753906
255 1.9998550415039062
255 2.9702186584472656
255 2.998828887939453
255 2.004861831665039
255 2.01416015625
255 0.0
255 1.9764900207519531
255 1.0073184967041016
255 1.9989013671875
255 0.9946823120117188
255 3.9653778076171875
255 2.044677734375
255 1.9996166229248047
255 1.9919872283935547
255 2.0096302032470703
255 1.9898414611816406
255 1.0156631469726562
255 2.0165443420410156
255 1.9688606262207031
255 2.001523971557617
255 2.006053924560547
255 2.0110607147216797
255 0.0
255 1.9900798797607422
255 1.0063648223876953
255 1.9903182983398438
255 2.043008804321289
255 3.0138492584228516
255 2.9866695404052734
255 3.002166748046875
255 2.004861831665039
255 2.9518604278564453
255 2.0411014556884766
255 2.9587745666503906
255 3.0422210693359375
255 2.997159957885742
255 2.007722854614258
255 3.005504608154297
255 2.003908157348633
255 2.983570098876953
255 3.0012130737304688
255 3.0062198638916016
255 1.9943714141845703
255 3.0078887939453125
255 2.9888153076171875
255 2.002239227294922
255 3.012418746948242
255 2.0122528076171875
255 2.9833316802978516
255 1.9974708557128906
255 3.020048141479492
255 2.9816627502441406
255 3.0059814453125
255 2.9439926147460938
255 2.998828887939453
255 2.053976058959961
255 2.9904842376708984
255 2.004384994506836
255 2.9931068420410156
255 2.002716064453125
255 3.003835678100586
255 2.000570297241211
255 3.954648971557617
255 4.044294357299805
255 3.953695297241211
255 4.006862640380859
255 2.9942989349365234
255 3.999948501586914
255 2.997875213623047
255 2.0515918731689453
255 1.987457275390625
255 1.9979476928710938
255 2.0051002502441406
255 2.0041465759277344
255 1.9900798797607422
255 1.0061264038085938
255 2.0122528076171875
255 1.9829273223876953
255 1.9996166229248047
255 2.000093460083008
255 1.0051727294921875
255 2.011537551879883
255 1.9879341125488281
255 1.0030269622802734
255 0.9987354278564453
255 1.9605159759521484
255 3.0393600463867188
255 3.0078887939453125
255 1.989603042602539
255 2.0008087158203125
255 3.010988235473633
255 2.9900074005126953
255 1.966238021850586
255 2.9942989349365234
255 21.004676818847656
255 7.999181747436523
255 10.00213623046875
255 3.9954185485839844
255 4.999399185180664
255 4.004001617431641
255 5.002260208129883
255 9.002923965454102
255 3.9958953857421875
255 4.005670547485352
255 3.9963722229003906
255 1.9953250885009766
255 2.0363330841064453
255 1.9822120666503906
255 1.9977092742919922
255 2.0051002502441406
255 2.994537353515625
255 3.000497817993164
255 1.9803047180175781
255 3.022909164428711
255 3.9968490600585938
255 1.993417739868164
255 1.0068416595458984
255 2.000570297241211
255 1.9984245300292969
255 2.000093460083008
255 2.002716064453125
255 1.9996166229248047
255 0.9980201721191406
255 2.000570297241211
255 1.9924640655517578
255 2.012014389038086
255 1.9953250885009766
255 2.9997825622558594
255 1.9841194152832031
255 3.000974655151367
255 3.0035972595214844
255 1.9986629486083984
255 3.037691116333008
255 2.0008087158203125
255 4.961729049682617
255 6.010770797729492
255 3.0412673950195312
255 2.98309326171875
255 1.9581317901611328
255 2.040863037109375
255 3.002643585205078
255 1.9965171813964844
255 2.0051002502441406
255 1.0025501251220703
255 2.0151138305664062
255 1.9757747650146484
255 1.9643306732177734
255 2.000093460083008
255 2.0172595977783203
255 1.0204315185546875
255 2.028942108154297
255 1.997232437133789
255 1.995086669921875
255 1.0025501251220703
255 2.001047134399414
255 0.0
255 2.5925636291503906
255 0.9617805480957031
255 2.0394325256347656
255 2.0058155059814453
255 1.9981861114501953
255 1.016855239868164
255 1.9872188568115234
255 2.007007598876953
255 1.9822120666503906
255 2.01416015625
255 0.9853839874267578
255 2.001523971557617
255 2.0055770874023438
255 1.993417739868164
255 2.0079612731933594
255 0.9932518005371094
255 2.0093917846679688
255 1.9903182983398438
255 2.004861831665039
255 1.0001659393310547
255 1.9986629486083984
255 2.003908157348633
255 1.9996166229248047
255 0.9996891021728516
255 2.0074844360351562
255 1.9948482513427734
255 1.9931793212890625
255 1.0042190551757812
255 2.0112991333007812
255 0.9813308715820312
255 2.0134449005126953
255 2.023935317993164
255 1.9822120666503906
255 0.9996891021728516
255 2.001523971557617
255 1.0023117065429688
255 1.9845962524414062
255 1.0116100311279297
255 0.9999275207519531
255 2.0041465759277344
255 1.977682113647461
255 1.0128021240234375
255 1.9886493682861328
255 2.021312713623047
255 0.9996891021728516
255 1.9998550415039062
255 1.939535140991211
255 2.0666122436523438
255 2.0079612731933594
255 0.98419189453125
255 1.943349838256836
255 2.0685195922851562
255 1.9783973693847656
255 1.0013580322265625
255 1.9879341125488281
255 2.015829086303711
255 0.9951591491699219
255 2.027750015258789
255 1.5950202941894531
255 1.9998550415039062
255 1.0037422180175781
255 2.0062923431396484
255 2.006053924560547
255 1.004934310913086
255 2.0551681518554688
255 1.0006427764892578
255 2.0143985748291016
255 1.983642578125
255 0.9968280792236328
255 1.9991397857666016
255 1.4240741729736328
255 1.947164535522461
255 2.0198822021484375
255 1.0116100311279297
255 1.997232437133789
255 1.9884109497070312
255 1.1289119720458984
255 1.9335746765136719
255 2.018451690673828
255 0.9806156158447266
255 2.0101070404052734
255 0.9908676147460938
255 2.122640609741211
255 1.9576549530029297
255 2.0046234130859375
255 0.9884834289550781
255 1.9996166229248047
255 1.001119613647461
255 2.1102428436279297
255 1.9290447235107422
255 1.9991397857666016
255 0.9996891021728516
255 1.9986629486083984
255 2.026796340942383
255 1.108407974243164
255 1.9428730010986328
255 2.0003318786621094
255 0.9996891021728516
255 1.9817352294921875
255 2.0360946655273438
255 1.9733905792236328
255 0.9918212890625
255 2.028942108154297
255 0.0
255 1.9900798797607422
255 1.0156631469726562
255 1.9941329956054688
255 0.9799003601074219
255 2.0079612731933594
255 2.0055770874023438
255 1.012563705444336
255 1.9733905792236328
255 2.0148754119873047
255 2.0055770874023438
255 1.0333061218261719
255 2.012491226196289
255 2.015829086303711
255 0.9989738464355469
255 1.9917488098144531
255 0.9946823120117188
255 2.1164417266845703
255 1.0342597961425781
255 2.001047134399414
255 2.0210742950439453
255 1.012563705444336
255 1.9724369049072266
255 2.1462440490722656
255 1.0399818420410156
255 2.006053924560547
255 1.0023117065429688
255 2.0177364349365234
255 1.9879341125488281
255 2.001523971557617
255 0.9989738464355469
255 2.0155906677246094
255 0.9846687316894531
255 2.0110607147216797
255 1.9893646240234375
255 1.0004043579101562
255 2.0008087158203125
255 2.0551681518554688
255 1.9977092742919922
255 1.9998550415039062
255 1.9879341125488281
255 1.0180473327636719
255 2.034425735473633
255 1.0139942169189453
255 2.0020008087158203
255 1.9981861114501953
255 1.0113716125488281
255 1.931905746459961
255 2.041339874267578
255 1.004934310913086
255 1.0101795196533203
255 2.001047134399414
255 1.0056495666503906
255 1.9960403442382812
255 0.9896755218505859
255 2.6307106018066406
255 1.981496810913086
255 2.036571502685547
255 0.9639263153076172
255 2.014636993408203
255 1.9900798797607422
255 1.0135173797607422
255 1.9981861114501953
255 2.0012855529785156
255 1.0023117065429688
255 1.9841194152832031
255 1.9965171813964844
255 1.9614696502685547
255 2.036571502685547
255 1.0173320770263672
255 2.0177364349365234
255 1.9829273223876953
255 0.9875297546386719
255 2.0287036895751953
255 1.9869804382324219
255 0.9984970092773438
255 1.983642578125
255 2.0148754119873047
255 0.0
255 1.9822120666503906
255 2.018451690673828
255 0.9860992431640625
255 2.0132064819335938
255 1.9984245300292969
255 1.001119613647461
255 2.9828548431396484
255 1.018524169921875
255 2.0132064819335938
255 0.9763240814208984
255 1.992940902709961
255 2.010345458984375
255 2.009153366088867
255 1.0018348693847656
255 1.9989013671875
255 1.9414424896240234
255 2.039670944213867
255 2.0062923431396484
255 2.005338668823242
255 1.9938945770263672
255 2.043485641479492
255 2.0012855529785156
255 2.0127296447753906
255 1.0006427764892578
255 1.9872188568115234
255 1.997232437133789
255 2.0575523376464844
255 2.0046234130859375
255 2.0203590393066406
255 0.0
255 1.9831657409667969
255 2.0017623901367188
255 1.0333061218261719
255 2.0127296447753906
255 2.0177364349365234
255 1.99127197265625
255 1.951456069946289
255 2.08282470703125
255 1.0068416595458984
255 0.0
255 2.0024776458740234
255 1.0342597961425781
255 1.9650459289550781
255 1.96075439453125
255 2.9990673065185547
255 1.9991397857666016
255 3.0012130737304688
255 2.9993057250976562
255 2.9997825622558594
255 3.001689910888672
255 2.000570297241211
255 3.000020980834961
255 4.0950775146484375
255 1.9986629486083984
255 1.9993782043457031
255 3.000974655151367
255 1.9996166229248047
255 2.999544143676758
255 0.0
255 3.0012130737304688
255 3.0472278594970703
255 2.9892921447753906
255 2.0058155059814453
255 0.9891986846923828
255 2.0058155059814453
255 1.9922256469726562
255 1.0221004486083984
255 1.9962787628173828
255 1.9834041595458984
255 1.9996166229248047
255 2.000093460083008
255 1.0013580322265625
255 2.008676528930664
255 2.0074844360351562
255 1.0094642639160156
255 2.0096302032470703
255 1.9981861114501953
255 1.9767284393310547
255 2.0084381103515625
255 2.005338668823242
255 0.9968280792236328
255 1.9817352294921875
255 2.021312713623047
255 0.0
255 0.9884834289550781
255 1.985788345336914
255 1.9614696502685547
255 2.0439624786376953
255 1.0120868682861328
255 2.001047134399414
255 1.9807815551757812
255 1.0097026824951172
255 1.953125
255 1.9996166229248047
255 2.0668506622314453
255 1.995086669921875
255 1.9829273223876953
255 2.0275115966796875
255 0.9720325469970703
255 1.9931793212890625
255 2.0182132720947266
255 1.9991397857666016
255 1.0004043579101562
255 2.0072460174560547
255 1.9953250885009766
255 1.0275840759277344
255 1.9526481628417969
255 2.032756805419922
255 1.9717216491699219
255 0.995635986328125
255 2.0189285278320312
255 1.9993782043457031
255 0.9987354278564453
255 1.9998550415039062
255 2.003192901611328
255 0.9431838989257812
255 2.053499221801758
255 2.069711685180664
255 1.973867416381836
255 1.0139942169189453
255 2.0051002502441406
255 1.9915103912353516
255 1.0104179382324219
255 2.0101070404052734
255 2.012491226196289
255 2.001523971557617
255 1.0066032409667969
255 2.020597457885742
255 1.9733905792236328
255 2.0737648010253906
255 1.0116100311279297
255 2.0003318786621094
255 2.026081085205078
255 1.0037422180175781
255 1.9178390502929688
255 1.0356903076171875
255 1.9681453704833984
255 2.0418167114257812
255 2.0127296447753906
255 1.981973648071289
255 1.0004043579101562
255 2.062559127807617
255 2.0177364349365234
255 1.9996166229248047
255 1.9917488098144531
255 1.9898414611816406
255 1.058340072631836
255 2.0143985748291016
255 2.010345458984375
255 1.9993782043457031
255 0.9989738464355469
255 2.0182132720947266
255 2.047300338745117
255 0.9884834289550781
255 1.9991397857666016
255 2.017498016357422
255 1.0001659393310547
255 2.016305923461914
255 2.054929733276367
255 0.9958744049072266
255 2.0003318786621094
255 2.000093460083008
255 1.9485950469970703
255 1.1854171752929688
255 2.034902572631836
255 2.034902572631836
255 0.9975433349609375
255 2.0003318786621094
255 1.9710063934326172
255 1.0173320770263672
255 2.0508766174316406
255 1.0001659393310547
255 1.9817352294921875
255 2.0155906677246094
255 2.0096302032470703
255 2.050638198852539
255 0.9927749633789062
255 2.006053924560547
255 2.000093460083008
255 1.0027885437011719
255 1.9974708557128906
255 2.1092891693115234
255 1.8851757049560547
255 1.054525375366211
255 2.019166946411133
255 1.9989013671875
255 1.996755599975586
255 1.0395050048828125
255 2.0160675048828125
255 0.9987354278564453
255 1.9855499267578125
255 1.9962787628173828
255 2.00653076171875
255 0.9946823120117188
255 2.0253658294677734
255 1.9907951354980469
255 2.0012855529785156
255 0.9965896606445312
255 1.9953250885009766
255 1.2557506561279297
255 1.9457340240478516
255 2.000570297241211
255 2.0024776458740234
255 1.997232437133789
255 1.5859603881835938
255 1.6026496887207031
255 1.9917488098144531
255 2.0313262939453125
255 0.9744167327880859
255 2.015352249145508
255 2.1543502807617188
255 0.9751319885253906
