127 6.048679351806641
127 0.9596347808837891
127 0.9970664978027344
127 0.9992122650146484
127 1.0001659393310547
127 0.9999275207519531
127 0.9999275207519531
127 0.0
127 1.0001659393310547
127 0.9999275207519531
127 0.9999275207519531
127 2.002716064453125
127 0.9980201721191406
127 0.9996891021728516
127 0.9996891021728516
127 1.0006427764892578
127 1.0004043579101562
127 0.0
127 0.99945068359375
127 0.9996891021728516
127 0.9999275207519531
127 0.9999275207519531
127 0.9999275207519531
127 1.0001659393310547
127 0.99945068359375
127 1.0004043579101562
127 0.9996891021728516
127 0.0
127 1.0001659393310547
127 1.001596450805664
127 0.9992122650146484
127 0.9996891021728516
127 2.0017623901367188
127 1.0018348693847656
127 0.9973049163818359
127 0.9992122650146484
127 0.99945068359375
127 1.0001659393310547
127 0.9999275207519531
127 0.0
127 0.9999275207519531
127 0.9996891021728516
127 0.0
127 1.0004043579101562
127 0.9999275207519531
127 0.9999275207519531
127 0.9999275207519531
127 1.001596450805664
127 0.9989738464355469
127 0.9999275207519531
127 2.0422935485839844
127 0.9975433349609375
127 1.0035037994384766
127 0.0
127 1.9571781158447266
127 1.0006427764892578
127 0.99945068359375
127 0.9996891021728516
127 1.0004043579101562
127 0.9996891021728516
127 0.9996891021728516
127 0.9996891021728516
127 1.0001659393310547
127 2.0024776458740234
127 2.002239227294922
127 1.0221004486083984
127 0.9949207305908203
127 0.9977817535400391
127 1.0006427764892578
127 0.9999275207519531
127 1.0004043579101562
127 0.9999275207519531
127 0.9992122650146484
127 1.0008811950683594
127 0.0
127 1.001596450805664
127 1.020193099975586
127 0.9782314300537109
127 0.9818077087402344
127 1.0175704956054688
127 0.9810924530029297
127 0.9996891021728516
127 0.9989738464355469
127 1.0001659393310547
127 0.9996891021728516
127 0.9999275207519531
127 0.0
127 1.0004043579101562
127 0.9999275207519531
127 0.9999275207519531
127 0.9999275207519531
127 0.9999275207519531
127 0.0
127 0.9999275207519531
127 0.9999275207519531
127 0.0
127 0.9999275207519531
127 0.0
127 1.0001659393310547
127 1.0025501251220703
127 0.9987354278564453
127 0.9999275207519531
127 0.9992122650146484
127 0.9996891021728516
127 0.9999275207519531
127 0.9999275207519531
127 0.0
127 0.9996891021728516
127 1.0004043579101562
127 0.9996891021728516
127 0.9999275207519531
127 0.0
127 1.0004043579101562
127 0.9999275207519531
127 0.9999275207519531
127 1.0001659393310547
127 0.9996891021728516
127 1.001119613647461
127 0.9999275207519531
127 1.0004043579101562
127 0.9989738464355469
127 0.0
127 0.9999275207519531
127 0.9999275207519531
127 0.0
127 0.9999275207519531
127 0.0
127 0.9999275207519531
127 0.9999275207519531
127 0.9999275207519531
127 1.0001659393310547
127 0.0
127 0.9999275207519531
127 1.0004043579101562
127 0.9996891021728516
127 0.0
127 0.9999275207519531
127 0.9999275207519531
127 0.0
127 1.0001659393310547
127 1.001119613647461
127 1.0001659393310547
127 0.9992122650146484
127 0.9996891021728516
127 0.9999275207519531
127 0.9999275207519531
127 0.9999275207519531
127 0.0
127 0.9999275207519531
127 0.9999275207519531
127 0.9999275207519531
127 0.0
127 0.9999275207519531
127 1.0001659393310547
127 0.0
127 1.0001659393310547
127 0.9996891021728516
127 1.0004043579101562
127 0.0
127 0.9999275207519531
127 1.0006427764892578
127 1.0008811950683594
127 0.9992122650146484
127 0.99945068359375
127 0.9999275207519531
127 0.0
127 0.0
127 1.0001659393310547
127 0.9999275207519531
127 0.9999275207519531
127 0.9999275207519531
127 0.0
127 0.0
127 1.0001659393310547
127 0.9999275207519531
127 0.9999275207519531
127 0.9999275207519531
127 0.0
127 1.0001659393310547
127 0.9999275207519531
127 1.0006427764892578
127 1.0030269622802734
127 1.0192394256591797
127 0.9980201721191406
127 0.9915828704833984
127 1.0080337524414062
127 0.0
127 1.0001659393310547
127 1.0008811950683594
127 1.0020732879638672
127 0.0
127 0.9975433349609375
127 0.9920597076416016
127 1.0075569152832031
127 1.0020732879638672
127 0.0
127 0.9980201721191406
127 0.9996891021728516
127 0.0
127 1.9805431365966797
127 0.0
127 0.9996891021728516
127 1.0004043579101562
127 0.99945068359375
127 0.9999275207519531
127 0.9996891021728516
127 0.9999275207519531
127 0.0
127 0.9999275207519531
127 0.9999275207519531
127 0.9999275207519531
127 0.0
127 0.9999275207519531
127 0.9999275207519531
127 1.0004043579101562
127 0.9996891021728516
127 0.9999275207519531
127 0.0
127 1.0001659393310547
127 1.0006427764892578
127 1.0004043579101562
127 0.99945068359375
127 1.0008811950683594
127 0.9992122650146484
127 0.9999275207519531
127 0.9996891021728516
127 0.9999275207519531
127 0.9999275207519531
127 0.0
127 1.0001659393310547
127 0.9996891021728516
127 1.0004043579101562
127 0.99945068359375
127 0.0
127 1.0004043579101562
127 0.9996891021728516
127 1.0008811950683594
127 0.9999275207519531
127 0.9996891021728516
127 0.9996891021728516
127 1.0018348693847656
127 0.0
127 0.9984970092773438
127 0.9996891021728516
127 0.9999275207519531
127 0.9999275207519531
127 0.9999275207519531
127 1.0004043579101562
127 0.0
127 0.9999275207519531
127 0.0
127 0.9999275207519531
127 0.9999275207519531
127 1.0001659393310547
127 0.9996891021728516
127 2.002239227294922
127 0.9989738464355469
127 0.99945068359375
127 0.9996891021728516
127 1.0018348693847656
127 0.0
127 0.9999275207519531
127 0.9989738464355469
127 0.0
127 0.9992122650146484
127 0.9999275207519531
127 1.0004043579101562
127 0.9996891021728516
127 0.9999275207519531
127 0.0
127 0.0
127 0.0
127 0.9999275207519531
127 0.0
127 0.9999275207519531
127 1.0013580322265625
127 1.0001659393310547
127 2.001047134399414
127 0.0
127 1.0006427764892578
127 0.99945068359375
127 1.9998550415039062
127 0.0
127 1.0035037994384766
127 1.9977092742919922
127 0.9984970092773438
127 1.0001659393310547
127 2.001523971557617
127 0.9982585906982422
127 2.0220279693603516
127 0.9980201721191406
127 1.0001659393310547
127 0.9987354278564453
127 0.9992122650146484
127 0.9813308715820312
127 1.0199546813964844
127 1.0094642639160156
127 0.9901523590087891
127 0.99945068359375
127 0.9996891021728516
127 1.0004043579101562
127 0.0
127 1.0023117065429688
127 0.9975433349609375
127 0.9810924530029297
127 0.9992122650146484
127 0.9996891021728516
127 0.9996891021728516
127 0.0
127 0.9999275207519531
127 1.0001659393310547
127 0.9999275207519531
127 0.9996891021728516
127 1.001119613647461
127 1.001119613647461
127 0.9982585906982422
127 0.0
127 0.9996891021728516
127 0.9999275207519531
127 0.9999275207519531
127 0.9999275207519531
127 0.0
127 0.9999275207519531
127 1.001119613647461
127 0.99945068359375
127 1.0001659393310547
127 0.0
127 0.99945068359375
127 0.0
127 1.0001659393310547
127 0.9999275207519531
127 0.9996891021728516
127 1.0004043579101562
127 0.9999275207519531
127 0.0
127 1.0018348693847656
127 0.9984970092773438
127 0.9996891021728516
127 0.9999275207519531
127 0.9999275207519531
127 0.0
127 1.0001659393310547
127 0.9996891021728516
127 1.0008811950683594
127 0.9996891021728516
127 0.9996891021728516
127 1.0001659393310547
127 0.9996891021728516
127 1.0008811950683594
127 0.9996891021728516
127 0.9996891021728516
127 0.0
127 0.9999275207519531
127 1.0013580322265625
127 0.9989738464355469
127 0.0
127 0.9996891021728516
127 0.9999275207519531
127 0.9999275207519531
127 0.0
127 0.9999275207519531
127 0.0
127 2.002239227294922
127 1.0173320770263672
127 1.0006427764892578
127 1.0006427764892578
127 0.9996891021728516
127 0.0
127 1.0001659393310547
127 0.9996891021728516
127 0.0
127 1.0023117065429688
127 0.9999275207519531
127 0.0
127 1.0001659393310547
127 0.9801387786865234
127 1.0194778442382812
127 0.9984970092773438
127 1.001119613647461
127 0.9984970092773438
127 0.9806156158447266
127 0.99945068359375
127 0.9996891021728516
127 0.9996891021728516
127 1.0001659393310547
127 0.0
127 0.9999275207519531
127 1.0001659393310547
127 0.9996891021728516
127 1.0001659393310547
127 0.9996891021728516
127 1.0001659393310547
127 1.0006427764892578
127 1.001596450805664
127 0.9987354278564453
127 0.9996891021728516
127 0.0
127 0.9996891021728516
127 1.0027885437011719
127 0.9984970092773438
127 0.9996891021728516
127 0.9992122650146484
127 0.9999275207519531
127 0.0
127 0.9996891021728516
127 0.0
127 1.0001659393310547
127 0.9996891021728516
127 0.9999275207519531
127 0.9999275207519531
127 0.0
127 1.0001659393310547
127 1.0001659393310547
127 1.0008811950683594
127 0.9996891021728516
127 0.9996891021728516
127 0.9999275207519531
127 1.0004043579101562
127 1.0004043579101562
127 0.99945068359375
127 0.9996891021728516
127 0.5900859832763672
127 0.9276866912841797
127 0.9996891021728516
127 1.0001659393310547
127 0.9999275207519531
127 0.0
127 0.9999275207519531
127 0.9999275207519531
127 1.0001659393310547
127 0.9996891021728516
127 0.0
127 1.0001659393310547
127 1.001596450805664
127 0.9989738464355469
127 2.0198822021484375
127 1.0001659393310547
127 0.0
127 1.0006427764892578
127 0.99945068359375
127 0.9927749633789062
127 1.0123252868652344
127 0.9882450103759766
127 1.0066032409667969
127 0.0
127 1.0001659393310547
127 0.9999275207519531
127 0.0
127 0.9999275207519531
127 0.9999275207519531
127 0.9930133819580078
127 0.0
127 0.9891986846923828
127 1.020193099975586
127 1.9779205322265625
127 0.99945068359375
127 0.0
127 1.0001659393310547
127 0.99945068359375
127 1.0001659393310547
127 0.0
127 1.0001659393310547
127 0.0
127 0.9999275207519531
127 0.9996891021728516
127 1.0001659393310547
127 0.0
127 0.9999275207519531
127 1.0001659393310547
127 0.9999275207519531
127 0.9999275207519531
127 0.0
127 0.9999275207519531
127 2.0008087158203125
127 1.0004043579101562
127 0.9989738464355469
127 1.0004043579101562
127 0.9999275207519531
127 0.0
127 0.9996891021728516
127 1.0001659393310547
127 0.9999275207519531
127 0.9996891021728516
127 0.0
127 1.0001659393310547
127 0.9999275207519531
127 1.0001659393310547
127 0.9999275207519531
127 0.0
127 0.9999275207519531
127 0.9999275207519531
127 0.0
127 1.0001659393310547
127 2.0232200622558594
127 0.9970664978027344
127 0.99945068359375
127 1.0020732879638672
127 0.0
127 0.0
127 1.0008811950683594
127 0.99945068359375
127 0.9982585906982422
127 0.9996891021728516
127 1.0008811950683594
127 0.0
127 0.9999275207519531
127 0.9996891021728516
127 0.9989738464355469
127 0.0
127 1.001119613647461
127 0.9999275207519531
127 0.9932518005371094
127 0.9889602661132812
127 1.018524169921875
127 1.0001659393310547
127 0.9989738464355469
127 0.0
127 1.0025501251220703
127 0.9975433349609375
127 0.9996891021728516
127 0.9999275207519531
127 1.0004043579101562
127 0.9925365447998047
127 0.0
127 1.0068416595458984
127 0.0
127 1.0013580322265625
127 0.9913444519042969
127 1.0085105895996094
127 0.99945068359375
127 0.0
127 1.001596450805664
127 0.9789466857910156
127 1.0001659393310547
127 0.99945068359375
127 0.9996891021728516
127 0.9996891021728516
127 1.0001659393310547
127 1.0001659393310547
127 1.0018348693847656
127 0.9989738464355469
127 1.0190010070800781
127 0.9806156158447266
127 0.99945068359375
127 0.9999275207519531
127 0.9999275207519531
127 0.9999275207519531
127 1.001119613647461
127 1.0199546813964844
127 0.980377197265625
127 1.9989013671875
127 0.9996891021728516
127 0.0
127 1.0001659393310547
127 2.0012855529785156
127 1.001596450805664
127 0.9975433349609375
127 0.9996891021728516
127 0.9999275207519531
127 0.9996891021728516
127 1.0006427764892578
127 1.0004043579101562
127 1.9996166229248047
127 0.0
127 2.0003318786621094
127 1.0030269622802734
127 0.9992122650146484
127 1.997232437133789
127 1.0001659393310547
127 0.9996891021728516
127 0.9999275207519531
127 0.0
127 0.9996891021728516
127 0.0
127 1.0004043579101562
127 0.9996891021728516
127 0.0
127 1.0018348693847656
127 2.000093460083008
127 0.9989738464355469
127 1.0001659393310547
127 0.9996891021728516
127 2.0029544830322266
127 0.0
127 1.9993782043457031
127 0.9984970092773438
127 1.0001659393310547
127 1.9991397857666016
127 0.0
127 1.0001659393310547
127 0.9996891021728516
127 1.0006427764892578
127 2.000570297241211
127 0.9999275207519531
127 0.99945068359375
127 0.9989738464355469
127 1.0113716125488281
127 2.012014389038086
127 0.9775161743164062
127 0.9992122650146484
127 0.9999275207519531
127 0.9999275207519531
127 0.9996891021728516
127 1.0001659393310547
127 0.0
127 0.9996891021728516
127 1.0006427764892578
127 2.0189285278320312
127 0.9818077087402344
127 0.9996891021728516
127 0.9992122650146484
127 0.9999275207519531
127 0.0
127 2.0008087158203125
127 1.0292530059814453
127 0.9908676147460938
127 0.9989738464355469
127 1.0013580322265625
127 0.0
127 0.0
127 1.0094642639160156
127 0.9789466857910156
127 0.0
127 2.002716064453125
127 0.9975433349609375
127 1.9984245300292969
127 0.0
127 0.0
127 0.9999275207519531
127 0.9999275207519531
127 1.001119613647461
127 1.0008811950683594
127 1.9996166229248047
127 0.0
127 1.9989013671875
127 0.0
127 0.9999275207519531
127 2.003908157348633
127 1.0001659393310547
127 0.99945068359375
127 0.9992122650146484
127 0.99945068359375
127 0.9999275207519531
127 0.99945068359375
127 0.9999275207519531
127 1.0006427764892578
127 1.001119613647461
127 1.0044574737548828
127 0.9977817535400391
127 0.9982585906982422
127 0.99945068359375
127 0.9992122650146484
127 0.9999275207519531
127 1.9991397857666016
127 0.99945068359375
127 0.9992122650146484
127 0.9996891021728516
127 0.0
127 0.0
127 0.9999275207519531
127 0.9999275207519531
127 0.9996891021728516
127 1.0006427764892578
127 1.0023117065429688
127 1.9998550415039062
127 0.9987354278564453
127 0.0
127 0.9989738464355469
127 1.0001659393310547
127 2.0003318786621094
127 1.0001659393310547
127 0.9996891021728516
127 0.9999275207519531
127 0.9996891021728516
127 0.9999275207519531
127 1.0001659393310547
127 0.9999275207519531
127 0.0
127 1.0018348693847656
127 2.000570297241211
127 1.0294914245605469
127 0.9703636169433594
127 0.9982585906982422
127 0.9996891021728516
127 1.0008811950683594
127 1.0001659393310547
127 0.9996891021728516
127 0.99945068359375
127 0.9999275207519531
127 0.9999275207519531
127 0.0
127 0.9999275207519531
127 1.0001659393310547
127 0.9996891021728516
127 0.0
127 1.0004043579101562
127 1.001119613647461
127 0.9987354278564453
127 1.0025501251220703
127 0.9999275207519531
127 0.9975433349609375
127 2.000093460083008
127 1.009225845336914
127 0.9918212890625
127 0.9992122650146484
127 0.9996891021728516
127 0.9999275207519531
127 0.9999275207519531
127 0.9999275207519531
127 0.9996891021728516
127 1.0001659393310547
127 1.0006427764892578
127 0.9996891021728516
127 1.0046958923339844
127 1.0094642639160156
127 1.985788345336914
127 1.0051727294921875
127 0.9934902191162109
127 2.012968063354492
127 1.0004043579101562
127 0.9934902191162109
127 1.007080078125
127 0.9815692901611328
127 2.0036697387695312
127 0.9984970092773438
127 2.0003318786621094
127 1.0242462158203125
127 0.9748935699462891
127 1.9965171813964844
127 1.001119613647461
127 1.0159015655517578
127 0.9825229644775391
127 0.9999275207519531
127 0.9999275207519531
127 0.9996891021728516
127 0.9999275207519531
127 1.0001659393310547
127 1.0004043579101562
127 1.0006427764892578
127 0.9992122650146484
127 1.0001659393310547
127 0.0
127 1.0118484497070312
127 0.9908676147460938
127 1.9979476928710938
127 1.0178089141845703
127 0.9820461273193359
127 0.99945068359375
127 0.9999275207519531
127 0.9999275207519531
127 0.9996891021728516
127 1.0001659393310547
127 1.0001659393310547
127 1.0004043579101562
127 0.9999275207519531
127 0.9996891021728516
127 0.9999275207519531
127 1.0018348693847656
127 0.0
127 2.0024776458740234
127 2.0003318786621094
127 1.0004043579101562
127 0.9989738464355469
127 1.9993782043457031
127 0.9996891021728516
127 0.9999275207519531
127 1.0001659393310547
127 1.0001659393310547
127 0.9992122650146484
127 1.0001659393310547
127 0.9996891021728516
127 2.001523971557617
127 1.0063648223876953
127 0.9965896606445312
127 1.0175704956054688
127 1.9984245300292969
127 0.9911060333251953
127 0.9987354278564453
127 1.007080078125
127 0.9806156158447266
127 1.001119613647461
127 1.0228157043457031
127 1.0001659393310547
127 0.9884834289550781
127 1.0073184967041016
127 0.9999275207519531
127 1.9817352294921875
127 1.0006427764892578
127 1.9986629486083984
127 0.9992122650146484
127 0.9996891021728516
127 0.9999275207519531
127 0.9996891021728516
127 0.9999275207519531
127 1.001119613647461
127 0.99945068359375
127 0.9999275207519531
127 0.9999275207519531
127 0.99945068359375
127 0.9999275207519531
127 1.0008811950683594
127 2.002239227294922
127 2.001523971557617
127 1.0039806365966797
127 1.0004043579101562
127 0.9961128234863281
127 1.0144710540771484
127 0.9946823120117188
127 1.008749008178711
127 0.9973049163818359
127 1.0006427764892578
127 1.0037422180175781
127 1.0008811950683594
127 1.9762516021728516
127 0.99945068359375
127 1.0001659393310547
127 1.0008811950683594
127 2.000093460083008
127 0.9992122650146484
127 0.9996891021728516
127 1.0004043579101562
127 0.9992122650146484
127 0.9999275207519531
127 0.9999275207519531
127 0.9996891021728516
127 0.9999275207519531
127 0.9999275207519531
127 0.9999275207519531
127 1.0008811950683594
127 1.0001659393310547
127 2.0034313201904297
127 0.0
127 1.9984245300292969
127 0.9992122650146484
127 0.9980201721191406
127 0.9999275207519531
127 0.9999275207519531
127 1.001119613647461
127 1.0006427764892578
127 0.99945068359375
127 1.9996166229248047
127 0.99945068359375
127 1.0006427764892578
127 1.0001659393310547
127 1.001596450805664
127 2.0024776458740234
127 1.9974708557128906
127 0.9980201721191406
127 1.0004043579101562
127 0.9999275207519531
127 1.0001659393310547
127 1.0001659393310547
127 0.9996891021728516
127 0.99945068359375
127 1.0001659393310547
127 0.9932518005371094
127 0.9999275207519531
127 0.9999275207519531
127 1.0006427764892578
127 1.001119613647461
127 1.9989013671875
127 0.9999275207519531
127 0.9996891021728516
127 1.9998550415039062
127 1.0008811950683594
127 0.9992122650146484
127 0.9999275207519531
127 1.0001659393310547
127 1.0004043579101562
127 0.99945068359375
127 0.9996891021728516
127 1.0001659393310547
127 0.9996891021728516
127 0.9996891021728516
127 2.0017623901367188
127 1.0004043579101562
127 0.9987354278564453
127 0.99945068359375
127 1.001596450805664
127 0.9984970092773438
127 1.9996166229248047
127 1.001119613647461
127 0.9999275207519531
127 0.99945068359375
127 0.0
127 0.9996891021728516
127 1.0001659393310547
127 0.9999275207519531
127 0.9999275207519531
127 1.001119613647461
127 0.0
127 0.0
127 1.0204315185546875
127 1.0008811950683594
127 0.9975433349609375
127 0.9801387786865234
127 1.0008811950683594
127 1.0313987731933594
127 0.0
127 0.9911060333251953
127 1.9769668579101562
127 0.9999275207519531
127 0.99945068359375
127 0.9996891021728516
127 0.0
127 1.0013580322265625
127 0.9996891021728516
127 1.9993782043457031
127 1.001119613647461
127 0.9999275207519531
127 0.9999275207519531
127 0.9996891021728516
127 0.9999275207519531
127 0.0
127 1.0020732879638672
127 0.9982585906982422
127 1.9996166229248047
127 0.9999275207519531
127 0.9996891021728516
127 0.99945068359375
127 1.0004043579101562
127 0.9999275207519531
127 0.0
127 0.9999275207519531
127 0.9996891021728516
127 0.9999275207519531
127 2.0029544830322266
127 0.99945068359375
127 0.9982585906982422
127 0.9996891021728516
127 0.0
127 0.9996891021728516
127 1.0001659393310547
127 1.0006427764892578
127 0.9999275207519531
127 0.99945068359375
127 0.9999275207519531
127 1.0001659393310547
127 0.0
127 0.9999275207519531
127 0.9996891021728516
127 0.0
127 0.9999275207519531
127 1.0004043579101562
127 1.0001659393310547
127 1.0013580322265625
127 0.9987354278564453
127 0.9992122650146484
127 1.0004043579101562
127 0.0
127 0.9999275207519531
127 0.9999275207519531
127 1.0006427764892578
127 0.99945068359375
127 1.0001659393310547
127 0.9996891021728516
127 0.9999275207519531
127 0.0
127 0.9999275207519531
127 1.0001659393310547
127 0.9999275207519531
127 1.0001659393310547
127 0.9996891021728516
127 1.0013580322265625
127 0.9992122650146484
127 0.0
127 0.9999275207519531
127 0.99945068359375
127 1.0001659393310547
127 1.0006427764892578
127 1.0001659393310547
127 0.99945068359375
127 1.0001659393310547
127 0.9996891021728516
127 0.9999275207519531
127 0.9999275207519531
127 0.0
127 1.0004043579101562
127 0.9996891021728516
127 0.9999275207519531
127 0.9999275207519531
127 1.0001659393310547
127 1.001596450805664
127 0.9987354278564453
127 0.99945068359375
127 0.0
127 1.001119613647461
127 1.0004043579101562
127 1.0004043579101562
127 0.9989738464355469
127 1.0001659393310547
127 1.0004043579101562
127 1.0378360748291016
127 0.9670257568359375
127 1.9984245300292969
127 2.0134449005126953
127 0.988006591796875
127 0.9987354278564453
127 0.9992122650146484
127 1.0013580322265625
127 2.9993057250976562
