4095 316.97988510131836
4095 125.00357627868652
4095 104.9959659576416
4095 104.00176048278809
4095 129.99796867370605
4095 103.02042961120605
4095 54.018259048461914
4095 48.56681823730469
4095 51.03635787963867
4095 49.06916618347168
4095 47.02305793762207
4095 53.99656295776367
4095 50.99821090698242
4095 57.0065975189209
4095 53.95340919494629
4095 61.04445457458496
4095 51.122188568115234
4095 51.85675621032715
4095 53.963422775268555
4095 66.99585914611816
4095 48.03967475891113
4095 59.015750885009766
4095 43.5945987701416
4095 52.01435089111328
4095 67.97480583190918
4095 43.03550720214844
4095 44.002532958984375
4095 45.97163200378418
4095 47.00732231140137
4095 52.00338363647461
4095 43.00093650817871
4095 48.044443130493164
4095 40.71187973022461
4095 42.05131530761719
4095 58.18009376525879
4095 43.860673904418945
4095 41.139841079711914
4095 45.903682708740234
4095 46.042442321777344
4095 49.99804496765137
4095 47.08290100097656
4095 46.216487884521484
4095 60.65726280212402
4095 63.98725509643555
4095 75.71220397949219
4095 56.00118637084961
4095 76.02477073669434
4095 105.9560775756836
4095 55.034637451171875
4095 52.001237869262695
4095 53.9708137512207
4095 60.09507179260254
4095 54.198265075683594
4095 74.67412948608398
4095 115.00716209411621
4095 61.0499382019043
4095 53.963422775268555
4095 57.021141052246094
4095 66.52569770812988
4095 44.00038719177246
4095 48.00558090209961
4095 45.003414154052734
4095 51.947593688964844
4095 66.04337692260742
4095 48.9964485168457
4095 51.02229118347168
4095 50.99606513977051
4095 43.947458267211914
4095 46.05746269226074
4095 52.59275436401367
4095 48.96378517150879
4095 27.05240249633789
4095 50.626277923583984
4095 50.00567436218262
4095 41.010141372680664
4095 104.93111610412598
4095 190.0002956390381
4095 116.03426933288574
4095 78.00650596618652
4095 80.96051216125488
4095 131.00171089172363
4095 160.05396842956543
4095 159.00564193725586
4095 121.95563316345215
4095 100.99935531616211
4095 109.05265808105469
4095 94.92754936218262
4095 127.03776359558105
4095 107.96451568603516
4095 101.57585144042969
4095 49.01385307312012
4095 59.99898910522461
4095 52.05702781677246
4095 44.96359825134277
4095 43.9608097076416
4095 55.071115493774414
4095 51.97310447692871
4095 68.95565986633301
4095 89.00308609008789
4095 79.01811599731445
4095 75.97994804382324
4095 65.53459167480469
4095 67.01874732971191
4095 59.9825382232666
4095 56.00285530090332
4095 69.01383399963379
4095 56.0002326965332
4095 57.97982215881348
4095 65.03820419311523
4095 63.96174430847168
4095 58.017730712890625
4095 71.00057601928711
4095 73.98104667663574
4095 52.57892608642578
4095 50.987958908081055
4095 56.973934173583984
4095 63.64560127258301
4095 55.40013313293457
4095 60.632944107055664
4095 48.78425598144531
4095 46.157121658325195
4095 50.06551742553711
4095 60.44650077819824
4095 54.51679229736328
4095 68.5265064239502
4095 41.99409484863281
4095 66.15138053894043
4095 75.42037963867188
4095 79.01430130004883
4095 77.01683044433594
4095 57.982444763183594
4095 63.039541244506836
4095 73.95672798156738
4095 63.02213668823242
4095 80.02686500549316
4095 66.00499153137207
4095 52.010536193847656
4095 90.87109565734863
4095 90.98219871520996
4095 70.9996223449707
4095 68.97258758544922
4095 129.98557090759277
4095 204.99420166015625
4095 116.58215522766113
4095 103.96218299865723
4095 100.04997253417969
4095 89.97082710266113
4095 92.02098846435547
4095 110.02230644226074
4095 75.00267028808594
4095 106.93693161010742
4095 71.03967666625977
4095 48.99430274963379
4095 52.964210510253906
4095 49.99876022338867
4095 66.0543441772461
4095 54.086923599243164
4095 50.96745491027832
4095 48.02680015563965
4095 53.00164222717285
4095 52.942752838134766
4095 56.0452938079834
4095 60.0275993347168
4095 57.958126068115234
4095 55.997371673583984
4095 72.00026512145996
4095 59.018611907958984
4095 69.99993324279785
4095 51.94377899169922
4095 43.051958084106445
4095 73.99773597717285
4095 49.95155334472656
4095 52.03866958618164
4095 46.01645469665527
4095 56.02765083312988
4095 23.113012313842773
4095 44.649600982666016
4095 65.22774696350098
4095 41.98741912841797
4095 42.01555252075195
4095 59.61155891418457
4095 57.93452262878418
4095 48.86960983276367
4095 41.329383850097656
4095 47.159433364868164
4095 41.9774055480957
4095 45.63570022583008
4095 54.97908592224121
4095 44.022560119628906
4095 48.05159568786621
4095 43.00117492675781
4095 50.05693435668945
4095 93.19806098937988
4095 63.028812408447266
4095 81.00509643554688
4095 60.99390983581543
4095 51.656484603881836
4095 61.5847110748291
4095 51.00560188293457
4095 53.00474166870117
4095 63.0035400390625
4095 48.01583290100098
4095 57.97147750854492
4095 50.014495849609375
4095 49.99995231628418
4095 50.00925064086914
4095 69.97036933898926
4095 121.9639778137207
4095 108.0019474029541
4095 83.03403854370117
4095 53.02023887634277
4095 43.984413146972656
4095 64.00156021118164
4095 50.95553398132324
4095 50.00019073486328
4095 48.039913177490234
4095 44.98863220214844
4095 53.97176742553711
4095 51.04541778564453
4095 46.11396789550781
4095 71.82717323303223
4095 290.7850742340088
4095 141.99399948120117
4095 107.00130462646484
4095 87.99266815185547
4095 104.96735572814941
4095 104.99691963195801
4095 97.01251983642578
4095 108.54053497314453
4095 119.0345287322998
4095 52.02031135559082
4095 45.98093032836914
4095 53.003549575805664
4095 52.99234390258789
4095 44.01755332946777
4095 56.955814361572266
4095 50.02641677856445
4095 59.96441841125488
4095 53.04098129272461
4095 57.53326416015625
4095 45.02439498901367
4095 72.13115692138672
4095 58.995723724365234
4095 58.95495414733887
4095 48.05278778076172
4095 52.98471450805664
4095 47.017812728881836
4095 59.94987487792969
4095 58.06851387023926
4095 67.09694862365723
4095 52.9942512512207
4095 54.994821548461914
4095 57.01494216918945
4095 59.98063087463379
4095 44.99673843383789
4095 54.03637886047363
4095 51.46169662475586
4095 52.620887756347656
4095 52.07419395446777
4095 56.001901626586914
4095 47.2407341003418
4095 73.58765602111816
4095 54.14772033691406
4095 47.80769348144531
4095 76.07626914978027
4095 50.00185966491699
4095 57.00349807739258
4095 43.99919509887695
4095 48.99263381958008
4095 50.96602439880371
4095 72.99613952636719
4095 66.99824333190918
4095 65.05560874938965
4095 67.5971508026123
4095 44.023990631103516
4095 55.38225173950195
4095 60.005903244018555
4095 46.64182662963867
4095 40.99440574645996
4095 48.98834228515625
4095 55.001020431518555
4095 44.04759407043457
4095 52.961111068725586
4095 43.00045967102051
4095 27.990102767944336
4095 64.96238708496094
4095 62.009334564208984
4095 56.03146553039551
4095 93.61457824707031
4095 96.01092338562012
4095 55.004119873046875
4095 50.15850067138672
4095 48.866987228393555
4095 46.977996826171875
4095 57.95574188232422
4095 52.03819274902344
4095 69.99683380126953
4095 57.00397491455078
4095 139.967679977417
4095 211.0424041748047
4095 105.00550270080566
4095 95.0005054473877
4095 91.96162223815918
4095 104.0196418762207
4095 107.62643814086914
4095 112.02096939086914
4095 103.97648811340332
4095 109.00259017944336
4095 87.02611923217773
4095 65.01221656799316
4095 48.97904396057129
4095 55.00221252441406
4095 47.059059143066406
4095 51.96666717529297
4095 57.01470375061035
4095 42.978525161743164
4095 89.06412124633789
4095 80.00040054321289
4095 53.95960807800293
4095 59.010982513427734
4095 57.02805519104004
4095 49.00383949279785
4095 54.00395393371582
4095 56.01143836975098
4095 50.986289978027344
4095 84.95521545410156
4095 51.0408878326416
4095 43.01857948303223
4095 43.98226737976074
4095 43.07913780212402
4095 53.000688552856445
4095 54.97884750366211
4095 57.016849517822266
4095 47.02615737915039
4095 46.03719711303711
4095 45.02725601196289
4095 49.97992515563965
4095 50.02021789550781
4095 54.97574806213379
4095 53.990840911865234
4095 57.96003341674805
4095 45.0589656829834
4095 44.00205612182617
4095 57.61241912841797
4095 47.980546951293945
4095 48.99930953979492
4095 49.98493194580078
4095 47.01566696166992
4095 51.02205276489258
4095 45.012712478637695
4095 49.98898506164551
4095 57.94119834899902
4095 63.05122375488281
4095 41.947126388549805
4095 65.03629684448242
4095 49.00646209716797
4095 52.995920181274414
4095 63.004255294799805
4095 47.67799377441406
4095 43.996572494506836
4095 65.06991386413574
4095 55.99069595336914
4095 53.00569534301758
4095 56.00237846374512
4095 50.99201202392578
4095 49.99685287475586
4095 43.02072525024414
4095 60.0132942199707
4095 44.97408866882324
4095 48.99311065673828
4095 51.466941833496094
4095 76.10392570495605
4095 91.00079536437988
4095 52.959442138671875
4095 45.00246047973633
4095 50.057411193847656
4095 60.99414825439453
4095 48.00128936767578
4095 90.04092216491699
4095 240.9050464630127
4095 132.03811645507812
4095 96.01545333862305
4095 128.98516654968262
4095 109.99846458435059
4095 79.97655868530273
4095 53.15542221069336
4095 54.99863624572754
4095 46.975135803222656
4095 65.60945510864258
4095 54.02040481567383
4095 61.014413833618164
4095 44.98600959777832
4095 60.004234313964844
4095 46.957969665527344
4095 52.04439163208008
4095 49.91412162780762
4095 45.9895133972168
4095 55.01747131347656
4095 48.004150390625
4095 61.07521057128906
4095 46.00858688354492
4095 53.97462844848633
4095 51.99933052062988
4095 50.00138282775879
4095 43.00069808959961
4095 55.01103401184082
4095 55.96613883972168
4095 50.05764961242676
4095 51.98073387145996
4095 60.01424789428711
4095 52.971839904785156
4095 56.01096153259277
4095 58.057546615600586
4095 50.00758171081543
4095 58.980703353881836
4095 47.01375961303711
4095 53.998470306396484
4095 57.98196792602539
4095 55.013418197631836
4095 47.017574310302734
4095 81.97259902954102
4095 52.013397216796875
4095 55.982351303100586
4095 53.002119064331055
4095 62.99924850463867
4095 59.63397026062012
4095 54.62145805358887
4095 50.98295211791992
4095 54.00419235229492
4095 42.994022369384766
4095 56.00380897521973
4095 56.044816970825195
4095 48.89941215515137
4095 51.80644989013672
4095 37.70732879638672
4095 49.99971389770508
4095 49.314260482788086
4095 48.278093338012695
4095 48.44784736633301
4095 61.60712242126465
4095 50.03619194030762
4095 48.98953437805176
4095 56.98442459106445
4095 52.147626876831055
4095 45.02558708190918
4095 49.12281036376953
4095 47.707319259643555
4095 49.91579055786133
4095 48.08187484741211
4095 47.18828201293945
4095 69.15903091430664
4095 58.005571365356445
4095 47.019243240356445
4095 61.97857856750488
4095 49.00002479553223
4095 52.98900604248047
4095 55.008649826049805
4095 78.08446884155273
4095 87.95475959777832
4095 59.9980354309082
4095 66.05315208435059
4095 52.98948287963867
4095 179.96573448181152
4095 168.99657249450684
4095 122.03049659729004
4095 92.96369552612305
4095 84.03682708740234
4095 87.00704574584961
4095 97.00608253479004
4095 86.51924133300781
4095 101.0746955871582
4095 102.96392440795898
4095 65.00029563903809
4095 60.12248992919922
4095 49.878835678100586
4095 50.01091957092285
4095 50.019264221191406
4095 48.96855354309082
4095 42.9995059967041
4095 10.02812385559082
4095 53.93362045288086
4095 54.04829978942871
4095 51.04184150695801
4095 46.99349403381348
4095 61.00153923034668
4095 44.986724853515625
4095 54.01349067687988
4095 48.984527587890625
4095 53.00617218017578
4095 47.99246788024902
4095 57.02495574951172
4095 48.98333549499512
4095 51.991939544677734
4095 74.09167289733887
4095 49.1633415222168
4095 50.15301704406738
4095 52.02889442443848
4095 42.9997444152832
4095 44.9986457824707
4095 45.25876045227051
4095 45.667171478271484
4095 45.180320739746094
4095 48.04682731628418
4095 41.16320610046387
4095 47.429561614990234
4095 43.91813278198242
4095 44.19827461242676
4095 44.98910903930664
4095 44.266700744628906
4095 43.6558723449707
4095 54.17466163635254
4095 47.09625244140625
4095 54.78858947753906
4095 43.901920318603516
4095 46.30708694458008
4095 59.50474739074707
4095 45.2578067779541
4095 47.05405235290527
4095 50.08101463317871
4095 46.76175117492676
4095 44.7850227355957
4095 67.09718704223633
4095 42.27805137634277
4095 52.008628845214844
4095 48.334598541259766
4095 44.257164001464844
4095 71.30670547485352
4095 43.332815170288086
4095 48.01225662231445
4095 54.216861724853516
4095 45.081138610839844
4095 75.9878158569336
4095 58.03203582763672
4095 95.52478790283203
4095 119.0183162689209
4095 58.02011489868164
4095 26.961326599121094
4095 76.0195255279541
4095 22.979736328125
4095 75.00100135803223
4095 70.00064849853516
4095 73.04501533508301
4095 65.95492362976074
4095 105.99994659423828
4095 169.55018043518066
4095 224.6086597442627
4095 116.04428291320801
4095 84.99383926391602
4095 92.95892715454102
4095 93.00065040588379
4095 109.00425910949707
4095 190.99926948547363
4095 134.01389122009277
4095 79.05149459838867
4095 60.96792221069336
4095 57.00349807739258
4095 52.02913284301758
4095 66.97893142700195
4095 54.00490760803223
4095 50.98438262939453
4095 60.027122497558594
4095 49.64017868041992
4095 48.98500442504883
4095 58.008432388305664
4095 61.00654602050781
4095 52.99830436706543
4095 60.994863510131836
4095 54.02016639709473
4095 58.02035331726074
4095 48.00248146057129
4095 48.957109451293945
4095 55.00388145446777
4095 75.06370544433594
4095 60.97149848937988
4095 58.01725387573242
4095 75.04105567932129
4095 47.998905181884766
4095 50.02713203430176
4095 61.987876892089844
4095 47.94144630432129
4095 54.04162406921387
4095 87.00799942016602
4095 62.99901008605957
4095 68.96448135375977
4095 69.03862953186035
4095 62.99877166748047
4095 78.99880409240723
4095 54.96692657470703
4095 52.03390121459961
4095 61.9664192199707
4095 69.04983520507812
4095 81.99477195739746
4095 55.023908615112305
4095 47.00112342834473
4095 52.9632568359375
4095 58.563947677612305
4095 53.054094314575195
4095 47.98483848571777
4095 50.958871841430664
4095 53.04121971130371
4095 45.961856842041016
4095 51.99933052062988
4095 48.996686935424805
4095 50.057411193847656
4095 53.952932357788086
4095 61.02895736694336
4095 60.00566482543945
4095 56.99968338012695
4095 46.95487022399902
4095 50.05049705505371
4095 45.62664031982422
4095 75.98471641540527
4095 57.00039863586426
4095 52.9782772064209
4095 60.0283145904541
4095 65.00053405761719
4095 51.99933052062988
4095 64.99886512756348
4095 130.9640407562256
4095 538.3133888244629
4095 117.98334121704102
4095 75.99735260009766
4095 62.999725341796875
4095 54.003000259399414
4095 69.60868835449219
4095 64.98312950134277
4095 67.00372695922852
4095 79.95390892028809
4095 71.00391387939453
4095 93.04404258728027
4095 61.99383735656738
4095 54.959774017333984
4095 59.03816223144531
4095 58.96258354187012
4095 60.042381286621094
4095 65.95420837402344
4095 73.00710678100586
4095 48.04801940917969
4095 73.98676872253418
4095 52.99711227416992
4095 61.9816780090332
4095 74.98621940612793
4095 89.99514579772949
4095 57.04665184020996
4095 50.003767013549805
4095 49.065589904785156
4095 48.992156982421875
4095 65.96970558166504
4095 59.01908874511719
4095 58.01963806152344
4095 55.93752861022949
4095 79.0412425994873
4095 60.976505279541016
4095 68.02725791931152
4095 65.95540046691895
4095 63.529014587402344
4095 48.00152778625488
4095 53.057193756103516
4095 52.977800369262695
4095 48.122406005859375
4095 47.70064353942871
4095 47.541141510009766
4095 53.452253341674805
4095 53.98988723754883
4095 51.96046829223633
4095 55.00388145446777
4095 60.03856658935547
4095 58.9597225189209
4095 62.03579902648926
4095 62.960147857666016
4095 60.003042221069336
4095 59.01932716369629
4095 74.02873039245605
4095 64.95523452758789
4095 59.99398231506348
4095 66.0409927368164
4095 53.5428524017334
4095 51.04374885559082
4095 44.00324821472168
4095 42.11568832397461
4095 76.05481147766113
4095 48.00295829772949
4095 50.62246322631836
4095 48.94518852233887
4095 54.04019355773926
4095 49.007415771484375
4095 51.019906997680664
4095 43.99299621582031
4095 44.00038719177246
4095 42.95682907104492
4095 48.05707931518555
4095 50.01378059387207
4095 64.97454643249512
4095 187.96038627624512
4095 181.99491500854492
4095 64.00322914123535
4095 69.99707221984863
4095 71.00439071655273
4095 174.99637603759766
4095 95.00002861022949
4095 92.00143814086914
4095 99.01165962219238
4095 63.98725509643555
4095 68.01176071166992
4095 58.98737907409668
4095 60.99867820739746
4095 59.021949768066406
4095 70.52946090698242
4095 82.98611640930176
4095 108.03484916687012
4095 69.98443603515625
4095 73.99749755859375
4095 56.986331939697266
4095 44.04950141906738
4095 50.94289779663086
4095 46.03910446166992
4095 41.96429252624512
4095 57.0368766784668
4095 52.9627799987793
4095 53.006649017333984
4095 59.99398231506348
4095 54.995059967041016
4095 46.06032371520996
4095 61.93995475769043
4095 61.99932098388672
4095 45.02129554748535
4095 43.0300235748291
4095 44.948577880859375
4095 50.00638961791992
4095 46.044111251831055
4095 48.61927032470703
4095 47.00016975402832
4095 71.64764404296875
4095 48.02107810974121
4095 64.29624557495117
4095 46.52595520019531
4095 51.01156234741211
4095 56.93793296813965
4095 60.05215644836426
4095 45.562028884887695
4095 62.047481536865234
4095 51.94544792175293
4095 61.045169830322266
4095 50.95100402832031
4095 47.00040817260742
4095 50.05216598510742
4095 52.98781394958496
4095 57.96170234680176
4095 40.999650955200195
4095 52.999019622802734
4095 50.04286766052246
4095 46.51832580566406
4095 53.99918556213379
4095 51.00393295288086
4095 43.001413345336914
4095 71.25234603881836
4095 54.959774017333984
4095 60.999393463134766
4095 46.99993133544922
4095 39.99948501586914
4095 47.02425003051758
4095 50.53067207336426
4095 51.99837684631348
4095 43.0455207824707
4095 42.03009605407715
4095 52.92534828186035
4095 47.99938201904297
4095 48.02107810974121
4095 42.57059097290039
4095 43.98608207702637
4095 44.562578201293945
4095 45.05777359008789
4095 43.95866394042969
4095 61.03181838989258
4095 74.95474815368652
4095 198.55427742004395
4095 234.99250411987305
4095 188.51709365844727
4095 105.00478744506836
4095 131.99615478515625
4095 126.00135803222656
4095 76.00235939025879
4095 74.9969482421875
4095 42.006492614746094
4095 92.99206733703613
4095 73.03547859191895
4095 65.00530242919922
4095 48.99787902832031
4095 58.00294876098633
4095 50.607919692993164
4095 47.99771308898926
4095 57.99508094787598
4095 72.03149795532227
4095 18.932580947875977
4095 86.00139617919922
4095 73.06957244873047
4095 70.96552848815918
4095 61.017751693725586
4095 69.9622631072998
4095 55.00197410583496
4095 98.9987850189209
4095 66.98298454284668
4095 60.01543998718262
4095 66.02668762207031
4095 67.95668601989746
4095 70.04570960998535
4095 54.06832695007324
4095 57.60526657104492
4095 50.61483383178711
4095 51.03635787963867
4095 74.73015785217285
4095 73.97651672363281
4095 102.40554809570312
4095 82.0000171661377
4095 77.00943946838379
4095 77.99196243286133
4095 38.01894187927246
4095 0.9975433349609375
4095 56.980133056640625
4095 54.02088165283203
4095 50.720930099487305
4095 63.541412353515625
4095 62.20245361328125
4095 46.65017127990723
4095 51.52487754821777
4095 57.00278282165527
4095 76.10297203063965
4095 63.50302696228027
4095 67.9788589477539
4095 66.56455993652344
4095 86.04931831359863
4095 56.99968338012695
4095 52.05249786376953
4095 57.89828300476074
4095 65.12331962585449
4095 52.99782752990723
4095 55.01103401184082
4095 60.990333557128906
4095 52.00076103210449
4095 45.684814453125
4095 43.06292533874512
4095 51.98979377746582
4095 50.612688064575195
4095 50.99177360534668
4095 46.96154594421387
4095 57.06000328063965
4095 57.97839164733887
4095 146.96860313415527
4095 238.01064491271973
4095 144.98472213745117
4095 99.03717041015625
4095 70.9993839263916
4095 79.65230941772461
4095 73.72069358825684
4095 78.98759841918945
4095 92.99898147583008
4095 130.0032138824463
4095 89.95485305786133
4095 76.05266571044922
4095 48.0196475982666
4095 48.98190498352051
4095 54.98313903808594
4095 51.01633071899414
4095 55.01675605773926
4095 135.9398365020752
4095 103.59549522399902
4095 96.38309478759766
4095 61.774492263793945
4095 76.080322265625
4095 53.99370193481445
4095 69.00358200073242
4095 57.00325965881348
4095 48.03752899169922
4095 61.95569038391113
4095 59.0059757232666
4095 52.605628967285156
4095 51.95784568786621
4095 56.01191520690918
4095 53.986310958862305
4095 60.01925468444824
4095 56.98847770690918
4095 60.02998352050781
4095 57.140350341796875
4095 54.02088165283203
4095 55.62329292297363
4095 51.703691482543945
4095 53.693532943725586
4095 59.19051170349121
4095 47.00970649719238
4095 49.95226860046387
4095 66.04337692260742
4095 76.95531845092773
4095 81.53510093688965
4095 234.26151275634766
4095 67.52538681030273
4095 49.161672592163086
4095 54.06022071838379
4095 43.56575012207031
4095 50.07147789001465
4095 58.966636657714844
4095 79.02932167053223
4095 60.99987030029297
4095 53.96008491516113
4095 71.7158317565918
4095 93.55378150939941
4095 58.448076248168945
4095 48.79617691040039
4095 52.474021911621094
4095 51.007986068725586
4095 51.94854736328125
4095 57.04355239868164
4095 50.95386505126953
4095 222.7795124053955
4095 394.38581466674805
4095 167.32120513916016
4095 123.03638458251953
4095 164.9630069732666
4095 94.635009765625
4095 95.97158432006836
4095 119.03953552246094
4095 85.00432968139648
4095 122.01452255249023
4095 116.9590950012207
4095 66.00022315979004
4095 62.99924850463867
4095 60.02235412597656
4095 47.618865966796875
4095 52.98280715942383
4095 67.0619010925293
4095 52.02817916870117
4095 44.97385025024414
4095 64.97311592102051
4095 88.00172805786133
4095 60.01591682434082
4095 67.01111793518066
4095 74.96833801269531
4095 47.02162742614746
4095 50.01568794250488
4095 51.044464111328125
4095 51.99861526489258
4095 49.00193214416504
4095 55.01604080200195
4095 43.98155212402344
4095 55.12523651123047
4095 51.277875900268555
4095 55.95684051513672
4095 58.06303024291992
4095 56.01096153259277
4095 65.1402473449707
4095 66.00093841552734
4095 60.190677642822266
4095 63.024282455444336
4095 50.956010818481445
4095 49.11160469055176
4095 48.98858070373535
4095 49.96323585510254
4095 76.0490894317627
4095 65.0181770324707
4095 51.00107192993164
4095 49.00240898132324
4095 66.00785255432129
4095 45.000553131103516
4095 46.99087142944336
4095 55.96113204956055
4095 72.00145721435547
4095 55.99856376647949
4095 55.040597915649414
4095 49.01838302612305
4095 54.994821548461914
4095 52.01840400695801
4095 61.96141242980957
4095 49.99899864196777
4095 92.01741218566895
4095 80.01899719238281
4095 56.014299392700195
4095 49.02052879333496
4095 46.965837478637695
4095 53.032636642456055
4095 46.97299003601074
4095 52.99687385559082
4095 48.00248146057129
4095 48.996686935424805
4095 48.000335693359375
4095 15.014886856079102
4095 58.98547172546387
4095 54.026126861572266
4095 106.93883895874023
4095 213.00005912780762
4095 127.99954414367676
4095 115.04936218261719
4095 81.00104331970215
4095 84.95116233825684
4095 64.99457359313965
4095 49.04603958129883
4095 45.99952697753906
4095 45.99595069885254
4095 54.00276184082031
4095 47.00016975402832
4095 53.000450134277344
4095 60.95552444458008
4095 51.05447769165039
