1044 1.981973648071289
1044 1.0333061218261719
1044 0.0
1044 1.001119613647461
1044 0.0
1044 0.0
1044 0.9980201721191406
1044 0.0
1044 0.0
1044 1.0001659393310547
1044 0.0
1044 1.0075569152832031
1044 0.0
1044 0.0
1044 1.0106563568115234
1044 0.0
1044 0.0
1044 0.0
1044 0.9827613830566406
1044 0.0
1044 0.9987354278564453
1044 0.0
1044 0.0
1044 1.0006427764892578
1044 0.0
1044 1.0101795196533203
1044 0.0
1044 0.0
1044 0.9915828704833984
1044 0.0
1044 1.0204315185546875
1044 0.0
1044 0.0
1044 0.9891986846923828
1044 0.0
1044 0.95367431640625
1044 0.9980201721191406
1044 0.0
1044 1.4889240264892578
1044 0.5555152893066406
1044 0.5850791931152344
1044 0.0
1044 1.0311603546142578
1044 0.0
1044 0.9927749633789062
1044 0.0
1044 1.005411148071289
1044 0.0
1044 0.9975433349609375
1044 0.0
1044 0.0
1044 1.0023117065429688
1044 0.0
1044 0.9930133819580078
1044 0.0
1044 0.0
1044 1.0085105895996094
1044 0.0
1044 1.0025501251220703
1044 0.0
1044 0.0
1044 0.9903907775878906
1044 0.0
1044 1.0023117065429688
1044 0.0
1044 0.9970664978027344
1044 0.0
1044 0.0
1044 0.9999275207519531
1044 0.0
1044 1.0175704956054688
1044 0.0
1044 0.9455680847167969
1044 0.5271434783935547
1044 0.0
1044 1.065969467163086
1044 0.0
1044 0.9710788726806641
1044 0.0
1044 0.9977817535400391
1044 0.0
1044 1.0020732879638672
1044 0.0
1044 1.0006427764892578
1044 0.0
1044 0.0
1044 0.9968280792236328
1044 0.0
1044 1.0006427764892578
1044 0.0
1044 0.0
1044 1.0020732879638672
1044 0.0
1044 0.9970664978027344
1044 0.0
1044 0.0
1044 0.0
1044 0.99945068359375
1044 0.0
1044 0.0
1044 1.0058879852294922
1044 0.0
1044 0.9937286376953125
1044 0.0
1044 1.0025501251220703
1044 0.0
1044 0.0
1044 0.9970664978027344
1044 0.0
1044 1.0204315185546875
1044 0.0
1044 0.9434223175048828
1044 0.0
1044 0.5621910095214844
1044 0.0
1044 1.0368824005126953
1044 0.0
1044 1.0166168212890625
1044 0.0
1044 0.0
1044 1.0356903076171875
1044 0.0
1044 0.0
1044 1.0178089141845703
1044 0.0
1044 0.0
1044 1.043558120727539
1044 0.0
1044 1.0077953338623047
1044 0.5662441253662109
1044 0.0
1044 0.5609989166259766
1044 0.0
1044 1.0445117950439453
1044 0.0
1044 0.0
1044 1.0335445404052734
1044 0.0
1044 1.016855239868164
1044 0.0
1044 0.0
1044 1.0139942169189453
1044 0.0
1044 0.0
1044 1.0304450988769531
1044 0.0
1044 1.0230541229248047
1044 0.0
1044 0.0
1044 1.0297298431396484
1044 0.0
1044 1.0216236114501953
1044 0.0
1044 0.0
1044 0.0
1044 1.033782958984375
1044 0.0
1044 0.0
1044 1.0266304016113281
1044 0.0
1044 0.0
1044 1.026153564453125
1044 0.0
1044 0.0
1044 1.0211467742919922
1044 0.0
1044 0.0
1044 1.0328292846679688
1044 0.0
1044 0.0
1044 1.0406970977783203
1044 0.0
1044 0.0
1044 1.0383129119873047
1044 0.0
1044 0.0
1044 1.0237693786621094
1044 0.0
1044 1.0437965393066406
1044 0.0
1044 0.0
1044 0.9915828704833984
1044 0.0
1044 1.0311603546142578
1044 0.0
1044 0.0
1044 1.0333061218261719
1044 0.0
1044 0.0
1044 1.0190010070800781
1044 0.0
1044 1.0497570037841797
1044 0.0
1044 0.0
1044 1.0340213775634766
1044 0.0
1044 0.0
1044 1.0416507720947266
1044 0.0
1044 0.0
1044 0.9505748748779297
1044 0.0
1044 0.0
1044 1.0521411895751953
1044 0.0
1044 1.0061264038085938
1044 0.0
1044 0.0
1044 1.0306835174560547
1044 0.0
1044 0.0
1044 0.015735626220703125
1044 0.0
1044 0.0
1044 1.0313987731933594
1044 0.0
1044 0.0
1044 1.0497570037841797
1044 0.0
1044 0.0
1044 1.0514259338378906
1044 0.0
1044 0.0
1044 0.0
1044 0.9796619415283203
1044 0.0
1044 1.0037422180175781
1044 0.0
1044 0.0
1044 1.0342597961425781
1044 0.0
1044 0.0
1044 1.0361671447753906
1044 0.0
1044 0.0
1044 1.0335445404052734
1044 0.0
1044 0.0
1044 1.0373592376708984
1044 0.0
1044 1.028299331665039
1044 0.0
1044 0.0
1044 1.0530948638916016
1044 0.0
1044 0.0
1044 1.1992454528808594
1044 0.0
1044 0.0
1044 1.0406970977783203
1044 0.0
1044 0.0
1044 1.0232925415039062
1044 0.0
1044 0.0
1044 0.0
1044 1.04522705078125
1044 0.0
1044 1.0063648223876953
1044 0.0
1044 0.0
1044 1.0573863983154297
1044 0.0
1044 0.0
1044 0.0
1044 1.0364055633544922
1044 0.0
1044 0.0
1044 1.0218620300292969
1044 0.0
1044 0.0
1044 0.01049041748046875
1044 0.0
1044 1.056671142578125
1044 0.0
1044 0.0
1044 0.0
1044 0.9853839874267578
1044 0.0
1044 0.0
1044 1.0335445404052734
1044 0.0
1044 0.0
1044 1.035928726196289
1044 0.0
1044 0.0
1044 1.027822494506836
1044 0.0
1044 0.0
1044 1.0385513305664062
1044 0.0
1044 0.0
1044 1.0318756103515625
1044 0.0
1044 0.9946823120117188
1044 0.0
1044 0.0
1044 1.0714530944824219
1044 0.0
1044 0.0
1044 1.0478496551513672
1044 0.0
1044 0.0
1044 1.0154247283935547
1044 0.0
1044 1.0480880737304688
1044 0.0
1044 0.0
1044 1.0149478912353516
1044 0.0
1044 0.0
1044 1.016855239868164
1044 0.0
1044 0.0
1044 1.0170936584472656
1044 0.0
1044 0.0
1044 1.0349750518798828
1044 0.0
1044 1.0457038879394531
1044 0.0
1044 0.0
1044 0.0
1044 0.0
1044 0.0
1044 1.0116100311279297
1044 0.0
1044 0.0
1044 0.9942054748535156
1044 0.0
1044 1.0406970977783203
1044 1.0340213775634766
1044 0.0
1044 1.0333061218261719
1044 0.0
1044 0.0
1044 1.4567375183105469
1044 0.0
1044 1.0361671447753906
1044 0.0
1044 1.0159015655517578
1044 0.0
1044 0.0
1044 1.0614395141601562
1044 0.0
1044 0.0
1044 1.027822494506836
1044 0.5779266357421875
1044 0.5695819854736328
1044 0.0
1044 0.0
1044 0.0
1044 1.055002212524414
1044 0.0
1044 1.001119613647461
1044 0.0
1044 0.0
1044 1.0485649108886719
1044 0.0
1044 1.004934310913086
1044 0.010013580322265625
1044 0.0
1044 1.0385513305664062
1044 0.0
1044 0.0
1044 1.0290145874023438
1044 0.0
1044 0.0
1044 1.0647773742675781
1044 0.0
1044 0.0
1044 0.9918212890625
1044 0.0
1044 0.0
1044 1.054525375366211
1044 0.0
1044 0.0
1044 1.0039806365966797
1044 0.0
1044 1.0383129119873047
1044 0.0
1044 0.0
1044 1.0287761688232422
1044 0.0
1044 1.0294914245605469
1044 0.0
1044 0.0
1044 1.049041748046875
1044 0.0
1044 1.03759765625
1044 0.0
1044 0.0
1044 1.0080337524414062
1044 0.0
1044 1.0378360748291016
1044 0.0
1044 0.0
1044 1.0170936584472656
1044 0.0
1044 0.0
1044 1.043558120727539
1044 0.0
1044 0.0
1044 1.0242462158203125
1044 0.0
1044 0.0
1044 1.0325908660888672
1044 0.0
1044 0.0
1044 1.0428428649902344
1044 0.0
1044 1.027822494506836
1044 0.0
1044 0.0
1044 1.0120868682861328
1044 0.0
1044 0.0
1044 1.0535717010498047
1044 0.0
1044 0.0
1044 1.012563705444336
1044 0.0
1044 0.0
1044 0.9975433349609375
1044 0.0
1044 0.0
1044 1.049041748046875
1044 0.0
1044 1.0135173797607422
1044 0.0
1044 0.0
1044 0.0
1044 0.0
1044 1.01470947265625
1044 0.0
1044 0.0
1044 1.0216236114501953
1044 0.0
1044 0.0
1044 1.039266586303711
1044 0.0
1044 0.0
1044 1.0068416595458984
1044 0.0
1044 0.0
1044 1.0333061218261719
1044 0.0
1044 0.0
1044 1.0499954223632812
1044 0.0
1044 0.0
1044 1.039266586303711
1044 0.0
1044 0.0
1044 1.0461807250976562
1044 0.0
1044 1.0373592376708984
1044 0.0
1044 1.3959407806396484
1044 0.0
1044 1.0426044464111328
1044 0.0
1044 0.0
1044 1.0433197021484375
1044 0.9958744049072266
1044 1.0991096496582031
1044 0.0
1044 0.9734630584716797
1044 0.0
1044 0.0
1044 0.9987354278564453
1044 1.0318756103515625
1044 0.0
1044 0.0
1044 1.0349750518798828
1044 1.016378402709961
1044 1.0421276092529297
1044 0.9975433349609375
1044 0.018835067749023438
1044 1.0311603546142578
1044 0.0
1044 0.0
1044 0.019311904907226562
1044 1.02996826171875
1044 1.001119613647461
1044 0.0
1044 1.0120868682861328
1044 1.0447502136230469
1044 1.0116100311279297
1044 0.0
1044 0.9989738464355469
1044 0.0
1044 1.0039806365966797
1044 1.0364055633544922
1044 0.0
1044 1.4526844024658203
1044 0.0
1044 1.0275840759277344
1044 1.028299331665039
1044 1.0485649108886719
1044 0.0
1044 1.0256767272949219
1044 0.0
1044 1.035928726196289
1044 0.0
1044 1.0297298431396484
1044 0.0
1044 0.9894371032714844
1044 0.0
1044 1.0824203491210938
1044 1.031637191772461
1044 1.0311603546142578
1044 0.0
1044 1.0383129119873047
1044 1.028299331665039
1044 0.9794235229492188
1044 1.043558120727539
1044 1.0190010070800781
1044 0.9982585906982422
1044 0.0
1044 1.0004043579101562
1044 0.0
1044 1.0004043579101562
1044 0.0
1044 0.9989738464355469
1044 0.0
1044 1.0001659393310547
1044 0.0
1044 1.4417171478271484
1044 0.0
1044 1.0023117065429688
1044 0.9980201721191406
1044 0.0
1044 0.0
1044 0.9996891021728516
1044 1.0001659393310547
1044 0.0
1044 0.99945068359375
1044 0.0
1044 2.399444580078125
1044 0.0
1044 0.9429454803466797
1044 0.0
1044 1.043081283569336
1044 1.0352134704589844
1044 0.0
1044 1.0263919830322266
1044 0.0
1044 1.0204315185546875
1044 0.0
1044 1.032114028930664
1044 0.0
1044 1.027822494506836
1044 0.0
1044 0.0
1044 1.0330677032470703
1044 0.0
1044 1.0259151458740234
1044 0.0
1044 0.0
1044 1.0318756103515625
1044 0.0
1044 1.0495185852050781
1044 0.0
1044 0.0
1044 1.0323524475097656
1044 0.0
1044 0.0
1044 1.0349750518798828
1044 0.0
1044 0.0
1044 1.0383129119873047
1044 0.0
1044 1.031637191772461
1044 0.0
1044 0.0
1044 1.0335445404052734
1044 0.0
1044 0.0
1044 1.1374950408935547
1044 0.0
1044 1.0395050048828125
1044 0.0
1044 0.0
1044 1.0192394256591797
1044 0.0
1044 0.0
1044 1.0418891906738281
1044 0.0
1044 1.0211467742919922
1044 0.0
1044 0.0
1044 0.0
1044 1.0561943054199219
1044 0.0
1044 0.0
1044 0.9858608245849609
1044 0.0
1044 0.0
1044 0.0
1044 0.0
1044 0.9903907775878906
1044 0.0
1044 0.0
1044 1.0135173797607422
1044 0.0
1044 0.0
1044 0.9827613830566406
1044 0.0
1044 1.0209083557128906
1044 0.0
1044 0.0
1044 0.9806156158447266
1044 0.0
1044 0.0
1044 0.9939670562744141
1044 0.0
1044 0.0
1044 1.0113716125488281
1044 0.0
1044 0.9982585906982422
1044 0.0
1044 0.0
1044 0.0
1044 0.9517669677734375
1044 0.0
1044 0.0
1044 1.074075698852539
1044 0.0
1044 0.0
1044 0.9710788726806641
1044 0.0
1044 0.0
1044 1.007080078125
1044 0.0
1044 0.0
1044 1.020193099975586
1044 0.0
1044 0.9853839874267578
1044 0.0
1044 0.0
1044 0.9863376617431641
1044 0.0
1044 1.0113716125488281
1044 0.0
1044 0.0
1044 0.9908676147460938
1044 0.0
1044 0.0
1044 1.0144710540771484
1044 0.0
1044 0.0
1044 0.9822845458984375
1044 0.0
1044 0.0
1044 1.0137557983398438
1044 0.0
1044 0.0
1044 0.9987354278564453
1044 0.0
1044 0.0
1044 0.9908676147460938
1044 0.0
1044 0.0
1044 0.9913444519042969
1044 0.0
1044 0.0
1044 1.0213851928710938
1044 0.0
1044 0.0
1044 0.0
1044 0.0
1044 0.9591579437255859
1044 0.0
1044 0.0
1044 1.0449886322021484
1044 0.0
1044 0.9908676147460938
1044 0.0
1044 0.0
1044 1.0406970977783203
1044 0.0
1044 0.0
1044 1.0068416595458984
1044 0.0
1044 0.0
1044 0.9706020355224609
1044 0.0
1044 0.0
1044 1.0111331939697266
1044 0.0
1044 0.0
1044 0.9908676147460938
1044 0.0
1044 0.0
1044 0.9977817535400391
1044 0.0
1044 0.0
1044 0.0
1044 1.0023117065429688
1044 0.0
1044 0.0
1044 0.9975433349609375
1044 0.0
1044 0.0
1044 0.9808540344238281
1044 0.0
1044 0.0
1044 1.0004043579101562
1044 0.0
1044 1.013040542602539
1044 0.0
1044 0.0
1044 1.0001659393310547
1044 0.0
1044 0.9922981262207031
1044 0.0
1044 0.0
1044 1.0175704956054688
1044 0.0
1044 0.0
1044 0.9822845458984375
1044 0.0
1044 0.9970664978027344
1044 0.0
1044 0.9982585906982422
1044 0.0
1044 0.0
1044 0.0
1044 0.0
1044 1.0018348693847656
1044 0.0
1044 0.0
1044 1.0116100311279297
1044 0.0
1044 0.0
1044 1.0519027709960938
1044 0.0
1044 0.9996891021728516
1044 0.0
1044 0.5626678466796875
1044 0.0
1044 0.0
1044 0.5772113800048828
1044 0.0
1044 0.0
1044 1.0554790496826172
1044 0.0
1044 0.9925365447998047
1044 0.0
1044 1.0013580322265625
1044 0.0
1044 0.9968280792236328
1044 0.0
1044 0.0
1044 1.0142326354980469
1044 0.0
1044 1.0554790496826172
1044 0.0
1044 0.0
1044 1.0139942169189453
1044 0.0
1044 0.0
1044 0.9963512420654297
1044 0.0
1044 0.0
1044 1.0526180267333984
1044 0.0
1044 0.9462833404541016
1044 0.6122589111328125
1044 1.041412353515625
1044 0.0
1044 1.0166168212890625
1044 0.0
1044 1.0287761688232422
1044 1.0192394256591797
1044 0.0
1044 1.0585784912109375
1044 1.0099411010742188
1044 0.0
1044 0.0
1044 0.9832382202148438
1044 0.0
1044 1.0480880737304688
1044 0.0
1044 1.0068416595458984
1044 0.5631446838378906
1044 0.021457672119140625
1044 1.0290145874023438
1044 0.0
1044 1.0139942169189453
1044 1.0356903076171875
1044 0.0
1044 0.9648799896240234
1044 0.0
1044 0.0
1044 1.0478496551513672
1044 1.0097026824951172
1044 0.0
1044 0.0
1044 1.0318756103515625
1044 0.0
1044 1.027822494506836
1044 0.0
1044 0.0
1044 1.0294914245605469
1044 0.0
1044 0.0
1044 1.0221004486083984
1044 0.0
1044 1.0340213775634766
1044 0.0
1044 0.0
1044 0.0
1044 0.9953975677490234
1044 0.0
1044 1.024007797241211
1044 0.0
1044 0.0
1044 1.043081283569336
1044 0.0
1044 0.0
1044 1.0106563568115234
1044 0.0
1044 0.0
1044 1.0378360748291016
1044 0.0
1044 0.0
1044 1.0187625885009766
1044 0.0
1044 0.0
1044 1.0564327239990234
1044 0.0
1044 0.0
1044 1.01470947265625
1044 0.0
1044 1.001119613647461
1044 0.0
1044 0.0
1044 1.043558120727539
1044 0.0
1044 0.0
1044 1.012563705444336
1044 0.0
1044 1.0614395141601562
1044 0.0
1044 0.0
1044 0.9903907775878906
1044 0.0
1044 0.0
1044 1.0454654693603516
1044 0.0
1044 1.03759765625
1044 0.0
1044 0.0
1044 1.0378360748291016
1044 0.0
1044 1.008749008178711
1044 0.0
1044 0.0
1044 1.0378360748291016
1044 0.0
1044 1.016378402709961
1044 0.0
1044 0.0
1044 1.033782958984375
1044 0.0
1044 1.0175704956054688
1044 0.0
1044 0.0
1044 1.0423660278320312
1044 0.0
1044 1.020669937133789
1044 0.0
1044 0.0
1044 1.0535717010498047
1044 0.0
1044 0.0
1044 1.2655258178710938
1044 0.0
1044 1.043081283569336
1044 0.0
1044 0.0
1044 1.0113716125488281
1044 0.0
1044 0.0
1044 1.04522705078125
1044 0.0
1044 1.0259151458740234
1044 0.0
1044 0.0
1044 0.0
1044 1.0418891906738281
1044 0.0
1044 0.9911060333251953
1044 0.0
1044 1.0213851928710938
1044 0.0
1044 0.0
1044 1.035928726196289
1044 0.0
1044 0.0
1044 0.0
1044 1.0249614715576172
1044 0.0
1044 1.0349750518798828
1044 0.0
1044 0.0
1044 1.0180473327636719
1044 0.0
1044 0.0
1044 0.0
1044 1.0356903076171875
1044 0.0
1044 0.0
1044 1.0173320770263672
1044 0.0
1044 1.0342597961425781
1044 0.0
1044 0.0
1044 0.0
1044 1.0063648223876953
1044 0.0
1044 0.0
1044 1.2912750244140625
1044 0.0
1044 0.9939670562744141
1044 0.0
1044 1.0025501251220703
1044 0.0
1044 1.001119613647461
1044 0.0
1044 0.9984970092773438
1044 0.0
1044 1.4004707336425781
1044 0.0
1044 1.0230541229248047
1044 0.0
1044 1.0106563568115234
1044 0.5712509155273438
1044 0.5621910095214844
1044 0.0
1044 0.0
1044 1.0371208190917969
1044 0.0
1044 1.0259151458740234
1044 0.0
1044 0.0
1044 1.0347366333007812
1044 0.0
1044 0.0
1044 0.0
1044 1.0285377502441406
1044 0.0
1044 1.0352134704589844
1044 0.0
1044 0.0
1044 1.0180473327636719
1044 0.0
1044 1.0318756103515625
1044 0.0
1044 0.0
1044 0.9622573852539062
1044 1.0001659393310547
1044 0.0
1044 1.3985633850097656
1044 0.0
1044 0.0
1044 1.0008811950683594
1044 0.9999275207519531
1044 0.0
1044 1.0318756103515625
1044 1.0364055633544922
1044 0.0
1044 1.0247230529785156
1044 0.0
1044 1.0402202606201172
1044 0.9500980377197266
1044 0.0
1044 1.041412353515625
1044 0.0
1044 1.0232925415039062
1044 0.5648136138916016
1044 0.0
1044 0.0
1044 0.5581378936767578
1044 0.0
1044 0.0
1044 1.0476112365722656
1044 0.0
1044 1.0123252868652344
1044 0.0
1044 0.0
1044 1.0235309600830078
1044 0.0
1044 0.9858608245849609
1044 0.0
1044 0.9903907775878906
1044 1.0008811950683594
1044 0.9989738464355469
1044 0.0
